<html>
<head>
<title>TestNG:  Default test</title>
<link href="../testng.css" rel="stylesheet" type="text/css" />
<link href="../my-testng.css" rel="stylesheet" type="text/css" />

<style type="text/css">
.log { display: none;} 
.stack-trace { display: none;} 
</style>
<script type="text/javascript">
<!--
function flip(e) {
  current = e.style.display;
  if (current == 'block') {
    e.style.display = 'none';
    return 0;
  }
  else {
    e.style.display = 'block';
    return 1;
  }
}

function toggleBox(szDivId, elem, msg1, msg2)
{
  var res = -1;  if (document.getElementById) {
    res = flip(document.getElementById(szDivId));
  }
  else if (document.all) {
    // this is the way old msie versions work
    res = flip(document.all[szDivId]);
  }
  if(elem) {
    if(res == 0) elem.innerHTML = msg1; else elem.innerHTML = msg2;
  }

}

function toggleAllBoxes() {
  if (document.getElementsByTagName) {
    d = document.getElementsByTagName('div');
    for (i = 0; i < d.length; i++) {
      if (d[i].className == 'log') {
        flip(d[i]);
      }
    }
  }
}

// -->
</script>

</head>
<body>
<h2 align='center'>Default test</h2><table border='1' align="center">
<tr>
<td>Tests passed/Failed/Skipped:</td><td>146/23/0</td>
</tr><tr>
<td>Started on:</td><td>Fri Dec 27 16:16:52 IST 2024</td>
</tr>
<tr><td>Total time:</td><td>1932 seconds (1932133 ms)</td>
</tr><tr>
<td>Included groups:</td><td></td>
</tr><tr>
<td>Excluded groups:</td><td></td>
</tr>
</table><p/>
<small><i>(Hover the method name to see the test class name)</i></small><p/>
<table width='100%' border='1' class='invocation-failed'>
<tr><td colspan='4' align='center'><b>FAILED TESTS</b></td></tr>
<tr><td><b>Test method</b></td>
<td width="30%"><b>Exception</b></td>
<td width="10%"><b>Time (seconds)</b></td>
<td><b>Instance</b></td>
</tr>
<tr>
<td title='executionClasses.FormTest.test()'><b>test</b><br>Test class: executionClasses.FormTest<br>Parameters: Harry, , abc@gmail.com, Male, 987456321, Accounting, TRUE, TRUE, TRUE, ./File//image2.png, bhimavaram, Haryana, Panipat, yes</td>
<td><div><pre>java.lang.AssertionError: mobile number is Mandatory expected [rgb(40, 167, 69)] but found [rgb(220, 53, 69)]
	at org.testng.Assert.fail(Assert.java:99)
	at org.testng.Assert.failNotEquals(Assert.java:1037)
	at org.testng.Assert.assertEqualsImpl(Assert.java:140)
	at org.testng.Assert.assertEquals(Assert.java:122)
	at org.testng.Assert.assertEquals(Assert.java:629)
	at utils.TestNGHelpers.validateUsingAsserts(TestNGHelpers.java:36)
	at executionClasses.FormTest.test(FormTest.java:42)
	at jdk.internal.reflect.GeneratedMethodAccessor13.invoke(Unknown Source)
	at java.base/jdk.internal.reflect.DelegatingMethodAccessorImpl.invoke(DelegatingMethodAccessorImpl.java:43)
	at java.base/java.lang.reflect.Method.invoke(Method.java:568)
	at org.testng.internal.MethodInvocationHelper.invokeMethod(MethodInvocationHelper.java:133)
	at org.testng.internal.TestInvoker.invokeMethod(TestInvoker.java:598)
	at org.testng.internal.TestInvoker.invokeTestMethod(TestInvoker.java:173)
	at org.testng.internal.MethodRunner.runInSequence(MethodRunner.java:46)
	at org.testng.internal.TestInvoker$MethodInvocationAgent.invoke(TestInvoker.java:824)
	at org.testng.internal.TestInvoker.invokeTestMethods(TestInvoker.java:146)
	at org.testng.internal.TestMethodWorker.invokeTestMethods(TestMethodWorker.java:146)
	at org.testng.internal.TestMethodWorker.run(TestMethodWorker.java:128)
	at java.base/java.util.ArrayList.forEach(ArrayList.java:1511)
	at org.testng.TestRunner.privateRun(TestRunner.java:794)
	at org.testng.TestRunner.run(TestRunner.java:596)
	at org.testng.SuiteRunner.runTest(SuiteRunner.java:377)
	at org.testng.SuiteRunner.runSequentially(SuiteRunner.java:371)
	at org.testng.SuiteRunner.privateRun(SuiteRunner.java:332)
	at org.testng.SuiteRunner.run(SuiteRunner.java:276)
	at org.testng.SuiteRunnerWorker.runSuite(SuiteRunnerWorker.java:53)
	at org.testng.SuiteRunnerWorker.run(SuiteRunnerWorker.java:96)
	at org.testng.TestNG.runSuitesSequentially(TestNG.java:1212)
	at org.testng.TestNG.runSuitesLocally(TestNG.java:1134)
	at org.testng.TestNG.runSuites(TestNG.java:1063)
	at org.testng.TestNG.run(TestNG.java:1031)
	at org.testng.remote.AbstractRemoteTestNG.run(AbstractRemoteTestNG.java:115)
	at org.testng.remote.RemoteTestNG.initAndRun(RemoteTestNG.java:293)
	at org.testng.remote.RemoteTestNG.main(RemoteTestNG.java:91)
</pre></div><a href='#' onClick='toggleBox("stack-trace1851917602", this, "Click to show all stack frames", "Click to hide stack frames")'>Click to show all stack frames</a>
<div class='stack-trace' id='stack-trace1851917602'><pre>java.lang.AssertionError: mobile number is Mandatory expected [rgb(40, 167, 69)] but found [rgb(220, 53, 69)]
	at org.testng.Assert.fail(Assert.java:99)
	at org.testng.Assert.failNotEquals(Assert.java:1037)
	at org.testng.Assert.assertEqualsImpl(Assert.java:140)
	at org.testng.Assert.assertEquals(Assert.java:122)
	at org.testng.Assert.assertEquals(Assert.java:629)
	at utils.TestNGHelpers.validateUsingAsserts(TestNGHelpers.java:36)
	at executionClasses.FormTest.test(FormTest.java:42)
	at jdk.internal.reflect.GeneratedMethodAccessor13.invoke(Unknown Source)
	at java.base/jdk.internal.reflect.DelegatingMethodAccessorImpl.invoke(DelegatingMethodAccessorImpl.java:43)
	at java.base/java.lang.reflect.Method.invoke(Method.java:568)
	at org.testng.internal.MethodInvocationHelper.invokeMethod(MethodInvocationHelper.java:133)
	at org.testng.internal.TestInvoker.invokeMethod(TestInvoker.java:598)
	at org.testng.internal.TestInvoker.invokeTestMethod(TestInvoker.java:173)
	at org.testng.internal.MethodRunner.runInSequence(MethodRunner.java:46)
	at org.testng.internal.TestInvoker$MethodInvocationAgent.invoke(TestInvoker.java:824)
	at org.testng.internal.TestInvoker.invokeTestMethods(TestInvoker.java:146)
	at org.testng.internal.TestMethodWorker.invokeTestMethods(TestMethodWorker.java:146)
	at org.testng.internal.TestMethodWorker.run(TestMethodWorker.java:128)
	at java.base/java.util.ArrayList.forEach(ArrayList.java:1511)
	at org.testng.TestRunner.privateRun(TestRunner.java:794)
	at org.testng.TestRunner.run(TestRunner.java:596)
	at org.testng.SuiteRunner.runTest(SuiteRunner.java:377)
	at org.testng.SuiteRunner.runSequentially(SuiteRunner.java:371)
	at org.testng.SuiteRunner.privateRun(SuiteRunner.java:332)
	at org.testng.SuiteRunner.run(SuiteRunner.java:276)
	at org.testng.SuiteRunnerWorker.runSuite(SuiteRunnerWorker.java:53)
	at org.testng.SuiteRunnerWorker.run(SuiteRunnerWorker.java:96)
	at org.testng.TestNG.runSuitesSequentially(TestNG.java:1212)
	at org.testng.TestNG.runSuitesLocally(TestNG.java:1134)
	at org.testng.TestNG.runSuites(TestNG.java:1063)
	at org.testng.TestNG.run(TestNG.java:1031)
	at org.testng.remote.AbstractRemoteTestNG.run(AbstractRemoteTestNG.java:115)
	at org.testng.remote.RemoteTestNG.initAndRun(RemoteTestNG.java:293)
	at org.testng.remote.RemoteTestNG.main(RemoteTestNG.java:91)
</pre></div></td>
<td>6</td>
<td>executionClasses.FormTest@5fdcaa40</td></tr>
<tr>
<td title='executionClasses.FormTest.test()'><b>test</b><br>Test class: executionClasses.FormTest<br>Parameters: Harry, Potter, abc@gmail.com, Female, 987456321, Physics, TRUE, TRUE, TRUE, ./File//image2.png, , Haryana, Panipat, yes</td>
<td><div><pre>java.lang.AssertionError: mobile number is Mandatory expected [rgb(40, 167, 69)] but found [rgb(220, 53, 69)]
	at org.testng.Assert.fail(Assert.java:99)
	at org.testng.Assert.failNotEquals(Assert.java:1037)
	at org.testng.Assert.assertEqualsImpl(Assert.java:140)
	at org.testng.Assert.assertEquals(Assert.java:122)
	at org.testng.Assert.assertEquals(Assert.java:629)
	at utils.TestNGHelpers.validateUsingAsserts(TestNGHelpers.java:36)
	at executionClasses.FormTest.test(FormTest.java:42)
	at jdk.internal.reflect.GeneratedMethodAccessor13.invoke(Unknown Source)
	at java.base/jdk.internal.reflect.DelegatingMethodAccessorImpl.invoke(DelegatingMethodAccessorImpl.java:43)
	at java.base/java.lang.reflect.Method.invoke(Method.java:568)
	at org.testng.internal.MethodInvocationHelper.invokeMethod(MethodInvocationHelper.java:133)
	at org.testng.internal.TestInvoker.invokeMethod(TestInvoker.java:598)
	at org.testng.internal.TestInvoker.invokeTestMethod(TestInvoker.java:173)
	at org.testng.internal.MethodRunner.runInSequence(MethodRunner.java:46)
	at org.testng.internal.TestInvoker$MethodInvocationAgent.invoke(TestInvoker.java:824)
	at org.testng.internal.TestInvoker.invokeTestMethods(TestInvoker.java:146)
	at org.testng.internal.TestMethodWorker.invokeTestMethods(TestMethodWorker.java:146)
	at org.testng.internal.TestMethodWorker.run(TestMethodWorker.java:128)
	at java.base/java.util.ArrayList.forEach(ArrayList.java:1511)
	at org.testng.TestRunner.privateRun(TestRunner.java:794)
	at org.testng.TestRunner.run(TestRunner.java:596)
	at org.testng.SuiteRunner.runTest(SuiteRunner.java:377)
	at org.testng.SuiteRunner.runSequentially(SuiteRunner.java:371)
	at org.testng.SuiteRunner.privateRun(SuiteRunner.java:332)
	at org.testng.SuiteRunner.run(SuiteRunner.java:276)
	at org.testng.SuiteRunnerWorker.runSuite(SuiteRunnerWorker.java:53)
	at org.testng.SuiteRunnerWorker.run(SuiteRunnerWorker.java:96)
	at org.testng.TestNG.runSuitesSequentially(TestNG.java:1212)
	at org.testng.TestNG.runSuitesLocally(TestNG.java:1134)
	at org.testng.TestNG.runSuites(TestNG.java:1063)
	at org.testng.TestNG.run(TestNG.java:1031)
	at org.testng.remote.AbstractRemoteTestNG.run(AbstractRemoteTestNG.java:115)
	at org.testng.remote.RemoteTestNG.initAndRun(RemoteTestNG.java:293)
	at org.testng.remote.RemoteTestNG.main(RemoteTestNG.java:91)
</pre></div><a href='#' onClick='toggleBox("stack-trace1406651926", this, "Click to show all stack frames", "Click to hide stack frames")'>Click to show all stack frames</a>
<div class='stack-trace' id='stack-trace1406651926'><pre>java.lang.AssertionError: mobile number is Mandatory expected [rgb(40, 167, 69)] but found [rgb(220, 53, 69)]
	at org.testng.Assert.fail(Assert.java:99)
	at org.testng.Assert.failNotEquals(Assert.java:1037)
	at org.testng.Assert.assertEqualsImpl(Assert.java:140)
	at org.testng.Assert.assertEquals(Assert.java:122)
	at org.testng.Assert.assertEquals(Assert.java:629)
	at utils.TestNGHelpers.validateUsingAsserts(TestNGHelpers.java:36)
	at executionClasses.FormTest.test(FormTest.java:42)
	at jdk.internal.reflect.GeneratedMethodAccessor13.invoke(Unknown Source)
	at java.base/jdk.internal.reflect.DelegatingMethodAccessorImpl.invoke(DelegatingMethodAccessorImpl.java:43)
	at java.base/java.lang.reflect.Method.invoke(Method.java:568)
	at org.testng.internal.MethodInvocationHelper.invokeMethod(MethodInvocationHelper.java:133)
	at org.testng.internal.TestInvoker.invokeMethod(TestInvoker.java:598)
	at org.testng.internal.TestInvoker.invokeTestMethod(TestInvoker.java:173)
	at org.testng.internal.MethodRunner.runInSequence(MethodRunner.java:46)
	at org.testng.internal.TestInvoker$MethodInvocationAgent.invoke(TestInvoker.java:824)
	at org.testng.internal.TestInvoker.invokeTestMethods(TestInvoker.java:146)
	at org.testng.internal.TestMethodWorker.invokeTestMethods(TestMethodWorker.java:146)
	at org.testng.internal.TestMethodWorker.run(TestMethodWorker.java:128)
	at java.base/java.util.ArrayList.forEach(ArrayList.java:1511)
	at org.testng.TestRunner.privateRun(TestRunner.java:794)
	at org.testng.TestRunner.run(TestRunner.java:596)
	at org.testng.SuiteRunner.runTest(SuiteRunner.java:377)
	at org.testng.SuiteRunner.runSequentially(SuiteRunner.java:371)
	at org.testng.SuiteRunner.privateRun(SuiteRunner.java:332)
	at org.testng.SuiteRunner.run(SuiteRunner.java:276)
	at org.testng.SuiteRunnerWorker.runSuite(SuiteRunnerWorker.java:53)
	at org.testng.SuiteRunnerWorker.run(SuiteRunnerWorker.java:96)
	at org.testng.TestNG.runSuitesSequentially(TestNG.java:1212)
	at org.testng.TestNG.runSuitesLocally(TestNG.java:1134)
	at org.testng.TestNG.runSuites(TestNG.java:1063)
	at org.testng.TestNG.run(TestNG.java:1031)
	at org.testng.remote.AbstractRemoteTestNG.run(AbstractRemoteTestNG.java:115)
	at org.testng.remote.RemoteTestNG.initAndRun(RemoteTestNG.java:293)
	at org.testng.remote.RemoteTestNG.main(RemoteTestNG.java:91)
</pre></div></td>
<td>7</td>
<td>executionClasses.FormTest@5fdcaa40</td></tr>
<tr>
<td title='executionClasses.FormTest.test()'><b>test</b><br>Test class: executionClasses.FormTest<br>Parameters: Harry, Potter, abc@gmail.com, Female, 987456321, Accounting, , TRUE, TRUE, ./File//image2.png, bhimavaram, Haryana, Panipat, yes</td>
<td><div><pre>java.lang.AssertionError: mobile number is Mandatory expected [rgb(40, 167, 69)] but found [rgb(220, 53, 69)]
	at org.testng.Assert.fail(Assert.java:99)
	at org.testng.Assert.failNotEquals(Assert.java:1037)
	at org.testng.Assert.assertEqualsImpl(Assert.java:140)
	at org.testng.Assert.assertEquals(Assert.java:122)
	at org.testng.Assert.assertEquals(Assert.java:629)
	at utils.TestNGHelpers.validateUsingAsserts(TestNGHelpers.java:36)
	at executionClasses.FormTest.test(FormTest.java:42)
	at jdk.internal.reflect.GeneratedMethodAccessor13.invoke(Unknown Source)
	at java.base/jdk.internal.reflect.DelegatingMethodAccessorImpl.invoke(DelegatingMethodAccessorImpl.java:43)
	at java.base/java.lang.reflect.Method.invoke(Method.java:568)
	at org.testng.internal.MethodInvocationHelper.invokeMethod(MethodInvocationHelper.java:133)
	at org.testng.internal.TestInvoker.invokeMethod(TestInvoker.java:598)
	at org.testng.internal.TestInvoker.invokeTestMethod(TestInvoker.java:173)
	at org.testng.internal.MethodRunner.runInSequence(MethodRunner.java:46)
	at org.testng.internal.TestInvoker$MethodInvocationAgent.invoke(TestInvoker.java:824)
	at org.testng.internal.TestInvoker.invokeTestMethods(TestInvoker.java:146)
	at org.testng.internal.TestMethodWorker.invokeTestMethods(TestMethodWorker.java:146)
	at org.testng.internal.TestMethodWorker.run(TestMethodWorker.java:128)
	at java.base/java.util.ArrayList.forEach(ArrayList.java:1511)
	at org.testng.TestRunner.privateRun(TestRunner.java:794)
	at org.testng.TestRunner.run(TestRunner.java:596)
	at org.testng.SuiteRunner.runTest(SuiteRunner.java:377)
	at org.testng.SuiteRunner.runSequentially(SuiteRunner.java:371)
	at org.testng.SuiteRunner.privateRun(SuiteRunner.java:332)
	at org.testng.SuiteRunner.run(SuiteRunner.java:276)
	at org.testng.SuiteRunnerWorker.runSuite(SuiteRunnerWorker.java:53)
	at org.testng.SuiteRunnerWorker.run(SuiteRunnerWorker.java:96)
	at org.testng.TestNG.runSuitesSequentially(TestNG.java:1212)
	at org.testng.TestNG.runSuitesLocally(TestNG.java:1134)
	at org.testng.TestNG.runSuites(TestNG.java:1063)
	at org.testng.TestNG.run(TestNG.java:1031)
	at org.testng.remote.AbstractRemoteTestNG.run(AbstractRemoteTestNG.java:115)
	at org.testng.remote.RemoteTestNG.initAndRun(RemoteTestNG.java:293)
	at org.testng.remote.RemoteTestNG.main(RemoteTestNG.java:91)
</pre></div><a href='#' onClick='toggleBox("stack-trace272239864", this, "Click to show all stack frames", "Click to hide stack frames")'>Click to show all stack frames</a>
<div class='stack-trace' id='stack-trace272239864'><pre>java.lang.AssertionError: mobile number is Mandatory expected [rgb(40, 167, 69)] but found [rgb(220, 53, 69)]
	at org.testng.Assert.fail(Assert.java:99)
	at org.testng.Assert.failNotEquals(Assert.java:1037)
	at org.testng.Assert.assertEqualsImpl(Assert.java:140)
	at org.testng.Assert.assertEquals(Assert.java:122)
	at org.testng.Assert.assertEquals(Assert.java:629)
	at utils.TestNGHelpers.validateUsingAsserts(TestNGHelpers.java:36)
	at executionClasses.FormTest.test(FormTest.java:42)
	at jdk.internal.reflect.GeneratedMethodAccessor13.invoke(Unknown Source)
	at java.base/jdk.internal.reflect.DelegatingMethodAccessorImpl.invoke(DelegatingMethodAccessorImpl.java:43)
	at java.base/java.lang.reflect.Method.invoke(Method.java:568)
	at org.testng.internal.MethodInvocationHelper.invokeMethod(MethodInvocationHelper.java:133)
	at org.testng.internal.TestInvoker.invokeMethod(TestInvoker.java:598)
	at org.testng.internal.TestInvoker.invokeTestMethod(TestInvoker.java:173)
	at org.testng.internal.MethodRunner.runInSequence(MethodRunner.java:46)
	at org.testng.internal.TestInvoker$MethodInvocationAgent.invoke(TestInvoker.java:824)
	at org.testng.internal.TestInvoker.invokeTestMethods(TestInvoker.java:146)
	at org.testng.internal.TestMethodWorker.invokeTestMethods(TestMethodWorker.java:146)
	at org.testng.internal.TestMethodWorker.run(TestMethodWorker.java:128)
	at java.base/java.util.ArrayList.forEach(ArrayList.java:1511)
	at org.testng.TestRunner.privateRun(TestRunner.java:794)
	at org.testng.TestRunner.run(TestRunner.java:596)
	at org.testng.SuiteRunner.runTest(SuiteRunner.java:377)
	at org.testng.SuiteRunner.runSequentially(SuiteRunner.java:371)
	at org.testng.SuiteRunner.privateRun(SuiteRunner.java:332)
	at org.testng.SuiteRunner.run(SuiteRunner.java:276)
	at org.testng.SuiteRunnerWorker.runSuite(SuiteRunnerWorker.java:53)
	at org.testng.SuiteRunnerWorker.run(SuiteRunnerWorker.java:96)
	at org.testng.TestNG.runSuitesSequentially(TestNG.java:1212)
	at org.testng.TestNG.runSuitesLocally(TestNG.java:1134)
	at org.testng.TestNG.runSuites(TestNG.java:1063)
	at org.testng.TestNG.run(TestNG.java:1031)
	at org.testng.remote.AbstractRemoteTestNG.run(AbstractRemoteTestNG.java:115)
	at org.testng.remote.RemoteTestNG.initAndRun(RemoteTestNG.java:293)
	at org.testng.remote.RemoteTestNG.main(RemoteTestNG.java:91)
</pre></div></td>
<td>6</td>
<td>executionClasses.FormTest@5fdcaa40</td></tr>
<tr>
<td title='executionClasses.FormTest.test()'><b>test</b><br>Test class: executionClasses.FormTest<br>Parameters: , , abc@, Male, 987456321, Accounting, TRUE, TRUE, TRUE, ./File//image2.png, bhimavaram, Haryana, Panipat, yes</td>
<td><div><pre>java.lang.AssertionError: mobile number is Mandatory expected [rgb(40, 167, 69)] but found [rgb(220, 53, 69)]
	at org.testng.Assert.fail(Assert.java:99)
	at org.testng.Assert.failNotEquals(Assert.java:1037)
	at org.testng.Assert.assertEqualsImpl(Assert.java:140)
	at org.testng.Assert.assertEquals(Assert.java:122)
	at org.testng.Assert.assertEquals(Assert.java:629)
	at utils.TestNGHelpers.validateUsingAsserts(TestNGHelpers.java:36)
	at executionClasses.FormTest.test(FormTest.java:42)
	at jdk.internal.reflect.GeneratedMethodAccessor13.invoke(Unknown Source)
	at java.base/jdk.internal.reflect.DelegatingMethodAccessorImpl.invoke(DelegatingMethodAccessorImpl.java:43)
	at java.base/java.lang.reflect.Method.invoke(Method.java:568)
	at org.testng.internal.MethodInvocationHelper.invokeMethod(MethodInvocationHelper.java:133)
	at org.testng.internal.TestInvoker.invokeMethod(TestInvoker.java:598)
	at org.testng.internal.TestInvoker.invokeTestMethod(TestInvoker.java:173)
	at org.testng.internal.MethodRunner.runInSequence(MethodRunner.java:46)
	at org.testng.internal.TestInvoker$MethodInvocationAgent.invoke(TestInvoker.java:824)
	at org.testng.internal.TestInvoker.invokeTestMethods(TestInvoker.java:146)
	at org.testng.internal.TestMethodWorker.invokeTestMethods(TestMethodWorker.java:146)
	at org.testng.internal.TestMethodWorker.run(TestMethodWorker.java:128)
	at java.base/java.util.ArrayList.forEach(ArrayList.java:1511)
	at org.testng.TestRunner.privateRun(TestRunner.java:794)
	at org.testng.TestRunner.run(TestRunner.java:596)
	at org.testng.SuiteRunner.runTest(SuiteRunner.java:377)
	at org.testng.SuiteRunner.runSequentially(SuiteRunner.java:371)
	at org.testng.SuiteRunner.privateRun(SuiteRunner.java:332)
	at org.testng.SuiteRunner.run(SuiteRunner.java:276)
	at org.testng.SuiteRunnerWorker.runSuite(SuiteRunnerWorker.java:53)
	at org.testng.SuiteRunnerWorker.run(SuiteRunnerWorker.java:96)
	at org.testng.TestNG.runSuitesSequentially(TestNG.java:1212)
	at org.testng.TestNG.runSuitesLocally(TestNG.java:1134)
	at org.testng.TestNG.runSuites(TestNG.java:1063)
	at org.testng.TestNG.run(TestNG.java:1031)
	at org.testng.remote.AbstractRemoteTestNG.run(AbstractRemoteTestNG.java:115)
	at org.testng.remote.RemoteTestNG.initAndRun(RemoteTestNG.java:293)
	at org.testng.remote.RemoteTestNG.main(RemoteTestNG.java:91)
</pre></div><a href='#' onClick='toggleBox("stack-trace95134735", this, "Click to show all stack frames", "Click to hide stack frames")'>Click to show all stack frames</a>
<div class='stack-trace' id='stack-trace95134735'><pre>java.lang.AssertionError: mobile number is Mandatory expected [rgb(40, 167, 69)] but found [rgb(220, 53, 69)]
	at org.testng.Assert.fail(Assert.java:99)
	at org.testng.Assert.failNotEquals(Assert.java:1037)
	at org.testng.Assert.assertEqualsImpl(Assert.java:140)
	at org.testng.Assert.assertEquals(Assert.java:122)
	at org.testng.Assert.assertEquals(Assert.java:629)
	at utils.TestNGHelpers.validateUsingAsserts(TestNGHelpers.java:36)
	at executionClasses.FormTest.test(FormTest.java:42)
	at jdk.internal.reflect.GeneratedMethodAccessor13.invoke(Unknown Source)
	at java.base/jdk.internal.reflect.DelegatingMethodAccessorImpl.invoke(DelegatingMethodAccessorImpl.java:43)
	at java.base/java.lang.reflect.Method.invoke(Method.java:568)
	at org.testng.internal.MethodInvocationHelper.invokeMethod(MethodInvocationHelper.java:133)
	at org.testng.internal.TestInvoker.invokeMethod(TestInvoker.java:598)
	at org.testng.internal.TestInvoker.invokeTestMethod(TestInvoker.java:173)
	at org.testng.internal.MethodRunner.runInSequence(MethodRunner.java:46)
	at org.testng.internal.TestInvoker$MethodInvocationAgent.invoke(TestInvoker.java:824)
	at org.testng.internal.TestInvoker.invokeTestMethods(TestInvoker.java:146)
	at org.testng.internal.TestMethodWorker.invokeTestMethods(TestMethodWorker.java:146)
	at org.testng.internal.TestMethodWorker.run(TestMethodWorker.java:128)
	at java.base/java.util.ArrayList.forEach(ArrayList.java:1511)
	at org.testng.TestRunner.privateRun(TestRunner.java:794)
	at org.testng.TestRunner.run(TestRunner.java:596)
	at org.testng.SuiteRunner.runTest(SuiteRunner.java:377)
	at org.testng.SuiteRunner.runSequentially(SuiteRunner.java:371)
	at org.testng.SuiteRunner.privateRun(SuiteRunner.java:332)
	at org.testng.SuiteRunner.run(SuiteRunner.java:276)
	at org.testng.SuiteRunnerWorker.runSuite(SuiteRunnerWorker.java:53)
	at org.testng.SuiteRunnerWorker.run(SuiteRunnerWorker.java:96)
	at org.testng.TestNG.runSuitesSequentially(TestNG.java:1212)
	at org.testng.TestNG.runSuitesLocally(TestNG.java:1134)
	at org.testng.TestNG.runSuites(TestNG.java:1063)
	at org.testng.TestNG.run(TestNG.java:1031)
	at org.testng.remote.AbstractRemoteTestNG.run(AbstractRemoteTestNG.java:115)
	at org.testng.remote.RemoteTestNG.initAndRun(RemoteTestNG.java:293)
	at org.testng.remote.RemoteTestNG.main(RemoteTestNG.java:91)
</pre></div></td>
<td>6</td>
<td>executionClasses.FormTest@5fdcaa40</td></tr>
<tr>
<td title='executionClasses.FormTest.test()'><b>test</b><br>Test class: executionClasses.FormTest<br>Parameters: Harry, Potter, abc@gmail.com, Male, 987456321, Accounting, TRUE, TRUE, TRUE, ./File//image2.png, bhimavaram, Haryana, Panipat, yes</td>
<td><div><pre>java.lang.AssertionError: mobile number is Mandatory expected [rgb(40, 167, 69)] but found [rgb(220, 53, 69)]
	at org.testng.Assert.fail(Assert.java:99)
	at org.testng.Assert.failNotEquals(Assert.java:1037)
	at org.testng.Assert.assertEqualsImpl(Assert.java:140)
	at org.testng.Assert.assertEquals(Assert.java:122)
	at org.testng.Assert.assertEquals(Assert.java:629)
	at utils.TestNGHelpers.validateUsingAsserts(TestNGHelpers.java:36)
	at executionClasses.FormTest.test(FormTest.java:42)
	at jdk.internal.reflect.GeneratedMethodAccessor13.invoke(Unknown Source)
	at java.base/jdk.internal.reflect.DelegatingMethodAccessorImpl.invoke(DelegatingMethodAccessorImpl.java:43)
	at java.base/java.lang.reflect.Method.invoke(Method.java:568)
	at org.testng.internal.MethodInvocationHelper.invokeMethod(MethodInvocationHelper.java:133)
	at org.testng.internal.TestInvoker.invokeMethod(TestInvoker.java:598)
	at org.testng.internal.TestInvoker.invokeTestMethod(TestInvoker.java:173)
	at org.testng.internal.MethodRunner.runInSequence(MethodRunner.java:46)
	at org.testng.internal.TestInvoker$MethodInvocationAgent.invoke(TestInvoker.java:824)
	at org.testng.internal.TestInvoker.invokeTestMethods(TestInvoker.java:146)
	at org.testng.internal.TestMethodWorker.invokeTestMethods(TestMethodWorker.java:146)
	at org.testng.internal.TestMethodWorker.run(TestMethodWorker.java:128)
	at java.base/java.util.ArrayList.forEach(ArrayList.java:1511)
	at org.testng.TestRunner.privateRun(TestRunner.java:794)
	at org.testng.TestRunner.run(TestRunner.java:596)
	at org.testng.SuiteRunner.runTest(SuiteRunner.java:377)
	at org.testng.SuiteRunner.runSequentially(SuiteRunner.java:371)
	at org.testng.SuiteRunner.privateRun(SuiteRunner.java:332)
	at org.testng.SuiteRunner.run(SuiteRunner.java:276)
	at org.testng.SuiteRunnerWorker.runSuite(SuiteRunnerWorker.java:53)
	at org.testng.SuiteRunnerWorker.run(SuiteRunnerWorker.java:96)
	at org.testng.TestNG.runSuitesSequentially(TestNG.java:1212)
	at org.testng.TestNG.runSuitesLocally(TestNG.java:1134)
	at org.testng.TestNG.runSuites(TestNG.java:1063)
	at org.testng.TestNG.run(TestNG.java:1031)
	at org.testng.remote.AbstractRemoteTestNG.run(AbstractRemoteTestNG.java:115)
	at org.testng.remote.RemoteTestNG.initAndRun(RemoteTestNG.java:293)
	at org.testng.remote.RemoteTestNG.main(RemoteTestNG.java:91)
</pre></div><a href='#' onClick='toggleBox("stack-trace570785664", this, "Click to show all stack frames", "Click to hide stack frames")'>Click to show all stack frames</a>
<div class='stack-trace' id='stack-trace570785664'><pre>java.lang.AssertionError: mobile number is Mandatory expected [rgb(40, 167, 69)] but found [rgb(220, 53, 69)]
	at org.testng.Assert.fail(Assert.java:99)
	at org.testng.Assert.failNotEquals(Assert.java:1037)
	at org.testng.Assert.assertEqualsImpl(Assert.java:140)
	at org.testng.Assert.assertEquals(Assert.java:122)
	at org.testng.Assert.assertEquals(Assert.java:629)
	at utils.TestNGHelpers.validateUsingAsserts(TestNGHelpers.java:36)
	at executionClasses.FormTest.test(FormTest.java:42)
	at jdk.internal.reflect.GeneratedMethodAccessor13.invoke(Unknown Source)
	at java.base/jdk.internal.reflect.DelegatingMethodAccessorImpl.invoke(DelegatingMethodAccessorImpl.java:43)
	at java.base/java.lang.reflect.Method.invoke(Method.java:568)
	at org.testng.internal.MethodInvocationHelper.invokeMethod(MethodInvocationHelper.java:133)
	at org.testng.internal.TestInvoker.invokeMethod(TestInvoker.java:598)
	at org.testng.internal.TestInvoker.invokeTestMethod(TestInvoker.java:173)
	at org.testng.internal.MethodRunner.runInSequence(MethodRunner.java:46)
	at org.testng.internal.TestInvoker$MethodInvocationAgent.invoke(TestInvoker.java:824)
	at org.testng.internal.TestInvoker.invokeTestMethods(TestInvoker.java:146)
	at org.testng.internal.TestMethodWorker.invokeTestMethods(TestMethodWorker.java:146)
	at org.testng.internal.TestMethodWorker.run(TestMethodWorker.java:128)
	at java.base/java.util.ArrayList.forEach(ArrayList.java:1511)
	at org.testng.TestRunner.privateRun(TestRunner.java:794)
	at org.testng.TestRunner.run(TestRunner.java:596)
	at org.testng.SuiteRunner.runTest(SuiteRunner.java:377)
	at org.testng.SuiteRunner.runSequentially(SuiteRunner.java:371)
	at org.testng.SuiteRunner.privateRun(SuiteRunner.java:332)
	at org.testng.SuiteRunner.run(SuiteRunner.java:276)
	at org.testng.SuiteRunnerWorker.runSuite(SuiteRunnerWorker.java:53)
	at org.testng.SuiteRunnerWorker.run(SuiteRunnerWorker.java:96)
	at org.testng.TestNG.runSuitesSequentially(TestNG.java:1212)
	at org.testng.TestNG.runSuitesLocally(TestNG.java:1134)
	at org.testng.TestNG.runSuites(TestNG.java:1063)
	at org.testng.TestNG.run(TestNG.java:1031)
	at org.testng.remote.AbstractRemoteTestNG.run(AbstractRemoteTestNG.java:115)
	at org.testng.remote.RemoteTestNG.initAndRun(RemoteTestNG.java:293)
	at org.testng.remote.RemoteTestNG.main(RemoteTestNG.java:91)
</pre></div></td>
<td>6</td>
<td>executionClasses.FormTest@5fdcaa40</td></tr>
<tr>
<td title='executionClasses.FormTest.test()'><b>test</b><br>Test class: executionClasses.FormTest<br>Parameters: Harry, Potter, abc@, Male, 987456321, , TRUE, TRUE, TRUE, ./File//image2.png, bhimavaram, Haryana, Panipat, yes</td>
<td><div><pre>java.lang.AssertionError: mobile number is Mandatory expected [rgb(40, 167, 69)] but found [rgb(220, 53, 69)]
	at org.testng.Assert.fail(Assert.java:99)
	at org.testng.Assert.failNotEquals(Assert.java:1037)
	at org.testng.Assert.assertEqualsImpl(Assert.java:140)
	at org.testng.Assert.assertEquals(Assert.java:122)
	at org.testng.Assert.assertEquals(Assert.java:629)
	at utils.TestNGHelpers.validateUsingAsserts(TestNGHelpers.java:36)
	at executionClasses.FormTest.test(FormTest.java:42)
	at jdk.internal.reflect.GeneratedMethodAccessor13.invoke(Unknown Source)
	at java.base/jdk.internal.reflect.DelegatingMethodAccessorImpl.invoke(DelegatingMethodAccessorImpl.java:43)
	at java.base/java.lang.reflect.Method.invoke(Method.java:568)
	at org.testng.internal.MethodInvocationHelper.invokeMethod(MethodInvocationHelper.java:133)
	at org.testng.internal.TestInvoker.invokeMethod(TestInvoker.java:598)
	at org.testng.internal.TestInvoker.invokeTestMethod(TestInvoker.java:173)
	at org.testng.internal.MethodRunner.runInSequence(MethodRunner.java:46)
	at org.testng.internal.TestInvoker$MethodInvocationAgent.invoke(TestInvoker.java:824)
	at org.testng.internal.TestInvoker.invokeTestMethods(TestInvoker.java:146)
	at org.testng.internal.TestMethodWorker.invokeTestMethods(TestMethodWorker.java:146)
	at org.testng.internal.TestMethodWorker.run(TestMethodWorker.java:128)
	at java.base/java.util.ArrayList.forEach(ArrayList.java:1511)
	at org.testng.TestRunner.privateRun(TestRunner.java:794)
	at org.testng.TestRunner.run(TestRunner.java:596)
	at org.testng.SuiteRunner.runTest(SuiteRunner.java:377)
	at org.testng.SuiteRunner.runSequentially(SuiteRunner.java:371)
	at org.testng.SuiteRunner.privateRun(SuiteRunner.java:332)
	at org.testng.SuiteRunner.run(SuiteRunner.java:276)
	at org.testng.SuiteRunnerWorker.runSuite(SuiteRunnerWorker.java:53)
	at org.testng.SuiteRunnerWorker.run(SuiteRunnerWorker.java:96)
	at org.testng.TestNG.runSuitesSequentially(TestNG.java:1212)
	at org.testng.TestNG.runSuitesLocally(TestNG.java:1134)
	at org.testng.TestNG.runSuites(TestNG.java:1063)
	at org.testng.TestNG.run(TestNG.java:1031)
	at org.testng.remote.AbstractRemoteTestNG.run(AbstractRemoteTestNG.java:115)
	at org.testng.remote.RemoteTestNG.initAndRun(RemoteTestNG.java:293)
	at org.testng.remote.RemoteTestNG.main(RemoteTestNG.java:91)
</pre></div><a href='#' onClick='toggleBox("stack-trace1979657593", this, "Click to show all stack frames", "Click to hide stack frames")'>Click to show all stack frames</a>
<div class='stack-trace' id='stack-trace1979657593'><pre>java.lang.AssertionError: mobile number is Mandatory expected [rgb(40, 167, 69)] but found [rgb(220, 53, 69)]
	at org.testng.Assert.fail(Assert.java:99)
	at org.testng.Assert.failNotEquals(Assert.java:1037)
	at org.testng.Assert.assertEqualsImpl(Assert.java:140)
	at org.testng.Assert.assertEquals(Assert.java:122)
	at org.testng.Assert.assertEquals(Assert.java:629)
	at utils.TestNGHelpers.validateUsingAsserts(TestNGHelpers.java:36)
	at executionClasses.FormTest.test(FormTest.java:42)
	at jdk.internal.reflect.GeneratedMethodAccessor13.invoke(Unknown Source)
	at java.base/jdk.internal.reflect.DelegatingMethodAccessorImpl.invoke(DelegatingMethodAccessorImpl.java:43)
	at java.base/java.lang.reflect.Method.invoke(Method.java:568)
	at org.testng.internal.MethodInvocationHelper.invokeMethod(MethodInvocationHelper.java:133)
	at org.testng.internal.TestInvoker.invokeMethod(TestInvoker.java:598)
	at org.testng.internal.TestInvoker.invokeTestMethod(TestInvoker.java:173)
	at org.testng.internal.MethodRunner.runInSequence(MethodRunner.java:46)
	at org.testng.internal.TestInvoker$MethodInvocationAgent.invoke(TestInvoker.java:824)
	at org.testng.internal.TestInvoker.invokeTestMethods(TestInvoker.java:146)
	at org.testng.internal.TestMethodWorker.invokeTestMethods(TestMethodWorker.java:146)
	at org.testng.internal.TestMethodWorker.run(TestMethodWorker.java:128)
	at java.base/java.util.ArrayList.forEach(ArrayList.java:1511)
	at org.testng.TestRunner.privateRun(TestRunner.java:794)
	at org.testng.TestRunner.run(TestRunner.java:596)
	at org.testng.SuiteRunner.runTest(SuiteRunner.java:377)
	at org.testng.SuiteRunner.runSequentially(SuiteRunner.java:371)
	at org.testng.SuiteRunner.privateRun(SuiteRunner.java:332)
	at org.testng.SuiteRunner.run(SuiteRunner.java:276)
	at org.testng.SuiteRunnerWorker.runSuite(SuiteRunnerWorker.java:53)
	at org.testng.SuiteRunnerWorker.run(SuiteRunnerWorker.java:96)
	at org.testng.TestNG.runSuitesSequentially(TestNG.java:1212)
	at org.testng.TestNG.runSuitesLocally(TestNG.java:1134)
	at org.testng.TestNG.runSuites(TestNG.java:1063)
	at org.testng.TestNG.run(TestNG.java:1031)
	at org.testng.remote.AbstractRemoteTestNG.run(AbstractRemoteTestNG.java:115)
	at org.testng.remote.RemoteTestNG.initAndRun(RemoteTestNG.java:293)
	at org.testng.remote.RemoteTestNG.main(RemoteTestNG.java:91)
</pre></div></td>
<td>6</td>
<td>executionClasses.FormTest@5fdcaa40</td></tr>
<tr>
<td title='executionClasses.FormTest.test()'><b>test</b><br>Test class: executionClasses.FormTest<br>Parameters: Harry, Potter, abc@gmail.com, Female, 987456321, Physics, TRUE, TRUE, , ./File//image2.png, bhimavaram, Haryana, Panipat, yes</td>
<td><div><pre>java.lang.AssertionError: mobile number is Mandatory expected [rgb(40, 167, 69)] but found [rgb(220, 53, 69)]
	at org.testng.Assert.fail(Assert.java:99)
	at org.testng.Assert.failNotEquals(Assert.java:1037)
	at org.testng.Assert.assertEqualsImpl(Assert.java:140)
	at org.testng.Assert.assertEquals(Assert.java:122)
	at org.testng.Assert.assertEquals(Assert.java:629)
	at utils.TestNGHelpers.validateUsingAsserts(TestNGHelpers.java:36)
	at executionClasses.FormTest.test(FormTest.java:42)
	at jdk.internal.reflect.GeneratedMethodAccessor13.invoke(Unknown Source)
	at java.base/jdk.internal.reflect.DelegatingMethodAccessorImpl.invoke(DelegatingMethodAccessorImpl.java:43)
	at java.base/java.lang.reflect.Method.invoke(Method.java:568)
	at org.testng.internal.MethodInvocationHelper.invokeMethod(MethodInvocationHelper.java:133)
	at org.testng.internal.TestInvoker.invokeMethod(TestInvoker.java:598)
	at org.testng.internal.TestInvoker.invokeTestMethod(TestInvoker.java:173)
	at org.testng.internal.MethodRunner.runInSequence(MethodRunner.java:46)
	at org.testng.internal.TestInvoker$MethodInvocationAgent.invoke(TestInvoker.java:824)
	at org.testng.internal.TestInvoker.invokeTestMethods(TestInvoker.java:146)
	at org.testng.internal.TestMethodWorker.invokeTestMethods(TestMethodWorker.java:146)
	at org.testng.internal.TestMethodWorker.run(TestMethodWorker.java:128)
	at java.base/java.util.ArrayList.forEach(ArrayList.java:1511)
	at org.testng.TestRunner.privateRun(TestRunner.java:794)
	at org.testng.TestRunner.run(TestRunner.java:596)
	at org.testng.SuiteRunner.runTest(SuiteRunner.java:377)
	at org.testng.SuiteRunner.runSequentially(SuiteRunner.java:371)
	at org.testng.SuiteRunner.privateRun(SuiteRunner.java:332)
	at org.testng.SuiteRunner.run(SuiteRunner.java:276)
	at org.testng.SuiteRunnerWorker.runSuite(SuiteRunnerWorker.java:53)
	at org.testng.SuiteRunnerWorker.run(SuiteRunnerWorker.java:96)
	at org.testng.TestNG.runSuitesSequentially(TestNG.java:1212)
	at org.testng.TestNG.runSuitesLocally(TestNG.java:1134)
	at org.testng.TestNG.runSuites(TestNG.java:1063)
	at org.testng.TestNG.run(TestNG.java:1031)
	at org.testng.remote.AbstractRemoteTestNG.run(AbstractRemoteTestNG.java:115)
	at org.testng.remote.RemoteTestNG.initAndRun(RemoteTestNG.java:293)
	at org.testng.remote.RemoteTestNG.main(RemoteTestNG.java:91)
</pre></div><a href='#' onClick='toggleBox("stack-trace1616750459", this, "Click to show all stack frames", "Click to hide stack frames")'>Click to show all stack frames</a>
<div class='stack-trace' id='stack-trace1616750459'><pre>java.lang.AssertionError: mobile number is Mandatory expected [rgb(40, 167, 69)] but found [rgb(220, 53, 69)]
	at org.testng.Assert.fail(Assert.java:99)
	at org.testng.Assert.failNotEquals(Assert.java:1037)
	at org.testng.Assert.assertEqualsImpl(Assert.java:140)
	at org.testng.Assert.assertEquals(Assert.java:122)
	at org.testng.Assert.assertEquals(Assert.java:629)
	at utils.TestNGHelpers.validateUsingAsserts(TestNGHelpers.java:36)
	at executionClasses.FormTest.test(FormTest.java:42)
	at jdk.internal.reflect.GeneratedMethodAccessor13.invoke(Unknown Source)
	at java.base/jdk.internal.reflect.DelegatingMethodAccessorImpl.invoke(DelegatingMethodAccessorImpl.java:43)
	at java.base/java.lang.reflect.Method.invoke(Method.java:568)
	at org.testng.internal.MethodInvocationHelper.invokeMethod(MethodInvocationHelper.java:133)
	at org.testng.internal.TestInvoker.invokeMethod(TestInvoker.java:598)
	at org.testng.internal.TestInvoker.invokeTestMethod(TestInvoker.java:173)
	at org.testng.internal.MethodRunner.runInSequence(MethodRunner.java:46)
	at org.testng.internal.TestInvoker$MethodInvocationAgent.invoke(TestInvoker.java:824)
	at org.testng.internal.TestInvoker.invokeTestMethods(TestInvoker.java:146)
	at org.testng.internal.TestMethodWorker.invokeTestMethods(TestMethodWorker.java:146)
	at org.testng.internal.TestMethodWorker.run(TestMethodWorker.java:128)
	at java.base/java.util.ArrayList.forEach(ArrayList.java:1511)
	at org.testng.TestRunner.privateRun(TestRunner.java:794)
	at org.testng.TestRunner.run(TestRunner.java:596)
	at org.testng.SuiteRunner.runTest(SuiteRunner.java:377)
	at org.testng.SuiteRunner.runSequentially(SuiteRunner.java:371)
	at org.testng.SuiteRunner.privateRun(SuiteRunner.java:332)
	at org.testng.SuiteRunner.run(SuiteRunner.java:276)
	at org.testng.SuiteRunnerWorker.runSuite(SuiteRunnerWorker.java:53)
	at org.testng.SuiteRunnerWorker.run(SuiteRunnerWorker.java:96)
	at org.testng.TestNG.runSuitesSequentially(TestNG.java:1212)
	at org.testng.TestNG.runSuitesLocally(TestNG.java:1134)
	at org.testng.TestNG.runSuites(TestNG.java:1063)
	at org.testng.TestNG.run(TestNG.java:1031)
	at org.testng.remote.AbstractRemoteTestNG.run(AbstractRemoteTestNG.java:115)
	at org.testng.remote.RemoteTestNG.initAndRun(RemoteTestNG.java:293)
	at org.testng.remote.RemoteTestNG.main(RemoteTestNG.java:91)
</pre></div></td>
<td>6</td>
<td>executionClasses.FormTest@5fdcaa40</td></tr>
<tr>
<td title='executionClasses.FormTest.test()'><b>test</b><br>Test class: executionClasses.FormTest<br>Parameters: Harry, Potter, abc@gmail.com, Female, 987456321, Physics, TRUE, TRUE, TRUE, , bhimavaram, Haryana, Panipat, yes</td>
<td><div><pre>java.lang.AssertionError: mobile number is Mandatory expected [rgb(40, 167, 69)] but found [rgb(220, 53, 69)]
	at org.testng.Assert.fail(Assert.java:99)
	at org.testng.Assert.failNotEquals(Assert.java:1037)
	at org.testng.Assert.assertEqualsImpl(Assert.java:140)
	at org.testng.Assert.assertEquals(Assert.java:122)
	at org.testng.Assert.assertEquals(Assert.java:629)
	at utils.TestNGHelpers.validateUsingAsserts(TestNGHelpers.java:36)
	at executionClasses.FormTest.test(FormTest.java:42)
	at jdk.internal.reflect.GeneratedMethodAccessor13.invoke(Unknown Source)
	at java.base/jdk.internal.reflect.DelegatingMethodAccessorImpl.invoke(DelegatingMethodAccessorImpl.java:43)
	at java.base/java.lang.reflect.Method.invoke(Method.java:568)
	at org.testng.internal.MethodInvocationHelper.invokeMethod(MethodInvocationHelper.java:133)
	at org.testng.internal.TestInvoker.invokeMethod(TestInvoker.java:598)
	at org.testng.internal.TestInvoker.invokeTestMethod(TestInvoker.java:173)
	at org.testng.internal.MethodRunner.runInSequence(MethodRunner.java:46)
	at org.testng.internal.TestInvoker$MethodInvocationAgent.invoke(TestInvoker.java:824)
	at org.testng.internal.TestInvoker.invokeTestMethods(TestInvoker.java:146)
	at org.testng.internal.TestMethodWorker.invokeTestMethods(TestMethodWorker.java:146)
	at org.testng.internal.TestMethodWorker.run(TestMethodWorker.java:128)
	at java.base/java.util.ArrayList.forEach(ArrayList.java:1511)
	at org.testng.TestRunner.privateRun(TestRunner.java:794)
	at org.testng.TestRunner.run(TestRunner.java:596)
	at org.testng.SuiteRunner.runTest(SuiteRunner.java:377)
	at org.testng.SuiteRunner.runSequentially(SuiteRunner.java:371)
	at org.testng.SuiteRunner.privateRun(SuiteRunner.java:332)
	at org.testng.SuiteRunner.run(SuiteRunner.java:276)
	at org.testng.SuiteRunnerWorker.runSuite(SuiteRunnerWorker.java:53)
	at org.testng.SuiteRunnerWorker.run(SuiteRunnerWorker.java:96)
	at org.testng.TestNG.runSuitesSequentially(TestNG.java:1212)
	at org.testng.TestNG.runSuitesLocally(TestNG.java:1134)
	at org.testng.TestNG.runSuites(TestNG.java:1063)
	at org.testng.TestNG.run(TestNG.java:1031)
	at org.testng.remote.AbstractRemoteTestNG.run(AbstractRemoteTestNG.java:115)
	at org.testng.remote.RemoteTestNG.initAndRun(RemoteTestNG.java:293)
	at org.testng.remote.RemoteTestNG.main(RemoteTestNG.java:91)
</pre></div><a href='#' onClick='toggleBox("stack-trace772246432", this, "Click to show all stack frames", "Click to hide stack frames")'>Click to show all stack frames</a>
<div class='stack-trace' id='stack-trace772246432'><pre>java.lang.AssertionError: mobile number is Mandatory expected [rgb(40, 167, 69)] but found [rgb(220, 53, 69)]
	at org.testng.Assert.fail(Assert.java:99)
	at org.testng.Assert.failNotEquals(Assert.java:1037)
	at org.testng.Assert.assertEqualsImpl(Assert.java:140)
	at org.testng.Assert.assertEquals(Assert.java:122)
	at org.testng.Assert.assertEquals(Assert.java:629)
	at utils.TestNGHelpers.validateUsingAsserts(TestNGHelpers.java:36)
	at executionClasses.FormTest.test(FormTest.java:42)
	at jdk.internal.reflect.GeneratedMethodAccessor13.invoke(Unknown Source)
	at java.base/jdk.internal.reflect.DelegatingMethodAccessorImpl.invoke(DelegatingMethodAccessorImpl.java:43)
	at java.base/java.lang.reflect.Method.invoke(Method.java:568)
	at org.testng.internal.MethodInvocationHelper.invokeMethod(MethodInvocationHelper.java:133)
	at org.testng.internal.TestInvoker.invokeMethod(TestInvoker.java:598)
	at org.testng.internal.TestInvoker.invokeTestMethod(TestInvoker.java:173)
	at org.testng.internal.MethodRunner.runInSequence(MethodRunner.java:46)
	at org.testng.internal.TestInvoker$MethodInvocationAgent.invoke(TestInvoker.java:824)
	at org.testng.internal.TestInvoker.invokeTestMethods(TestInvoker.java:146)
	at org.testng.internal.TestMethodWorker.invokeTestMethods(TestMethodWorker.java:146)
	at org.testng.internal.TestMethodWorker.run(TestMethodWorker.java:128)
	at java.base/java.util.ArrayList.forEach(ArrayList.java:1511)
	at org.testng.TestRunner.privateRun(TestRunner.java:794)
	at org.testng.TestRunner.run(TestRunner.java:596)
	at org.testng.SuiteRunner.runTest(SuiteRunner.java:377)
	at org.testng.SuiteRunner.runSequentially(SuiteRunner.java:371)
	at org.testng.SuiteRunner.privateRun(SuiteRunner.java:332)
	at org.testng.SuiteRunner.run(SuiteRunner.java:276)
	at org.testng.SuiteRunnerWorker.runSuite(SuiteRunnerWorker.java:53)
	at org.testng.SuiteRunnerWorker.run(SuiteRunnerWorker.java:96)
	at org.testng.TestNG.runSuitesSequentially(TestNG.java:1212)
	at org.testng.TestNG.runSuitesLocally(TestNG.java:1134)
	at org.testng.TestNG.runSuites(TestNG.java:1063)
	at org.testng.TestNG.run(TestNG.java:1031)
	at org.testng.remote.AbstractRemoteTestNG.run(AbstractRemoteTestNG.java:115)
	at org.testng.remote.RemoteTestNG.initAndRun(RemoteTestNG.java:293)
	at org.testng.remote.RemoteTestNG.main(RemoteTestNG.java:91)
</pre></div></td>
<td>6</td>
<td>executionClasses.FormTest@5fdcaa40</td></tr>
<tr>
<td title='executionClasses.FormTest.test()'><b>test</b><br>Test class: executionClasses.FormTest<br>Parameters: Harry, Potter, abc@, Male, 987456321, Accounting, TRUE, TRUE, TRUE, ./File//image2.png, bhimavaram, Haryana, Panipat, yes</td>
<td><div><pre>java.lang.AssertionError: mobile number is Mandatory expected [rgb(40, 167, 69)] but found [rgb(220, 53, 69)]
	at org.testng.Assert.fail(Assert.java:99)
	at org.testng.Assert.failNotEquals(Assert.java:1037)
	at org.testng.Assert.assertEqualsImpl(Assert.java:140)
	at org.testng.Assert.assertEquals(Assert.java:122)
	at org.testng.Assert.assertEquals(Assert.java:629)
	at utils.TestNGHelpers.validateUsingAsserts(TestNGHelpers.java:36)
	at executionClasses.FormTest.test(FormTest.java:42)
	at jdk.internal.reflect.GeneratedMethodAccessor13.invoke(Unknown Source)
	at java.base/jdk.internal.reflect.DelegatingMethodAccessorImpl.invoke(DelegatingMethodAccessorImpl.java:43)
	at java.base/java.lang.reflect.Method.invoke(Method.java:568)
	at org.testng.internal.MethodInvocationHelper.invokeMethod(MethodInvocationHelper.java:133)
	at org.testng.internal.TestInvoker.invokeMethod(TestInvoker.java:598)
	at org.testng.internal.TestInvoker.invokeTestMethod(TestInvoker.java:173)
	at org.testng.internal.MethodRunner.runInSequence(MethodRunner.java:46)
	at org.testng.internal.TestInvoker$MethodInvocationAgent.invoke(TestInvoker.java:824)
	at org.testng.internal.TestInvoker.invokeTestMethods(TestInvoker.java:146)
	at org.testng.internal.TestMethodWorker.invokeTestMethods(TestMethodWorker.java:146)
	at org.testng.internal.TestMethodWorker.run(TestMethodWorker.java:128)
	at java.base/java.util.ArrayList.forEach(ArrayList.java:1511)
	at org.testng.TestRunner.privateRun(TestRunner.java:794)
	at org.testng.TestRunner.run(TestRunner.java:596)
	at org.testng.SuiteRunner.runTest(SuiteRunner.java:377)
	at org.testng.SuiteRunner.runSequentially(SuiteRunner.java:371)
	at org.testng.SuiteRunner.privateRun(SuiteRunner.java:332)
	at org.testng.SuiteRunner.run(SuiteRunner.java:276)
	at org.testng.SuiteRunnerWorker.runSuite(SuiteRunnerWorker.java:53)
	at org.testng.SuiteRunnerWorker.run(SuiteRunnerWorker.java:96)
	at org.testng.TestNG.runSuitesSequentially(TestNG.java:1212)
	at org.testng.TestNG.runSuitesLocally(TestNG.java:1134)
	at org.testng.TestNG.runSuites(TestNG.java:1063)
	at org.testng.TestNG.run(TestNG.java:1031)
	at org.testng.remote.AbstractRemoteTestNG.run(AbstractRemoteTestNG.java:115)
	at org.testng.remote.RemoteTestNG.initAndRun(RemoteTestNG.java:293)
	at org.testng.remote.RemoteTestNG.main(RemoteTestNG.java:91)
</pre></div><a href='#' onClick='toggleBox("stack-trace1439000845", this, "Click to show all stack frames", "Click to hide stack frames")'>Click to show all stack frames</a>
<div class='stack-trace' id='stack-trace1439000845'><pre>java.lang.AssertionError: mobile number is Mandatory expected [rgb(40, 167, 69)] but found [rgb(220, 53, 69)]
	at org.testng.Assert.fail(Assert.java:99)
	at org.testng.Assert.failNotEquals(Assert.java:1037)
	at org.testng.Assert.assertEqualsImpl(Assert.java:140)
	at org.testng.Assert.assertEquals(Assert.java:122)
	at org.testng.Assert.assertEquals(Assert.java:629)
	at utils.TestNGHelpers.validateUsingAsserts(TestNGHelpers.java:36)
	at executionClasses.FormTest.test(FormTest.java:42)
	at jdk.internal.reflect.GeneratedMethodAccessor13.invoke(Unknown Source)
	at java.base/jdk.internal.reflect.DelegatingMethodAccessorImpl.invoke(DelegatingMethodAccessorImpl.java:43)
	at java.base/java.lang.reflect.Method.invoke(Method.java:568)
	at org.testng.internal.MethodInvocationHelper.invokeMethod(MethodInvocationHelper.java:133)
	at org.testng.internal.TestInvoker.invokeMethod(TestInvoker.java:598)
	at org.testng.internal.TestInvoker.invokeTestMethod(TestInvoker.java:173)
	at org.testng.internal.MethodRunner.runInSequence(MethodRunner.java:46)
	at org.testng.internal.TestInvoker$MethodInvocationAgent.invoke(TestInvoker.java:824)
	at org.testng.internal.TestInvoker.invokeTestMethods(TestInvoker.java:146)
	at org.testng.internal.TestMethodWorker.invokeTestMethods(TestMethodWorker.java:146)
	at org.testng.internal.TestMethodWorker.run(TestMethodWorker.java:128)
	at java.base/java.util.ArrayList.forEach(ArrayList.java:1511)
	at org.testng.TestRunner.privateRun(TestRunner.java:794)
	at org.testng.TestRunner.run(TestRunner.java:596)
	at org.testng.SuiteRunner.runTest(SuiteRunner.java:377)
	at org.testng.SuiteRunner.runSequentially(SuiteRunner.java:371)
	at org.testng.SuiteRunner.privateRun(SuiteRunner.java:332)
	at org.testng.SuiteRunner.run(SuiteRunner.java:276)
	at org.testng.SuiteRunnerWorker.runSuite(SuiteRunnerWorker.java:53)
	at org.testng.SuiteRunnerWorker.run(SuiteRunnerWorker.java:96)
	at org.testng.TestNG.runSuitesSequentially(TestNG.java:1212)
	at org.testng.TestNG.runSuitesLocally(TestNG.java:1134)
	at org.testng.TestNG.runSuites(TestNG.java:1063)
	at org.testng.TestNG.run(TestNG.java:1031)
	at org.testng.remote.AbstractRemoteTestNG.run(AbstractRemoteTestNG.java:115)
	at org.testng.remote.RemoteTestNG.initAndRun(RemoteTestNG.java:293)
	at org.testng.remote.RemoteTestNG.main(RemoteTestNG.java:91)
</pre></div></td>
<td>6</td>
<td>executionClasses.FormTest@5fdcaa40</td></tr>
<tr>
<td title='executionClasses.FormTest.test()'><b>test</b><br>Test class: executionClasses.FormTest<br>Parameters: Harry, Potter, abc@, Female, 987456321, Accounting, TRUE, TRUE, TRUE, ./File//image2.png, bhimavaram, Haryana, , yes</td>
<td><div><pre>java.lang.AssertionError: mobile number is Mandatory expected [rgb(40, 167, 69)] but found [rgb(220, 53, 69)]
	at org.testng.Assert.fail(Assert.java:99)
	at org.testng.Assert.failNotEquals(Assert.java:1037)
	at org.testng.Assert.assertEqualsImpl(Assert.java:140)
	at org.testng.Assert.assertEquals(Assert.java:122)
	at org.testng.Assert.assertEquals(Assert.java:629)
	at utils.TestNGHelpers.validateUsingAsserts(TestNGHelpers.java:36)
	at executionClasses.FormTest.test(FormTest.java:42)
	at jdk.internal.reflect.GeneratedMethodAccessor13.invoke(Unknown Source)
	at java.base/jdk.internal.reflect.DelegatingMethodAccessorImpl.invoke(DelegatingMethodAccessorImpl.java:43)
	at java.base/java.lang.reflect.Method.invoke(Method.java:568)
	at org.testng.internal.MethodInvocationHelper.invokeMethod(MethodInvocationHelper.java:133)
	at org.testng.internal.TestInvoker.invokeMethod(TestInvoker.java:598)
	at org.testng.internal.TestInvoker.invokeTestMethod(TestInvoker.java:173)
	at org.testng.internal.MethodRunner.runInSequence(MethodRunner.java:46)
	at org.testng.internal.TestInvoker$MethodInvocationAgent.invoke(TestInvoker.java:824)
	at org.testng.internal.TestInvoker.invokeTestMethods(TestInvoker.java:146)
	at org.testng.internal.TestMethodWorker.invokeTestMethods(TestMethodWorker.java:146)
	at org.testng.internal.TestMethodWorker.run(TestMethodWorker.java:128)
	at java.base/java.util.ArrayList.forEach(ArrayList.java:1511)
	at org.testng.TestRunner.privateRun(TestRunner.java:794)
	at org.testng.TestRunner.run(TestRunner.java:596)
	at org.testng.SuiteRunner.runTest(SuiteRunner.java:377)
	at org.testng.SuiteRunner.runSequentially(SuiteRunner.java:371)
	at org.testng.SuiteRunner.privateRun(SuiteRunner.java:332)
	at org.testng.SuiteRunner.run(SuiteRunner.java:276)
	at org.testng.SuiteRunnerWorker.runSuite(SuiteRunnerWorker.java:53)
	at org.testng.SuiteRunnerWorker.run(SuiteRunnerWorker.java:96)
	at org.testng.TestNG.runSuitesSequentially(TestNG.java:1212)
	at org.testng.TestNG.runSuitesLocally(TestNG.java:1134)
	at org.testng.TestNG.runSuites(TestNG.java:1063)
	at org.testng.TestNG.run(TestNG.java:1031)
	at org.testng.remote.AbstractRemoteTestNG.run(AbstractRemoteTestNG.java:115)
	at org.testng.remote.RemoteTestNG.initAndRun(RemoteTestNG.java:293)
	at org.testng.remote.RemoteTestNG.main(RemoteTestNG.java:91)
</pre></div><a href='#' onClick='toggleBox("stack-trace220182647", this, "Click to show all stack frames", "Click to hide stack frames")'>Click to show all stack frames</a>
<div class='stack-trace' id='stack-trace220182647'><pre>java.lang.AssertionError: mobile number is Mandatory expected [rgb(40, 167, 69)] but found [rgb(220, 53, 69)]
	at org.testng.Assert.fail(Assert.java:99)
	at org.testng.Assert.failNotEquals(Assert.java:1037)
	at org.testng.Assert.assertEqualsImpl(Assert.java:140)
	at org.testng.Assert.assertEquals(Assert.java:122)
	at org.testng.Assert.assertEquals(Assert.java:629)
	at utils.TestNGHelpers.validateUsingAsserts(TestNGHelpers.java:36)
	at executionClasses.FormTest.test(FormTest.java:42)
	at jdk.internal.reflect.GeneratedMethodAccessor13.invoke(Unknown Source)
	at java.base/jdk.internal.reflect.DelegatingMethodAccessorImpl.invoke(DelegatingMethodAccessorImpl.java:43)
	at java.base/java.lang.reflect.Method.invoke(Method.java:568)
	at org.testng.internal.MethodInvocationHelper.invokeMethod(MethodInvocationHelper.java:133)
	at org.testng.internal.TestInvoker.invokeMethod(TestInvoker.java:598)
	at org.testng.internal.TestInvoker.invokeTestMethod(TestInvoker.java:173)
	at org.testng.internal.MethodRunner.runInSequence(MethodRunner.java:46)
	at org.testng.internal.TestInvoker$MethodInvocationAgent.invoke(TestInvoker.java:824)
	at org.testng.internal.TestInvoker.invokeTestMethods(TestInvoker.java:146)
	at org.testng.internal.TestMethodWorker.invokeTestMethods(TestMethodWorker.java:146)
	at org.testng.internal.TestMethodWorker.run(TestMethodWorker.java:128)
	at java.base/java.util.ArrayList.forEach(ArrayList.java:1511)
	at org.testng.TestRunner.privateRun(TestRunner.java:794)
	at org.testng.TestRunner.run(TestRunner.java:596)
	at org.testng.SuiteRunner.runTest(SuiteRunner.java:377)
	at org.testng.SuiteRunner.runSequentially(SuiteRunner.java:371)
	at org.testng.SuiteRunner.privateRun(SuiteRunner.java:332)
	at org.testng.SuiteRunner.run(SuiteRunner.java:276)
	at org.testng.SuiteRunnerWorker.runSuite(SuiteRunnerWorker.java:53)
	at org.testng.SuiteRunnerWorker.run(SuiteRunnerWorker.java:96)
	at org.testng.TestNG.runSuitesSequentially(TestNG.java:1212)
	at org.testng.TestNG.runSuitesLocally(TestNG.java:1134)
	at org.testng.TestNG.runSuites(TestNG.java:1063)
	at org.testng.TestNG.run(TestNG.java:1031)
	at org.testng.remote.AbstractRemoteTestNG.run(AbstractRemoteTestNG.java:115)
	at org.testng.remote.RemoteTestNG.initAndRun(RemoteTestNG.java:293)
	at org.testng.remote.RemoteTestNG.main(RemoteTestNG.java:91)
</pre></div></td>
<td>6</td>
<td>executionClasses.FormTest@5fdcaa40</td></tr>
<tr>
<td title='executionClasses.FormTest.test()'><b>test</b><br>Test class: executionClasses.FormTest<br>Parameters: Harry, Potter, abc@gmail.com, Male, 987456321, , TRUE, TRUE, TRUE, ./File//image2.png, bhimavaram, Haryana, Panipat, yes</td>
<td><div><pre>java.lang.AssertionError: mobile number is Mandatory expected [rgb(40, 167, 69)] but found [rgb(220, 53, 69)]
	at org.testng.Assert.fail(Assert.java:99)
	at org.testng.Assert.failNotEquals(Assert.java:1037)
	at org.testng.Assert.assertEqualsImpl(Assert.java:140)
	at org.testng.Assert.assertEquals(Assert.java:122)
	at org.testng.Assert.assertEquals(Assert.java:629)
	at utils.TestNGHelpers.validateUsingAsserts(TestNGHelpers.java:36)
	at executionClasses.FormTest.test(FormTest.java:42)
	at jdk.internal.reflect.GeneratedMethodAccessor13.invoke(Unknown Source)
	at java.base/jdk.internal.reflect.DelegatingMethodAccessorImpl.invoke(DelegatingMethodAccessorImpl.java:43)
	at java.base/java.lang.reflect.Method.invoke(Method.java:568)
	at org.testng.internal.MethodInvocationHelper.invokeMethod(MethodInvocationHelper.java:133)
	at org.testng.internal.TestInvoker.invokeMethod(TestInvoker.java:598)
	at org.testng.internal.TestInvoker.invokeTestMethod(TestInvoker.java:173)
	at org.testng.internal.MethodRunner.runInSequence(MethodRunner.java:46)
	at org.testng.internal.TestInvoker$MethodInvocationAgent.invoke(TestInvoker.java:824)
	at org.testng.internal.TestInvoker.invokeTestMethods(TestInvoker.java:146)
	at org.testng.internal.TestMethodWorker.invokeTestMethods(TestMethodWorker.java:146)
	at org.testng.internal.TestMethodWorker.run(TestMethodWorker.java:128)
	at java.base/java.util.ArrayList.forEach(ArrayList.java:1511)
	at org.testng.TestRunner.privateRun(TestRunner.java:794)
	at org.testng.TestRunner.run(TestRunner.java:596)
	at org.testng.SuiteRunner.runTest(SuiteRunner.java:377)
	at org.testng.SuiteRunner.runSequentially(SuiteRunner.java:371)
	at org.testng.SuiteRunner.privateRun(SuiteRunner.java:332)
	at org.testng.SuiteRunner.run(SuiteRunner.java:276)
	at org.testng.SuiteRunnerWorker.runSuite(SuiteRunnerWorker.java:53)
	at org.testng.SuiteRunnerWorker.run(SuiteRunnerWorker.java:96)
	at org.testng.TestNG.runSuitesSequentially(TestNG.java:1212)
	at org.testng.TestNG.runSuitesLocally(TestNG.java:1134)
	at org.testng.TestNG.runSuites(TestNG.java:1063)
	at org.testng.TestNG.run(TestNG.java:1031)
	at org.testng.remote.AbstractRemoteTestNG.run(AbstractRemoteTestNG.java:115)
	at org.testng.remote.RemoteTestNG.initAndRun(RemoteTestNG.java:293)
	at org.testng.remote.RemoteTestNG.main(RemoteTestNG.java:91)
</pre></div><a href='#' onClick='toggleBox("stack-trace2095280399", this, "Click to show all stack frames", "Click to hide stack frames")'>Click to show all stack frames</a>
<div class='stack-trace' id='stack-trace2095280399'><pre>java.lang.AssertionError: mobile number is Mandatory expected [rgb(40, 167, 69)] but found [rgb(220, 53, 69)]
	at org.testng.Assert.fail(Assert.java:99)
	at org.testng.Assert.failNotEquals(Assert.java:1037)
	at org.testng.Assert.assertEqualsImpl(Assert.java:140)
	at org.testng.Assert.assertEquals(Assert.java:122)
	at org.testng.Assert.assertEquals(Assert.java:629)
	at utils.TestNGHelpers.validateUsingAsserts(TestNGHelpers.java:36)
	at executionClasses.FormTest.test(FormTest.java:42)
	at jdk.internal.reflect.GeneratedMethodAccessor13.invoke(Unknown Source)
	at java.base/jdk.internal.reflect.DelegatingMethodAccessorImpl.invoke(DelegatingMethodAccessorImpl.java:43)
	at java.base/java.lang.reflect.Method.invoke(Method.java:568)
	at org.testng.internal.MethodInvocationHelper.invokeMethod(MethodInvocationHelper.java:133)
	at org.testng.internal.TestInvoker.invokeMethod(TestInvoker.java:598)
	at org.testng.internal.TestInvoker.invokeTestMethod(TestInvoker.java:173)
	at org.testng.internal.MethodRunner.runInSequence(MethodRunner.java:46)
	at org.testng.internal.TestInvoker$MethodInvocationAgent.invoke(TestInvoker.java:824)
	at org.testng.internal.TestInvoker.invokeTestMethods(TestInvoker.java:146)
	at org.testng.internal.TestMethodWorker.invokeTestMethods(TestMethodWorker.java:146)
	at org.testng.internal.TestMethodWorker.run(TestMethodWorker.java:128)
	at java.base/java.util.ArrayList.forEach(ArrayList.java:1511)
	at org.testng.TestRunner.privateRun(TestRunner.java:794)
	at org.testng.TestRunner.run(TestRunner.java:596)
	at org.testng.SuiteRunner.runTest(SuiteRunner.java:377)
	at org.testng.SuiteRunner.runSequentially(SuiteRunner.java:371)
	at org.testng.SuiteRunner.privateRun(SuiteRunner.java:332)
	at org.testng.SuiteRunner.run(SuiteRunner.java:276)
	at org.testng.SuiteRunnerWorker.runSuite(SuiteRunnerWorker.java:53)
	at org.testng.SuiteRunnerWorker.run(SuiteRunnerWorker.java:96)
	at org.testng.TestNG.runSuitesSequentially(TestNG.java:1212)
	at org.testng.TestNG.runSuitesLocally(TestNG.java:1134)
	at org.testng.TestNG.runSuites(TestNG.java:1063)
	at org.testng.TestNG.run(TestNG.java:1031)
	at org.testng.remote.AbstractRemoteTestNG.run(AbstractRemoteTestNG.java:115)
	at org.testng.remote.RemoteTestNG.initAndRun(RemoteTestNG.java:293)
	at org.testng.remote.RemoteTestNG.main(RemoteTestNG.java:91)
</pre></div></td>
<td>6</td>
<td>executionClasses.FormTest@5fdcaa40</td></tr>
<tr>
<td title='executionClasses.FormTest.test()'><b>test</b><br>Test class: executionClasses.FormTest<br>Parameters: Harry, Potter, abc@, Female, 987456321, Physics, TRUE, TRUE, , ./File//image2.png, bhimavaram, Haryana, Panipat, yes</td>
<td><div><pre>java.lang.AssertionError: mobile number is Mandatory expected [rgb(40, 167, 69)] but found [rgb(220, 53, 69)]
	at org.testng.Assert.fail(Assert.java:99)
	at org.testng.Assert.failNotEquals(Assert.java:1037)
	at org.testng.Assert.assertEqualsImpl(Assert.java:140)
	at org.testng.Assert.assertEquals(Assert.java:122)
	at org.testng.Assert.assertEquals(Assert.java:629)
	at utils.TestNGHelpers.validateUsingAsserts(TestNGHelpers.java:36)
	at executionClasses.FormTest.test(FormTest.java:42)
	at jdk.internal.reflect.GeneratedMethodAccessor13.invoke(Unknown Source)
	at java.base/jdk.internal.reflect.DelegatingMethodAccessorImpl.invoke(DelegatingMethodAccessorImpl.java:43)
	at java.base/java.lang.reflect.Method.invoke(Method.java:568)
	at org.testng.internal.MethodInvocationHelper.invokeMethod(MethodInvocationHelper.java:133)
	at org.testng.internal.TestInvoker.invokeMethod(TestInvoker.java:598)
	at org.testng.internal.TestInvoker.invokeTestMethod(TestInvoker.java:173)
	at org.testng.internal.MethodRunner.runInSequence(MethodRunner.java:46)
	at org.testng.internal.TestInvoker$MethodInvocationAgent.invoke(TestInvoker.java:824)
	at org.testng.internal.TestInvoker.invokeTestMethods(TestInvoker.java:146)
	at org.testng.internal.TestMethodWorker.invokeTestMethods(TestMethodWorker.java:146)
	at org.testng.internal.TestMethodWorker.run(TestMethodWorker.java:128)
	at java.base/java.util.ArrayList.forEach(ArrayList.java:1511)
	at org.testng.TestRunner.privateRun(TestRunner.java:794)
	at org.testng.TestRunner.run(TestRunner.java:596)
	at org.testng.SuiteRunner.runTest(SuiteRunner.java:377)
	at org.testng.SuiteRunner.runSequentially(SuiteRunner.java:371)
	at org.testng.SuiteRunner.privateRun(SuiteRunner.java:332)
	at org.testng.SuiteRunner.run(SuiteRunner.java:276)
	at org.testng.SuiteRunnerWorker.runSuite(SuiteRunnerWorker.java:53)
	at org.testng.SuiteRunnerWorker.run(SuiteRunnerWorker.java:96)
	at org.testng.TestNG.runSuitesSequentially(TestNG.java:1212)
	at org.testng.TestNG.runSuitesLocally(TestNG.java:1134)
	at org.testng.TestNG.runSuites(TestNG.java:1063)
	at org.testng.TestNG.run(TestNG.java:1031)
	at org.testng.remote.AbstractRemoteTestNG.run(AbstractRemoteTestNG.java:115)
	at org.testng.remote.RemoteTestNG.initAndRun(RemoteTestNG.java:293)
	at org.testng.remote.RemoteTestNG.main(RemoteTestNG.java:91)
</pre></div><a href='#' onClick='toggleBox("stack-trace262287569", this, "Click to show all stack frames", "Click to hide stack frames")'>Click to show all stack frames</a>
<div class='stack-trace' id='stack-trace262287569'><pre>java.lang.AssertionError: mobile number is Mandatory expected [rgb(40, 167, 69)] but found [rgb(220, 53, 69)]
	at org.testng.Assert.fail(Assert.java:99)
	at org.testng.Assert.failNotEquals(Assert.java:1037)
	at org.testng.Assert.assertEqualsImpl(Assert.java:140)
	at org.testng.Assert.assertEquals(Assert.java:122)
	at org.testng.Assert.assertEquals(Assert.java:629)
	at utils.TestNGHelpers.validateUsingAsserts(TestNGHelpers.java:36)
	at executionClasses.FormTest.test(FormTest.java:42)
	at jdk.internal.reflect.GeneratedMethodAccessor13.invoke(Unknown Source)
	at java.base/jdk.internal.reflect.DelegatingMethodAccessorImpl.invoke(DelegatingMethodAccessorImpl.java:43)
	at java.base/java.lang.reflect.Method.invoke(Method.java:568)
	at org.testng.internal.MethodInvocationHelper.invokeMethod(MethodInvocationHelper.java:133)
	at org.testng.internal.TestInvoker.invokeMethod(TestInvoker.java:598)
	at org.testng.internal.TestInvoker.invokeTestMethod(TestInvoker.java:173)
	at org.testng.internal.MethodRunner.runInSequence(MethodRunner.java:46)
	at org.testng.internal.TestInvoker$MethodInvocationAgent.invoke(TestInvoker.java:824)
	at org.testng.internal.TestInvoker.invokeTestMethods(TestInvoker.java:146)
	at org.testng.internal.TestMethodWorker.invokeTestMethods(TestMethodWorker.java:146)
	at org.testng.internal.TestMethodWorker.run(TestMethodWorker.java:128)
	at java.base/java.util.ArrayList.forEach(ArrayList.java:1511)
	at org.testng.TestRunner.privateRun(TestRunner.java:794)
	at org.testng.TestRunner.run(TestRunner.java:596)
	at org.testng.SuiteRunner.runTest(SuiteRunner.java:377)
	at org.testng.SuiteRunner.runSequentially(SuiteRunner.java:371)
	at org.testng.SuiteRunner.privateRun(SuiteRunner.java:332)
	at org.testng.SuiteRunner.run(SuiteRunner.java:276)
	at org.testng.SuiteRunnerWorker.runSuite(SuiteRunnerWorker.java:53)
	at org.testng.SuiteRunnerWorker.run(SuiteRunnerWorker.java:96)
	at org.testng.TestNG.runSuitesSequentially(TestNG.java:1212)
	at org.testng.TestNG.runSuitesLocally(TestNG.java:1134)
	at org.testng.TestNG.runSuites(TestNG.java:1063)
	at org.testng.TestNG.run(TestNG.java:1031)
	at org.testng.remote.AbstractRemoteTestNG.run(AbstractRemoteTestNG.java:115)
	at org.testng.remote.RemoteTestNG.initAndRun(RemoteTestNG.java:293)
	at org.testng.remote.RemoteTestNG.main(RemoteTestNG.java:91)
</pre></div></td>
<td>6</td>
<td>executionClasses.FormTest@5fdcaa40</td></tr>
<tr>
<td title='executionClasses.FormTest.test()'><b>test</b><br>Test class: executionClasses.FormTest<br>Parameters: Harry, Potter, abc@, Male, 987456321, Accounting, , TRUE, TRUE, ./File//image2.png, bhimavaram, Haryana, Panipat, yes</td>
<td><div><pre>java.lang.AssertionError: mobile number is Mandatory expected [rgb(40, 167, 69)] but found [rgb(220, 53, 69)]
	at org.testng.Assert.fail(Assert.java:99)
	at org.testng.Assert.failNotEquals(Assert.java:1037)
	at org.testng.Assert.assertEqualsImpl(Assert.java:140)
	at org.testng.Assert.assertEquals(Assert.java:122)
	at org.testng.Assert.assertEquals(Assert.java:629)
	at utils.TestNGHelpers.validateUsingAsserts(TestNGHelpers.java:36)
	at executionClasses.FormTest.test(FormTest.java:42)
	at jdk.internal.reflect.GeneratedMethodAccessor13.invoke(Unknown Source)
	at java.base/jdk.internal.reflect.DelegatingMethodAccessorImpl.invoke(DelegatingMethodAccessorImpl.java:43)
	at java.base/java.lang.reflect.Method.invoke(Method.java:568)
	at org.testng.internal.MethodInvocationHelper.invokeMethod(MethodInvocationHelper.java:133)
	at org.testng.internal.TestInvoker.invokeMethod(TestInvoker.java:598)
	at org.testng.internal.TestInvoker.invokeTestMethod(TestInvoker.java:173)
	at org.testng.internal.MethodRunner.runInSequence(MethodRunner.java:46)
	at org.testng.internal.TestInvoker$MethodInvocationAgent.invoke(TestInvoker.java:824)
	at org.testng.internal.TestInvoker.invokeTestMethods(TestInvoker.java:146)
	at org.testng.internal.TestMethodWorker.invokeTestMethods(TestMethodWorker.java:146)
	at org.testng.internal.TestMethodWorker.run(TestMethodWorker.java:128)
	at java.base/java.util.ArrayList.forEach(ArrayList.java:1511)
	at org.testng.TestRunner.privateRun(TestRunner.java:794)
	at org.testng.TestRunner.run(TestRunner.java:596)
	at org.testng.SuiteRunner.runTest(SuiteRunner.java:377)
	at org.testng.SuiteRunner.runSequentially(SuiteRunner.java:371)
	at org.testng.SuiteRunner.privateRun(SuiteRunner.java:332)
	at org.testng.SuiteRunner.run(SuiteRunner.java:276)
	at org.testng.SuiteRunnerWorker.runSuite(SuiteRunnerWorker.java:53)
	at org.testng.SuiteRunnerWorker.run(SuiteRunnerWorker.java:96)
	at org.testng.TestNG.runSuitesSequentially(TestNG.java:1212)
	at org.testng.TestNG.runSuitesLocally(TestNG.java:1134)
	at org.testng.TestNG.runSuites(TestNG.java:1063)
	at org.testng.TestNG.run(TestNG.java:1031)
	at org.testng.remote.AbstractRemoteTestNG.run(AbstractRemoteTestNG.java:115)
	at org.testng.remote.RemoteTestNG.initAndRun(RemoteTestNG.java:293)
	at org.testng.remote.RemoteTestNG.main(RemoteTestNG.java:91)
</pre></div><a href='#' onClick='toggleBox("stack-trace1768406003", this, "Click to show all stack frames", "Click to hide stack frames")'>Click to show all stack frames</a>
<div class='stack-trace' id='stack-trace1768406003'><pre>java.lang.AssertionError: mobile number is Mandatory expected [rgb(40, 167, 69)] but found [rgb(220, 53, 69)]
	at org.testng.Assert.fail(Assert.java:99)
	at org.testng.Assert.failNotEquals(Assert.java:1037)
	at org.testng.Assert.assertEqualsImpl(Assert.java:140)
	at org.testng.Assert.assertEquals(Assert.java:122)
	at org.testng.Assert.assertEquals(Assert.java:629)
	at utils.TestNGHelpers.validateUsingAsserts(TestNGHelpers.java:36)
	at executionClasses.FormTest.test(FormTest.java:42)
	at jdk.internal.reflect.GeneratedMethodAccessor13.invoke(Unknown Source)
	at java.base/jdk.internal.reflect.DelegatingMethodAccessorImpl.invoke(DelegatingMethodAccessorImpl.java:43)
	at java.base/java.lang.reflect.Method.invoke(Method.java:568)
	at org.testng.internal.MethodInvocationHelper.invokeMethod(MethodInvocationHelper.java:133)
	at org.testng.internal.TestInvoker.invokeMethod(TestInvoker.java:598)
	at org.testng.internal.TestInvoker.invokeTestMethod(TestInvoker.java:173)
	at org.testng.internal.MethodRunner.runInSequence(MethodRunner.java:46)
	at org.testng.internal.TestInvoker$MethodInvocationAgent.invoke(TestInvoker.java:824)
	at org.testng.internal.TestInvoker.invokeTestMethods(TestInvoker.java:146)
	at org.testng.internal.TestMethodWorker.invokeTestMethods(TestMethodWorker.java:146)
	at org.testng.internal.TestMethodWorker.run(TestMethodWorker.java:128)
	at java.base/java.util.ArrayList.forEach(ArrayList.java:1511)
	at org.testng.TestRunner.privateRun(TestRunner.java:794)
	at org.testng.TestRunner.run(TestRunner.java:596)
	at org.testng.SuiteRunner.runTest(SuiteRunner.java:377)
	at org.testng.SuiteRunner.runSequentially(SuiteRunner.java:371)
	at org.testng.SuiteRunner.privateRun(SuiteRunner.java:332)
	at org.testng.SuiteRunner.run(SuiteRunner.java:276)
	at org.testng.SuiteRunnerWorker.runSuite(SuiteRunnerWorker.java:53)
	at org.testng.SuiteRunnerWorker.run(SuiteRunnerWorker.java:96)
	at org.testng.TestNG.runSuitesSequentially(TestNG.java:1212)
	at org.testng.TestNG.runSuitesLocally(TestNG.java:1134)
	at org.testng.TestNG.runSuites(TestNG.java:1063)
	at org.testng.TestNG.run(TestNG.java:1031)
	at org.testng.remote.AbstractRemoteTestNG.run(AbstractRemoteTestNG.java:115)
	at org.testng.remote.RemoteTestNG.initAndRun(RemoteTestNG.java:293)
	at org.testng.remote.RemoteTestNG.main(RemoteTestNG.java:91)
</pre></div></td>
<td>6</td>
<td>executionClasses.FormTest@5fdcaa40</td></tr>
<tr>
<td title='executionClasses.FormTest.test()'><b>test</b><br>Test class: executionClasses.FormTest<br>Parameters: , Potter, abc@, Female, 987456321, Physics, TRUE, TRUE, TRUE, ./File//image2.png, bhimavaram, , Panipat, yes</td>
<td><div><pre>java.lang.AssertionError: mobile number is Mandatory expected [rgb(40, 167, 69)] but found [rgb(220, 53, 69)]
	at org.testng.Assert.fail(Assert.java:99)
	at org.testng.Assert.failNotEquals(Assert.java:1037)
	at org.testng.Assert.assertEqualsImpl(Assert.java:140)
	at org.testng.Assert.assertEquals(Assert.java:122)
	at org.testng.Assert.assertEquals(Assert.java:629)
	at utils.TestNGHelpers.validateUsingAsserts(TestNGHelpers.java:36)
	at executionClasses.FormTest.test(FormTest.java:42)
	at jdk.internal.reflect.GeneratedMethodAccessor13.invoke(Unknown Source)
	at java.base/jdk.internal.reflect.DelegatingMethodAccessorImpl.invoke(DelegatingMethodAccessorImpl.java:43)
	at java.base/java.lang.reflect.Method.invoke(Method.java:568)
	at org.testng.internal.MethodInvocationHelper.invokeMethod(MethodInvocationHelper.java:133)
	at org.testng.internal.TestInvoker.invokeMethod(TestInvoker.java:598)
	at org.testng.internal.TestInvoker.invokeTestMethod(TestInvoker.java:173)
	at org.testng.internal.MethodRunner.runInSequence(MethodRunner.java:46)
	at org.testng.internal.TestInvoker$MethodInvocationAgent.invoke(TestInvoker.java:824)
	at org.testng.internal.TestInvoker.invokeTestMethods(TestInvoker.java:146)
	at org.testng.internal.TestMethodWorker.invokeTestMethods(TestMethodWorker.java:146)
	at org.testng.internal.TestMethodWorker.run(TestMethodWorker.java:128)
	at java.base/java.util.ArrayList.forEach(ArrayList.java:1511)
	at org.testng.TestRunner.privateRun(TestRunner.java:794)
	at org.testng.TestRunner.run(TestRunner.java:596)
	at org.testng.SuiteRunner.runTest(SuiteRunner.java:377)
	at org.testng.SuiteRunner.runSequentially(SuiteRunner.java:371)
	at org.testng.SuiteRunner.privateRun(SuiteRunner.java:332)
	at org.testng.SuiteRunner.run(SuiteRunner.java:276)
	at org.testng.SuiteRunnerWorker.runSuite(SuiteRunnerWorker.java:53)
	at org.testng.SuiteRunnerWorker.run(SuiteRunnerWorker.java:96)
	at org.testng.TestNG.runSuitesSequentially(TestNG.java:1212)
	at org.testng.TestNG.runSuitesLocally(TestNG.java:1134)
	at org.testng.TestNG.runSuites(TestNG.java:1063)
	at org.testng.TestNG.run(TestNG.java:1031)
	at org.testng.remote.AbstractRemoteTestNG.run(AbstractRemoteTestNG.java:115)
	at org.testng.remote.RemoteTestNG.initAndRun(RemoteTestNG.java:293)
	at org.testng.remote.RemoteTestNG.main(RemoteTestNG.java:91)
</pre></div><a href='#' onClick='toggleBox("stack-trace14517768", this, "Click to show all stack frames", "Click to hide stack frames")'>Click to show all stack frames</a>
<div class='stack-trace' id='stack-trace14517768'><pre>java.lang.AssertionError: mobile number is Mandatory expected [rgb(40, 167, 69)] but found [rgb(220, 53, 69)]
	at org.testng.Assert.fail(Assert.java:99)
	at org.testng.Assert.failNotEquals(Assert.java:1037)
	at org.testng.Assert.assertEqualsImpl(Assert.java:140)
	at org.testng.Assert.assertEquals(Assert.java:122)
	at org.testng.Assert.assertEquals(Assert.java:629)
	at utils.TestNGHelpers.validateUsingAsserts(TestNGHelpers.java:36)
	at executionClasses.FormTest.test(FormTest.java:42)
	at jdk.internal.reflect.GeneratedMethodAccessor13.invoke(Unknown Source)
	at java.base/jdk.internal.reflect.DelegatingMethodAccessorImpl.invoke(DelegatingMethodAccessorImpl.java:43)
	at java.base/java.lang.reflect.Method.invoke(Method.java:568)
	at org.testng.internal.MethodInvocationHelper.invokeMethod(MethodInvocationHelper.java:133)
	at org.testng.internal.TestInvoker.invokeMethod(TestInvoker.java:598)
	at org.testng.internal.TestInvoker.invokeTestMethod(TestInvoker.java:173)
	at org.testng.internal.MethodRunner.runInSequence(MethodRunner.java:46)
	at org.testng.internal.TestInvoker$MethodInvocationAgent.invoke(TestInvoker.java:824)
	at org.testng.internal.TestInvoker.invokeTestMethods(TestInvoker.java:146)
	at org.testng.internal.TestMethodWorker.invokeTestMethods(TestMethodWorker.java:146)
	at org.testng.internal.TestMethodWorker.run(TestMethodWorker.java:128)
	at java.base/java.util.ArrayList.forEach(ArrayList.java:1511)
	at org.testng.TestRunner.privateRun(TestRunner.java:794)
	at org.testng.TestRunner.run(TestRunner.java:596)
	at org.testng.SuiteRunner.runTest(SuiteRunner.java:377)
	at org.testng.SuiteRunner.runSequentially(SuiteRunner.java:371)
	at org.testng.SuiteRunner.privateRun(SuiteRunner.java:332)
	at org.testng.SuiteRunner.run(SuiteRunner.java:276)
	at org.testng.SuiteRunnerWorker.runSuite(SuiteRunnerWorker.java:53)
	at org.testng.SuiteRunnerWorker.run(SuiteRunnerWorker.java:96)
	at org.testng.TestNG.runSuitesSequentially(TestNG.java:1212)
	at org.testng.TestNG.runSuitesLocally(TestNG.java:1134)
	at org.testng.TestNG.runSuites(TestNG.java:1063)
	at org.testng.TestNG.run(TestNG.java:1031)
	at org.testng.remote.AbstractRemoteTestNG.run(AbstractRemoteTestNG.java:115)
	at org.testng.remote.RemoteTestNG.initAndRun(RemoteTestNG.java:293)
	at org.testng.remote.RemoteTestNG.main(RemoteTestNG.java:91)
</pre></div></td>
<td>6</td>
<td>executionClasses.FormTest@5fdcaa40</td></tr>
<tr>
<td title='executionClasses.FormTest.test()'><b>test</b><br>Test class: executionClasses.FormTest<br>Parameters: Harry, Potter, abc@, Female, 987456321, Accounting, TRUE, , TRUE, ./File//image2.png, bhimavaram, Haryana, Panipat, yes</td>
<td><div><pre>java.lang.AssertionError: mobile number is Mandatory expected [rgb(40, 167, 69)] but found [rgb(220, 53, 69)]
	at org.testng.Assert.fail(Assert.java:99)
	at org.testng.Assert.failNotEquals(Assert.java:1037)
	at org.testng.Assert.assertEqualsImpl(Assert.java:140)
	at org.testng.Assert.assertEquals(Assert.java:122)
	at org.testng.Assert.assertEquals(Assert.java:629)
	at utils.TestNGHelpers.validateUsingAsserts(TestNGHelpers.java:36)
	at executionClasses.FormTest.test(FormTest.java:42)
	at jdk.internal.reflect.GeneratedMethodAccessor13.invoke(Unknown Source)
	at java.base/jdk.internal.reflect.DelegatingMethodAccessorImpl.invoke(DelegatingMethodAccessorImpl.java:43)
	at java.base/java.lang.reflect.Method.invoke(Method.java:568)
	at org.testng.internal.MethodInvocationHelper.invokeMethod(MethodInvocationHelper.java:133)
	at org.testng.internal.TestInvoker.invokeMethod(TestInvoker.java:598)
	at org.testng.internal.TestInvoker.invokeTestMethod(TestInvoker.java:173)
	at org.testng.internal.MethodRunner.runInSequence(MethodRunner.java:46)
	at org.testng.internal.TestInvoker$MethodInvocationAgent.invoke(TestInvoker.java:824)
	at org.testng.internal.TestInvoker.invokeTestMethods(TestInvoker.java:146)
	at org.testng.internal.TestMethodWorker.invokeTestMethods(TestMethodWorker.java:146)
	at org.testng.internal.TestMethodWorker.run(TestMethodWorker.java:128)
	at java.base/java.util.ArrayList.forEach(ArrayList.java:1511)
	at org.testng.TestRunner.privateRun(TestRunner.java:794)
	at org.testng.TestRunner.run(TestRunner.java:596)
	at org.testng.SuiteRunner.runTest(SuiteRunner.java:377)
	at org.testng.SuiteRunner.runSequentially(SuiteRunner.java:371)
	at org.testng.SuiteRunner.privateRun(SuiteRunner.java:332)
	at org.testng.SuiteRunner.run(SuiteRunner.java:276)
	at org.testng.SuiteRunnerWorker.runSuite(SuiteRunnerWorker.java:53)
	at org.testng.SuiteRunnerWorker.run(SuiteRunnerWorker.java:96)
	at org.testng.TestNG.runSuitesSequentially(TestNG.java:1212)
	at org.testng.TestNG.runSuitesLocally(TestNG.java:1134)
	at org.testng.TestNG.runSuites(TestNG.java:1063)
	at org.testng.TestNG.run(TestNG.java:1031)
	at org.testng.remote.AbstractRemoteTestNG.run(AbstractRemoteTestNG.java:115)
	at org.testng.remote.RemoteTestNG.initAndRun(RemoteTestNG.java:293)
	at org.testng.remote.RemoteTestNG.main(RemoteTestNG.java:91)
</pre></div><a href='#' onClick='toggleBox("stack-trace1391527655", this, "Click to show all stack frames", "Click to hide stack frames")'>Click to show all stack frames</a>
<div class='stack-trace' id='stack-trace1391527655'><pre>java.lang.AssertionError: mobile number is Mandatory expected [rgb(40, 167, 69)] but found [rgb(220, 53, 69)]
	at org.testng.Assert.fail(Assert.java:99)
	at org.testng.Assert.failNotEquals(Assert.java:1037)
	at org.testng.Assert.assertEqualsImpl(Assert.java:140)
	at org.testng.Assert.assertEquals(Assert.java:122)
	at org.testng.Assert.assertEquals(Assert.java:629)
	at utils.TestNGHelpers.validateUsingAsserts(TestNGHelpers.java:36)
	at executionClasses.FormTest.test(FormTest.java:42)
	at jdk.internal.reflect.GeneratedMethodAccessor13.invoke(Unknown Source)
	at java.base/jdk.internal.reflect.DelegatingMethodAccessorImpl.invoke(DelegatingMethodAccessorImpl.java:43)
	at java.base/java.lang.reflect.Method.invoke(Method.java:568)
	at org.testng.internal.MethodInvocationHelper.invokeMethod(MethodInvocationHelper.java:133)
	at org.testng.internal.TestInvoker.invokeMethod(TestInvoker.java:598)
	at org.testng.internal.TestInvoker.invokeTestMethod(TestInvoker.java:173)
	at org.testng.internal.MethodRunner.runInSequence(MethodRunner.java:46)
	at org.testng.internal.TestInvoker$MethodInvocationAgent.invoke(TestInvoker.java:824)
	at org.testng.internal.TestInvoker.invokeTestMethods(TestInvoker.java:146)
	at org.testng.internal.TestMethodWorker.invokeTestMethods(TestMethodWorker.java:146)
	at org.testng.internal.TestMethodWorker.run(TestMethodWorker.java:128)
	at java.base/java.util.ArrayList.forEach(ArrayList.java:1511)
	at org.testng.TestRunner.privateRun(TestRunner.java:794)
	at org.testng.TestRunner.run(TestRunner.java:596)
	at org.testng.SuiteRunner.runTest(SuiteRunner.java:377)
	at org.testng.SuiteRunner.runSequentially(SuiteRunner.java:371)
	at org.testng.SuiteRunner.privateRun(SuiteRunner.java:332)
	at org.testng.SuiteRunner.run(SuiteRunner.java:276)
	at org.testng.SuiteRunnerWorker.runSuite(SuiteRunnerWorker.java:53)
	at org.testng.SuiteRunnerWorker.run(SuiteRunnerWorker.java:96)
	at org.testng.TestNG.runSuitesSequentially(TestNG.java:1212)
	at org.testng.TestNG.runSuitesLocally(TestNG.java:1134)
	at org.testng.TestNG.runSuites(TestNG.java:1063)
	at org.testng.TestNG.run(TestNG.java:1031)
	at org.testng.remote.AbstractRemoteTestNG.run(AbstractRemoteTestNG.java:115)
	at org.testng.remote.RemoteTestNG.initAndRun(RemoteTestNG.java:293)
	at org.testng.remote.RemoteTestNG.main(RemoteTestNG.java:91)
</pre></div></td>
<td>6</td>
<td>executionClasses.FormTest@5fdcaa40</td></tr>
<tr>
<td title='executionClasses.FormTest.test()'><b>test</b><br>Test class: executionClasses.FormTest<br>Parameters: Harry, Potter, abc@, Female, 987456321, Physics, TRUE, TRUE, TRUE, ./File//image2.png, , Haryana, Panipat, yes</td>
<td><div><pre>java.lang.AssertionError: mobile number is Mandatory expected [rgb(40, 167, 69)] but found [rgb(220, 53, 69)]
	at org.testng.Assert.fail(Assert.java:99)
	at org.testng.Assert.failNotEquals(Assert.java:1037)
	at org.testng.Assert.assertEqualsImpl(Assert.java:140)
	at org.testng.Assert.assertEquals(Assert.java:122)
	at org.testng.Assert.assertEquals(Assert.java:629)
	at utils.TestNGHelpers.validateUsingAsserts(TestNGHelpers.java:36)
	at executionClasses.FormTest.test(FormTest.java:42)
	at jdk.internal.reflect.GeneratedMethodAccessor13.invoke(Unknown Source)
	at java.base/jdk.internal.reflect.DelegatingMethodAccessorImpl.invoke(DelegatingMethodAccessorImpl.java:43)
	at java.base/java.lang.reflect.Method.invoke(Method.java:568)
	at org.testng.internal.MethodInvocationHelper.invokeMethod(MethodInvocationHelper.java:133)
	at org.testng.internal.TestInvoker.invokeMethod(TestInvoker.java:598)
	at org.testng.internal.TestInvoker.invokeTestMethod(TestInvoker.java:173)
	at org.testng.internal.MethodRunner.runInSequence(MethodRunner.java:46)
	at org.testng.internal.TestInvoker$MethodInvocationAgent.invoke(TestInvoker.java:824)
	at org.testng.internal.TestInvoker.invokeTestMethods(TestInvoker.java:146)
	at org.testng.internal.TestMethodWorker.invokeTestMethods(TestMethodWorker.java:146)
	at org.testng.internal.TestMethodWorker.run(TestMethodWorker.java:128)
	at java.base/java.util.ArrayList.forEach(ArrayList.java:1511)
	at org.testng.TestRunner.privateRun(TestRunner.java:794)
	at org.testng.TestRunner.run(TestRunner.java:596)
	at org.testng.SuiteRunner.runTest(SuiteRunner.java:377)
	at org.testng.SuiteRunner.runSequentially(SuiteRunner.java:371)
	at org.testng.SuiteRunner.privateRun(SuiteRunner.java:332)
	at org.testng.SuiteRunner.run(SuiteRunner.java:276)
	at org.testng.SuiteRunnerWorker.runSuite(SuiteRunnerWorker.java:53)
	at org.testng.SuiteRunnerWorker.run(SuiteRunnerWorker.java:96)
	at org.testng.TestNG.runSuitesSequentially(TestNG.java:1212)
	at org.testng.TestNG.runSuitesLocally(TestNG.java:1134)
	at org.testng.TestNG.runSuites(TestNG.java:1063)
	at org.testng.TestNG.run(TestNG.java:1031)
	at org.testng.remote.AbstractRemoteTestNG.run(AbstractRemoteTestNG.java:115)
	at org.testng.remote.RemoteTestNG.initAndRun(RemoteTestNG.java:293)
	at org.testng.remote.RemoteTestNG.main(RemoteTestNG.java:91)
</pre></div><a href='#' onClick='toggleBox("stack-trace2129448187", this, "Click to show all stack frames", "Click to hide stack frames")'>Click to show all stack frames</a>
<div class='stack-trace' id='stack-trace2129448187'><pre>java.lang.AssertionError: mobile number is Mandatory expected [rgb(40, 167, 69)] but found [rgb(220, 53, 69)]
	at org.testng.Assert.fail(Assert.java:99)
	at org.testng.Assert.failNotEquals(Assert.java:1037)
	at org.testng.Assert.assertEqualsImpl(Assert.java:140)
	at org.testng.Assert.assertEquals(Assert.java:122)
	at org.testng.Assert.assertEquals(Assert.java:629)
	at utils.TestNGHelpers.validateUsingAsserts(TestNGHelpers.java:36)
	at executionClasses.FormTest.test(FormTest.java:42)
	at jdk.internal.reflect.GeneratedMethodAccessor13.invoke(Unknown Source)
	at java.base/jdk.internal.reflect.DelegatingMethodAccessorImpl.invoke(DelegatingMethodAccessorImpl.java:43)
	at java.base/java.lang.reflect.Method.invoke(Method.java:568)
	at org.testng.internal.MethodInvocationHelper.invokeMethod(MethodInvocationHelper.java:133)
	at org.testng.internal.TestInvoker.invokeMethod(TestInvoker.java:598)
	at org.testng.internal.TestInvoker.invokeTestMethod(TestInvoker.java:173)
	at org.testng.internal.MethodRunner.runInSequence(MethodRunner.java:46)
	at org.testng.internal.TestInvoker$MethodInvocationAgent.invoke(TestInvoker.java:824)
	at org.testng.internal.TestInvoker.invokeTestMethods(TestInvoker.java:146)
	at org.testng.internal.TestMethodWorker.invokeTestMethods(TestMethodWorker.java:146)
	at org.testng.internal.TestMethodWorker.run(TestMethodWorker.java:128)
	at java.base/java.util.ArrayList.forEach(ArrayList.java:1511)
	at org.testng.TestRunner.privateRun(TestRunner.java:794)
	at org.testng.TestRunner.run(TestRunner.java:596)
	at org.testng.SuiteRunner.runTest(SuiteRunner.java:377)
	at org.testng.SuiteRunner.runSequentially(SuiteRunner.java:371)
	at org.testng.SuiteRunner.privateRun(SuiteRunner.java:332)
	at org.testng.SuiteRunner.run(SuiteRunner.java:276)
	at org.testng.SuiteRunnerWorker.runSuite(SuiteRunnerWorker.java:53)
	at org.testng.SuiteRunnerWorker.run(SuiteRunnerWorker.java:96)
	at org.testng.TestNG.runSuitesSequentially(TestNG.java:1212)
	at org.testng.TestNG.runSuitesLocally(TestNG.java:1134)
	at org.testng.TestNG.runSuites(TestNG.java:1063)
	at org.testng.TestNG.run(TestNG.java:1031)
	at org.testng.remote.AbstractRemoteTestNG.run(AbstractRemoteTestNG.java:115)
	at org.testng.remote.RemoteTestNG.initAndRun(RemoteTestNG.java:293)
	at org.testng.remote.RemoteTestNG.main(RemoteTestNG.java:91)
</pre></div></td>
<td>7</td>
<td>executionClasses.FormTest@5fdcaa40</td></tr>
<tr>
<td title='executionClasses.FormTest.test()'><b>test</b><br>Test class: executionClasses.FormTest<br>Parameters: Harry, Potter, abc@gmail.com, Female, 987456321, Accounting, TRUE, , TRUE, ./File//image2.png, bhimavaram, Haryana, Panipat, yes</td>
<td><div><pre>java.lang.AssertionError: mobile number is Mandatory expected [rgb(40, 167, 69)] but found [rgb(220, 53, 69)]
	at org.testng.Assert.fail(Assert.java:99)
	at org.testng.Assert.failNotEquals(Assert.java:1037)
	at org.testng.Assert.assertEqualsImpl(Assert.java:140)
	at org.testng.Assert.assertEquals(Assert.java:122)
	at org.testng.Assert.assertEquals(Assert.java:629)
	at utils.TestNGHelpers.validateUsingAsserts(TestNGHelpers.java:36)
	at executionClasses.FormTest.test(FormTest.java:42)
	at jdk.internal.reflect.GeneratedMethodAccessor13.invoke(Unknown Source)
	at java.base/jdk.internal.reflect.DelegatingMethodAccessorImpl.invoke(DelegatingMethodAccessorImpl.java:43)
	at java.base/java.lang.reflect.Method.invoke(Method.java:568)
	at org.testng.internal.MethodInvocationHelper.invokeMethod(MethodInvocationHelper.java:133)
	at org.testng.internal.TestInvoker.invokeMethod(TestInvoker.java:598)
	at org.testng.internal.TestInvoker.invokeTestMethod(TestInvoker.java:173)
	at org.testng.internal.MethodRunner.runInSequence(MethodRunner.java:46)
	at org.testng.internal.TestInvoker$MethodInvocationAgent.invoke(TestInvoker.java:824)
	at org.testng.internal.TestInvoker.invokeTestMethods(TestInvoker.java:146)
	at org.testng.internal.TestMethodWorker.invokeTestMethods(TestMethodWorker.java:146)
	at org.testng.internal.TestMethodWorker.run(TestMethodWorker.java:128)
	at java.base/java.util.ArrayList.forEach(ArrayList.java:1511)
	at org.testng.TestRunner.privateRun(TestRunner.java:794)
	at org.testng.TestRunner.run(TestRunner.java:596)
	at org.testng.SuiteRunner.runTest(SuiteRunner.java:377)
	at org.testng.SuiteRunner.runSequentially(SuiteRunner.java:371)
	at org.testng.SuiteRunner.privateRun(SuiteRunner.java:332)
	at org.testng.SuiteRunner.run(SuiteRunner.java:276)
	at org.testng.SuiteRunnerWorker.runSuite(SuiteRunnerWorker.java:53)
	at org.testng.SuiteRunnerWorker.run(SuiteRunnerWorker.java:96)
	at org.testng.TestNG.runSuitesSequentially(TestNG.java:1212)
	at org.testng.TestNG.runSuitesLocally(TestNG.java:1134)
	at org.testng.TestNG.runSuites(TestNG.java:1063)
	at org.testng.TestNG.run(TestNG.java:1031)
	at org.testng.remote.AbstractRemoteTestNG.run(AbstractRemoteTestNG.java:115)
	at org.testng.remote.RemoteTestNG.initAndRun(RemoteTestNG.java:293)
	at org.testng.remote.RemoteTestNG.main(RemoteTestNG.java:91)
</pre></div><a href='#' onClick='toggleBox("stack-trace495423582", this, "Click to show all stack frames", "Click to hide stack frames")'>Click to show all stack frames</a>
<div class='stack-trace' id='stack-trace495423582'><pre>java.lang.AssertionError: mobile number is Mandatory expected [rgb(40, 167, 69)] but found [rgb(220, 53, 69)]
	at org.testng.Assert.fail(Assert.java:99)
	at org.testng.Assert.failNotEquals(Assert.java:1037)
	at org.testng.Assert.assertEqualsImpl(Assert.java:140)
	at org.testng.Assert.assertEquals(Assert.java:122)
	at org.testng.Assert.assertEquals(Assert.java:629)
	at utils.TestNGHelpers.validateUsingAsserts(TestNGHelpers.java:36)
	at executionClasses.FormTest.test(FormTest.java:42)
	at jdk.internal.reflect.GeneratedMethodAccessor13.invoke(Unknown Source)
	at java.base/jdk.internal.reflect.DelegatingMethodAccessorImpl.invoke(DelegatingMethodAccessorImpl.java:43)
	at java.base/java.lang.reflect.Method.invoke(Method.java:568)
	at org.testng.internal.MethodInvocationHelper.invokeMethod(MethodInvocationHelper.java:133)
	at org.testng.internal.TestInvoker.invokeMethod(TestInvoker.java:598)
	at org.testng.internal.TestInvoker.invokeTestMethod(TestInvoker.java:173)
	at org.testng.internal.MethodRunner.runInSequence(MethodRunner.java:46)
	at org.testng.internal.TestInvoker$MethodInvocationAgent.invoke(TestInvoker.java:824)
	at org.testng.internal.TestInvoker.invokeTestMethods(TestInvoker.java:146)
	at org.testng.internal.TestMethodWorker.invokeTestMethods(TestMethodWorker.java:146)
	at org.testng.internal.TestMethodWorker.run(TestMethodWorker.java:128)
	at java.base/java.util.ArrayList.forEach(ArrayList.java:1511)
	at org.testng.TestRunner.privateRun(TestRunner.java:794)
	at org.testng.TestRunner.run(TestRunner.java:596)
	at org.testng.SuiteRunner.runTest(SuiteRunner.java:377)
	at org.testng.SuiteRunner.runSequentially(SuiteRunner.java:371)
	at org.testng.SuiteRunner.privateRun(SuiteRunner.java:332)
	at org.testng.SuiteRunner.run(SuiteRunner.java:276)
	at org.testng.SuiteRunnerWorker.runSuite(SuiteRunnerWorker.java:53)
	at org.testng.SuiteRunnerWorker.run(SuiteRunnerWorker.java:96)
	at org.testng.TestNG.runSuitesSequentially(TestNG.java:1212)
	at org.testng.TestNG.runSuitesLocally(TestNG.java:1134)
	at org.testng.TestNG.runSuites(TestNG.java:1063)
	at org.testng.TestNG.run(TestNG.java:1031)
	at org.testng.remote.AbstractRemoteTestNG.run(AbstractRemoteTestNG.java:115)
	at org.testng.remote.RemoteTestNG.initAndRun(RemoteTestNG.java:293)
	at org.testng.remote.RemoteTestNG.main(RemoteTestNG.java:91)
</pre></div></td>
<td>6</td>
<td>executionClasses.FormTest@5fdcaa40</td></tr>
<tr>
<td title='executionClasses.FormTest.test()'><b>test</b><br>Test class: executionClasses.FormTest<br>Parameters: Harry, Potter, abc@gmail.com, Male, 987456321, Physics, TRUE, TRUE, TRUE, ./File//image2.png, bhimavaram, , Panipat, yes</td>
<td><div><pre>java.lang.AssertionError: mobile number is Mandatory expected [rgb(40, 167, 69)] but found [rgb(220, 53, 69)]
	at org.testng.Assert.fail(Assert.java:99)
	at org.testng.Assert.failNotEquals(Assert.java:1037)
	at org.testng.Assert.assertEqualsImpl(Assert.java:140)
	at org.testng.Assert.assertEquals(Assert.java:122)
	at org.testng.Assert.assertEquals(Assert.java:629)
	at utils.TestNGHelpers.validateUsingAsserts(TestNGHelpers.java:36)
	at executionClasses.FormTest.test(FormTest.java:42)
	at jdk.internal.reflect.GeneratedMethodAccessor13.invoke(Unknown Source)
	at java.base/jdk.internal.reflect.DelegatingMethodAccessorImpl.invoke(DelegatingMethodAccessorImpl.java:43)
	at java.base/java.lang.reflect.Method.invoke(Method.java:568)
	at org.testng.internal.MethodInvocationHelper.invokeMethod(MethodInvocationHelper.java:133)
	at org.testng.internal.TestInvoker.invokeMethod(TestInvoker.java:598)
	at org.testng.internal.TestInvoker.invokeTestMethod(TestInvoker.java:173)
	at org.testng.internal.MethodRunner.runInSequence(MethodRunner.java:46)
	at org.testng.internal.TestInvoker$MethodInvocationAgent.invoke(TestInvoker.java:824)
	at org.testng.internal.TestInvoker.invokeTestMethods(TestInvoker.java:146)
	at org.testng.internal.TestMethodWorker.invokeTestMethods(TestMethodWorker.java:146)
	at org.testng.internal.TestMethodWorker.run(TestMethodWorker.java:128)
	at java.base/java.util.ArrayList.forEach(ArrayList.java:1511)
	at org.testng.TestRunner.privateRun(TestRunner.java:794)
	at org.testng.TestRunner.run(TestRunner.java:596)
	at org.testng.SuiteRunner.runTest(SuiteRunner.java:377)
	at org.testng.SuiteRunner.runSequentially(SuiteRunner.java:371)
	at org.testng.SuiteRunner.privateRun(SuiteRunner.java:332)
	at org.testng.SuiteRunner.run(SuiteRunner.java:276)
	at org.testng.SuiteRunnerWorker.runSuite(SuiteRunnerWorker.java:53)
	at org.testng.SuiteRunnerWorker.run(SuiteRunnerWorker.java:96)
	at org.testng.TestNG.runSuitesSequentially(TestNG.java:1212)
	at org.testng.TestNG.runSuitesLocally(TestNG.java:1134)
	at org.testng.TestNG.runSuites(TestNG.java:1063)
	at org.testng.TestNG.run(TestNG.java:1031)
	at org.testng.remote.AbstractRemoteTestNG.run(AbstractRemoteTestNG.java:115)
	at org.testng.remote.RemoteTestNG.initAndRun(RemoteTestNG.java:293)
	at org.testng.remote.RemoteTestNG.main(RemoteTestNG.java:91)
</pre></div><a href='#' onClick='toggleBox("stack-trace2138240971", this, "Click to show all stack frames", "Click to hide stack frames")'>Click to show all stack frames</a>
<div class='stack-trace' id='stack-trace2138240971'><pre>java.lang.AssertionError: mobile number is Mandatory expected [rgb(40, 167, 69)] but found [rgb(220, 53, 69)]
	at org.testng.Assert.fail(Assert.java:99)
	at org.testng.Assert.failNotEquals(Assert.java:1037)
	at org.testng.Assert.assertEqualsImpl(Assert.java:140)
	at org.testng.Assert.assertEquals(Assert.java:122)
	at org.testng.Assert.assertEquals(Assert.java:629)
	at utils.TestNGHelpers.validateUsingAsserts(TestNGHelpers.java:36)
	at executionClasses.FormTest.test(FormTest.java:42)
	at jdk.internal.reflect.GeneratedMethodAccessor13.invoke(Unknown Source)
	at java.base/jdk.internal.reflect.DelegatingMethodAccessorImpl.invoke(DelegatingMethodAccessorImpl.java:43)
	at java.base/java.lang.reflect.Method.invoke(Method.java:568)
	at org.testng.internal.MethodInvocationHelper.invokeMethod(MethodInvocationHelper.java:133)
	at org.testng.internal.TestInvoker.invokeMethod(TestInvoker.java:598)
	at org.testng.internal.TestInvoker.invokeTestMethod(TestInvoker.java:173)
	at org.testng.internal.MethodRunner.runInSequence(MethodRunner.java:46)
	at org.testng.internal.TestInvoker$MethodInvocationAgent.invoke(TestInvoker.java:824)
	at org.testng.internal.TestInvoker.invokeTestMethods(TestInvoker.java:146)
	at org.testng.internal.TestMethodWorker.invokeTestMethods(TestMethodWorker.java:146)
	at org.testng.internal.TestMethodWorker.run(TestMethodWorker.java:128)
	at java.base/java.util.ArrayList.forEach(ArrayList.java:1511)
	at org.testng.TestRunner.privateRun(TestRunner.java:794)
	at org.testng.TestRunner.run(TestRunner.java:596)
	at org.testng.SuiteRunner.runTest(SuiteRunner.java:377)
	at org.testng.SuiteRunner.runSequentially(SuiteRunner.java:371)
	at org.testng.SuiteRunner.privateRun(SuiteRunner.java:332)
	at org.testng.SuiteRunner.run(SuiteRunner.java:276)
	at org.testng.SuiteRunnerWorker.runSuite(SuiteRunnerWorker.java:53)
	at org.testng.SuiteRunnerWorker.run(SuiteRunnerWorker.java:96)
	at org.testng.TestNG.runSuitesSequentially(TestNG.java:1212)
	at org.testng.TestNG.runSuitesLocally(TestNG.java:1134)
	at org.testng.TestNG.runSuites(TestNG.java:1063)
	at org.testng.TestNG.run(TestNG.java:1031)
	at org.testng.remote.AbstractRemoteTestNG.run(AbstractRemoteTestNG.java:115)
	at org.testng.remote.RemoteTestNG.initAndRun(RemoteTestNG.java:293)
	at org.testng.remote.RemoteTestNG.main(RemoteTestNG.java:91)
</pre></div></td>
<td>6</td>
<td>executionClasses.FormTest@5fdcaa40</td></tr>
<tr>
<td title='executionClasses.FormTest.test()'><b>test</b><br>Test class: executionClasses.FormTest<br>Parameters: Harry, Potter, abc@, Male, 987456321, Accounting, TRUE, TRUE, TRUE, ./File//image2.png, bhimavaram, Haryana, Panipat, yes</td>
<td><div><pre>java.lang.AssertionError: mobile number is Mandatory expected [rgb(40, 167, 69)] but found [rgb(220, 53, 69)]
	at org.testng.Assert.fail(Assert.java:99)
	at org.testng.Assert.failNotEquals(Assert.java:1037)
	at org.testng.Assert.assertEqualsImpl(Assert.java:140)
	at org.testng.Assert.assertEquals(Assert.java:122)
	at org.testng.Assert.assertEquals(Assert.java:629)
	at utils.TestNGHelpers.validateUsingAsserts(TestNGHelpers.java:36)
	at executionClasses.FormTest.test(FormTest.java:42)
	at jdk.internal.reflect.GeneratedMethodAccessor13.invoke(Unknown Source)
	at java.base/jdk.internal.reflect.DelegatingMethodAccessorImpl.invoke(DelegatingMethodAccessorImpl.java:43)
	at java.base/java.lang.reflect.Method.invoke(Method.java:568)
	at org.testng.internal.MethodInvocationHelper.invokeMethod(MethodInvocationHelper.java:133)
	at org.testng.internal.TestInvoker.invokeMethod(TestInvoker.java:598)
	at org.testng.internal.TestInvoker.invokeTestMethod(TestInvoker.java:173)
	at org.testng.internal.MethodRunner.runInSequence(MethodRunner.java:46)
	at org.testng.internal.TestInvoker$MethodInvocationAgent.invoke(TestInvoker.java:824)
	at org.testng.internal.TestInvoker.invokeTestMethods(TestInvoker.java:146)
	at org.testng.internal.TestMethodWorker.invokeTestMethods(TestMethodWorker.java:146)
	at org.testng.internal.TestMethodWorker.run(TestMethodWorker.java:128)
	at java.base/java.util.ArrayList.forEach(ArrayList.java:1511)
	at org.testng.TestRunner.privateRun(TestRunner.java:794)
	at org.testng.TestRunner.run(TestRunner.java:596)
	at org.testng.SuiteRunner.runTest(SuiteRunner.java:377)
	at org.testng.SuiteRunner.runSequentially(SuiteRunner.java:371)
	at org.testng.SuiteRunner.privateRun(SuiteRunner.java:332)
	at org.testng.SuiteRunner.run(SuiteRunner.java:276)
	at org.testng.SuiteRunnerWorker.runSuite(SuiteRunnerWorker.java:53)
	at org.testng.SuiteRunnerWorker.run(SuiteRunnerWorker.java:96)
	at org.testng.TestNG.runSuitesSequentially(TestNG.java:1212)
	at org.testng.TestNG.runSuitesLocally(TestNG.java:1134)
	at org.testng.TestNG.runSuites(TestNG.java:1063)
	at org.testng.TestNG.run(TestNG.java:1031)
	at org.testng.remote.AbstractRemoteTestNG.run(AbstractRemoteTestNG.java:115)
	at org.testng.remote.RemoteTestNG.initAndRun(RemoteTestNG.java:293)
	at org.testng.remote.RemoteTestNG.main(RemoteTestNG.java:91)
</pre></div><a href='#' onClick='toggleBox("stack-trace653147284", this, "Click to show all stack frames", "Click to hide stack frames")'>Click to show all stack frames</a>
<div class='stack-trace' id='stack-trace653147284'><pre>java.lang.AssertionError: mobile number is Mandatory expected [rgb(40, 167, 69)] but found [rgb(220, 53, 69)]
	at org.testng.Assert.fail(Assert.java:99)
	at org.testng.Assert.failNotEquals(Assert.java:1037)
	at org.testng.Assert.assertEqualsImpl(Assert.java:140)
	at org.testng.Assert.assertEquals(Assert.java:122)
	at org.testng.Assert.assertEquals(Assert.java:629)
	at utils.TestNGHelpers.validateUsingAsserts(TestNGHelpers.java:36)
	at executionClasses.FormTest.test(FormTest.java:42)
	at jdk.internal.reflect.GeneratedMethodAccessor13.invoke(Unknown Source)
	at java.base/jdk.internal.reflect.DelegatingMethodAccessorImpl.invoke(DelegatingMethodAccessorImpl.java:43)
	at java.base/java.lang.reflect.Method.invoke(Method.java:568)
	at org.testng.internal.MethodInvocationHelper.invokeMethod(MethodInvocationHelper.java:133)
	at org.testng.internal.TestInvoker.invokeMethod(TestInvoker.java:598)
	at org.testng.internal.TestInvoker.invokeTestMethod(TestInvoker.java:173)
	at org.testng.internal.MethodRunner.runInSequence(MethodRunner.java:46)
	at org.testng.internal.TestInvoker$MethodInvocationAgent.invoke(TestInvoker.java:824)
	at org.testng.internal.TestInvoker.invokeTestMethods(TestInvoker.java:146)
	at org.testng.internal.TestMethodWorker.invokeTestMethods(TestMethodWorker.java:146)
	at org.testng.internal.TestMethodWorker.run(TestMethodWorker.java:128)
	at java.base/java.util.ArrayList.forEach(ArrayList.java:1511)
	at org.testng.TestRunner.privateRun(TestRunner.java:794)
	at org.testng.TestRunner.run(TestRunner.java:596)
	at org.testng.SuiteRunner.runTest(SuiteRunner.java:377)
	at org.testng.SuiteRunner.runSequentially(SuiteRunner.java:371)
	at org.testng.SuiteRunner.privateRun(SuiteRunner.java:332)
	at org.testng.SuiteRunner.run(SuiteRunner.java:276)
	at org.testng.SuiteRunnerWorker.runSuite(SuiteRunnerWorker.java:53)
	at org.testng.SuiteRunnerWorker.run(SuiteRunnerWorker.java:96)
	at org.testng.TestNG.runSuitesSequentially(TestNG.java:1212)
	at org.testng.TestNG.runSuitesLocally(TestNG.java:1134)
	at org.testng.TestNG.runSuites(TestNG.java:1063)
	at org.testng.TestNG.run(TestNG.java:1031)
	at org.testng.remote.AbstractRemoteTestNG.run(AbstractRemoteTestNG.java:115)
	at org.testng.remote.RemoteTestNG.initAndRun(RemoteTestNG.java:293)
	at org.testng.remote.RemoteTestNG.main(RemoteTestNG.java:91)
</pre></div></td>
<td>6</td>
<td>executionClasses.FormTest@5fdcaa40</td></tr>
<tr>
<td title='executionClasses.FormTest.test()'><b>test</b><br>Test class: executionClasses.FormTest<br>Parameters: , , , , , Hindi, TRUE, TRUE, TRUE, ./File//image2.png, Hyderabad, Haryana, Karnal, yes</td>
<td><div><pre>java.lang.AssertionError: mobile number is Mandatory expected [rgb(40, 167, 69)] but found [rgb(220, 53, 69)]
	at org.testng.Assert.fail(Assert.java:99)
	at org.testng.Assert.failNotEquals(Assert.java:1037)
	at org.testng.Assert.assertEqualsImpl(Assert.java:140)
	at org.testng.Assert.assertEquals(Assert.java:122)
	at org.testng.Assert.assertEquals(Assert.java:629)
	at utils.TestNGHelpers.validateUsingAsserts(TestNGHelpers.java:36)
	at executionClasses.FormTest.test(FormTest.java:42)
	at java.base/jdk.internal.reflect.NativeMethodAccessorImpl.invoke0(Native Method)
	at java.base/jdk.internal.reflect.NativeMethodAccessorImpl.invoke(NativeMethodAccessorImpl.java:77)
	at java.base/jdk.internal.reflect.DelegatingMethodAccessorImpl.invoke(DelegatingMethodAccessorImpl.java:43)
	at java.base/java.lang.reflect.Method.invoke(Method.java:568)
	at org.testng.internal.MethodInvocationHelper.invokeMethod(MethodInvocationHelper.java:133)
	at org.testng.internal.TestInvoker.invokeMethod(TestInvoker.java:598)
	at org.testng.internal.TestInvoker.invokeTestMethod(TestInvoker.java:173)
	at org.testng.internal.MethodRunner.runInSequence(MethodRunner.java:46)
	at org.testng.internal.TestInvoker$MethodInvocationAgent.invoke(TestInvoker.java:824)
	at org.testng.internal.TestInvoker.invokeTestMethods(TestInvoker.java:146)
	at org.testng.internal.TestMethodWorker.invokeTestMethods(TestMethodWorker.java:146)
	at org.testng.internal.TestMethodWorker.run(TestMethodWorker.java:128)
	at java.base/java.util.ArrayList.forEach(ArrayList.java:1511)
	at org.testng.TestRunner.privateRun(TestRunner.java:794)
	at org.testng.TestRunner.run(TestRunner.java:596)
	at org.testng.SuiteRunner.runTest(SuiteRunner.java:377)
	at org.testng.SuiteRunner.runSequentially(SuiteRunner.java:371)
	at org.testng.SuiteRunner.privateRun(SuiteRunner.java:332)
	at org.testng.SuiteRunner.run(SuiteRunner.java:276)
	at org.testng.SuiteRunnerWorker.runSuite(SuiteRunnerWorker.java:53)
	at org.testng.SuiteRunnerWorker.run(SuiteRunnerWorker.java:96)
	at org.testng.TestNG.runSuitesSequentially(TestNG.java:1212)
	at org.testng.TestNG.runSuitesLocally(TestNG.java:1134)
	at org.testng.TestNG.runSuites(TestNG.java:1063)
	at org.testng.TestNG.run(TestNG.java:1031)
	at org.testng.remote.AbstractRemoteTestNG.run(AbstractRemoteTestNG.java:115)
	at org.testng.remote.RemoteTestNG.initAndRun(RemoteTestNG.java:293)
	at org.testng.remote.RemoteTestNG.main(RemoteTestNG.java:91)
</pre></div><a href='#' onClick='toggleBox("stack-trace1888353808", this, "Click to show all stack frames", "Click to hide stack frames")'>Click to show all stack frames</a>
<div class='stack-trace' id='stack-trace1888353808'><pre>java.lang.AssertionError: mobile number is Mandatory expected [rgb(40, 167, 69)] but found [rgb(220, 53, 69)]
	at org.testng.Assert.fail(Assert.java:99)
	at org.testng.Assert.failNotEquals(Assert.java:1037)
	at org.testng.Assert.assertEqualsImpl(Assert.java:140)
	at org.testng.Assert.assertEquals(Assert.java:122)
	at org.testng.Assert.assertEquals(Assert.java:629)
	at utils.TestNGHelpers.validateUsingAsserts(TestNGHelpers.java:36)
	at executionClasses.FormTest.test(FormTest.java:42)
	at java.base/jdk.internal.reflect.NativeMethodAccessorImpl.invoke0(Native Method)
	at java.base/jdk.internal.reflect.NativeMethodAccessorImpl.invoke(NativeMethodAccessorImpl.java:77)
	at java.base/jdk.internal.reflect.DelegatingMethodAccessorImpl.invoke(DelegatingMethodAccessorImpl.java:43)
	at java.base/java.lang.reflect.Method.invoke(Method.java:568)
	at org.testng.internal.MethodInvocationHelper.invokeMethod(MethodInvocationHelper.java:133)
	at org.testng.internal.TestInvoker.invokeMethod(TestInvoker.java:598)
	at org.testng.internal.TestInvoker.invokeTestMethod(TestInvoker.java:173)
	at org.testng.internal.MethodRunner.runInSequence(MethodRunner.java:46)
	at org.testng.internal.TestInvoker$MethodInvocationAgent.invoke(TestInvoker.java:824)
	at org.testng.internal.TestInvoker.invokeTestMethods(TestInvoker.java:146)
	at org.testng.internal.TestMethodWorker.invokeTestMethods(TestMethodWorker.java:146)
	at org.testng.internal.TestMethodWorker.run(TestMethodWorker.java:128)
	at java.base/java.util.ArrayList.forEach(ArrayList.java:1511)
	at org.testng.TestRunner.privateRun(TestRunner.java:794)
	at org.testng.TestRunner.run(TestRunner.java:596)
	at org.testng.SuiteRunner.runTest(SuiteRunner.java:377)
	at org.testng.SuiteRunner.runSequentially(SuiteRunner.java:371)
	at org.testng.SuiteRunner.privateRun(SuiteRunner.java:332)
	at org.testng.SuiteRunner.run(SuiteRunner.java:276)
	at org.testng.SuiteRunnerWorker.runSuite(SuiteRunnerWorker.java:53)
	at org.testng.SuiteRunnerWorker.run(SuiteRunnerWorker.java:96)
	at org.testng.TestNG.runSuitesSequentially(TestNG.java:1212)
	at org.testng.TestNG.runSuitesLocally(TestNG.java:1134)
	at org.testng.TestNG.runSuites(TestNG.java:1063)
	at org.testng.TestNG.run(TestNG.java:1031)
	at org.testng.remote.AbstractRemoteTestNG.run(AbstractRemoteTestNG.java:115)
	at org.testng.remote.RemoteTestNG.initAndRun(RemoteTestNG.java:293)
	at org.testng.remote.RemoteTestNG.main(RemoteTestNG.java:91)
</pre></div></td>
<td>6</td>
<td>executionClasses.FormTest@5fdcaa40</td></tr>
<tr>
<td title='executionClasses.FormTest.test()'><b>test</b><br>Test class: executionClasses.FormTest<br>Parameters: Harry, Potter, abc@gmail.com, Male, 987456321, Accounting, TRUE, TRUE, TRUE, ./File//image2.png, bhimavaram, Haryana, , yes</td>
<td><div><pre>java.lang.AssertionError: mobile number is Mandatory expected [rgb(40, 167, 69)] but found [rgb(220, 53, 69)]
	at org.testng.Assert.fail(Assert.java:99)
	at org.testng.Assert.failNotEquals(Assert.java:1037)
	at org.testng.Assert.assertEqualsImpl(Assert.java:140)
	at org.testng.Assert.assertEquals(Assert.java:122)
	at org.testng.Assert.assertEquals(Assert.java:629)
	at utils.TestNGHelpers.validateUsingAsserts(TestNGHelpers.java:36)
	at executionClasses.FormTest.test(FormTest.java:42)
	at jdk.internal.reflect.GeneratedMethodAccessor13.invoke(Unknown Source)
	at java.base/jdk.internal.reflect.DelegatingMethodAccessorImpl.invoke(DelegatingMethodAccessorImpl.java:43)
	at java.base/java.lang.reflect.Method.invoke(Method.java:568)
	at org.testng.internal.MethodInvocationHelper.invokeMethod(MethodInvocationHelper.java:133)
	at org.testng.internal.TestInvoker.invokeMethod(TestInvoker.java:598)
	at org.testng.internal.TestInvoker.invokeTestMethod(TestInvoker.java:173)
	at org.testng.internal.MethodRunner.runInSequence(MethodRunner.java:46)
	at org.testng.internal.TestInvoker$MethodInvocationAgent.invoke(TestInvoker.java:824)
	at org.testng.internal.TestInvoker.invokeTestMethods(TestInvoker.java:146)
	at org.testng.internal.TestMethodWorker.invokeTestMethods(TestMethodWorker.java:146)
	at org.testng.internal.TestMethodWorker.run(TestMethodWorker.java:128)
	at java.base/java.util.ArrayList.forEach(ArrayList.java:1511)
	at org.testng.TestRunner.privateRun(TestRunner.java:794)
	at org.testng.TestRunner.run(TestRunner.java:596)
	at org.testng.SuiteRunner.runTest(SuiteRunner.java:377)
	at org.testng.SuiteRunner.runSequentially(SuiteRunner.java:371)
	at org.testng.SuiteRunner.privateRun(SuiteRunner.java:332)
	at org.testng.SuiteRunner.run(SuiteRunner.java:276)
	at org.testng.SuiteRunnerWorker.runSuite(SuiteRunnerWorker.java:53)
	at org.testng.SuiteRunnerWorker.run(SuiteRunnerWorker.java:96)
	at org.testng.TestNG.runSuitesSequentially(TestNG.java:1212)
	at org.testng.TestNG.runSuitesLocally(TestNG.java:1134)
	at org.testng.TestNG.runSuites(TestNG.java:1063)
	at org.testng.TestNG.run(TestNG.java:1031)
	at org.testng.remote.AbstractRemoteTestNG.run(AbstractRemoteTestNG.java:115)
	at org.testng.remote.RemoteTestNG.initAndRun(RemoteTestNG.java:293)
	at org.testng.remote.RemoteTestNG.main(RemoteTestNG.java:91)
</pre></div><a href='#' onClick='toggleBox("stack-trace1357144153", this, "Click to show all stack frames", "Click to hide stack frames")'>Click to show all stack frames</a>
<div class='stack-trace' id='stack-trace1357144153'><pre>java.lang.AssertionError: mobile number is Mandatory expected [rgb(40, 167, 69)] but found [rgb(220, 53, 69)]
	at org.testng.Assert.fail(Assert.java:99)
	at org.testng.Assert.failNotEquals(Assert.java:1037)
	at org.testng.Assert.assertEqualsImpl(Assert.java:140)
	at org.testng.Assert.assertEquals(Assert.java:122)
	at org.testng.Assert.assertEquals(Assert.java:629)
	at utils.TestNGHelpers.validateUsingAsserts(TestNGHelpers.java:36)
	at executionClasses.FormTest.test(FormTest.java:42)
	at jdk.internal.reflect.GeneratedMethodAccessor13.invoke(Unknown Source)
	at java.base/jdk.internal.reflect.DelegatingMethodAccessorImpl.invoke(DelegatingMethodAccessorImpl.java:43)
	at java.base/java.lang.reflect.Method.invoke(Method.java:568)
	at org.testng.internal.MethodInvocationHelper.invokeMethod(MethodInvocationHelper.java:133)
	at org.testng.internal.TestInvoker.invokeMethod(TestInvoker.java:598)
	at org.testng.internal.TestInvoker.invokeTestMethod(TestInvoker.java:173)
	at org.testng.internal.MethodRunner.runInSequence(MethodRunner.java:46)
	at org.testng.internal.TestInvoker$MethodInvocationAgent.invoke(TestInvoker.java:824)
	at org.testng.internal.TestInvoker.invokeTestMethods(TestInvoker.java:146)
	at org.testng.internal.TestMethodWorker.invokeTestMethods(TestMethodWorker.java:146)
	at org.testng.internal.TestMethodWorker.run(TestMethodWorker.java:128)
	at java.base/java.util.ArrayList.forEach(ArrayList.java:1511)
	at org.testng.TestRunner.privateRun(TestRunner.java:794)
	at org.testng.TestRunner.run(TestRunner.java:596)
	at org.testng.SuiteRunner.runTest(SuiteRunner.java:377)
	at org.testng.SuiteRunner.runSequentially(SuiteRunner.java:371)
	at org.testng.SuiteRunner.privateRun(SuiteRunner.java:332)
	at org.testng.SuiteRunner.run(SuiteRunner.java:276)
	at org.testng.SuiteRunnerWorker.runSuite(SuiteRunnerWorker.java:53)
	at org.testng.SuiteRunnerWorker.run(SuiteRunnerWorker.java:96)
	at org.testng.TestNG.runSuitesSequentially(TestNG.java:1212)
	at org.testng.TestNG.runSuitesLocally(TestNG.java:1134)
	at org.testng.TestNG.runSuites(TestNG.java:1063)
	at org.testng.TestNG.run(TestNG.java:1031)
	at org.testng.remote.AbstractRemoteTestNG.run(AbstractRemoteTestNG.java:115)
	at org.testng.remote.RemoteTestNG.initAndRun(RemoteTestNG.java:293)
	at org.testng.remote.RemoteTestNG.main(RemoteTestNG.java:91)
</pre></div></td>
<td>6</td>
<td>executionClasses.FormTest@5fdcaa40</td></tr>
<tr>
<td title='executionClasses.FormTest.test()'><b>test</b><br>Test class: executionClasses.FormTest<br>Parameters: Harry, Potter, abc@, Female, 987456321, Physics, TRUE, TRUE, TRUE, , bhimavaram, Haryana, Panipat, yes</td>
<td><div><pre>java.lang.AssertionError: mobile number is Mandatory expected [rgb(40, 167, 69)] but found [rgb(220, 53, 69)]
	at org.testng.Assert.fail(Assert.java:99)
	at org.testng.Assert.failNotEquals(Assert.java:1037)
	at org.testng.Assert.assertEqualsImpl(Assert.java:140)
	at org.testng.Assert.assertEquals(Assert.java:122)
	at org.testng.Assert.assertEquals(Assert.java:629)
	at utils.TestNGHelpers.validateUsingAsserts(TestNGHelpers.java:36)
	at executionClasses.FormTest.test(FormTest.java:42)
	at jdk.internal.reflect.GeneratedMethodAccessor13.invoke(Unknown Source)
	at java.base/jdk.internal.reflect.DelegatingMethodAccessorImpl.invoke(DelegatingMethodAccessorImpl.java:43)
	at java.base/java.lang.reflect.Method.invoke(Method.java:568)
	at org.testng.internal.MethodInvocationHelper.invokeMethod(MethodInvocationHelper.java:133)
	at org.testng.internal.TestInvoker.invokeMethod(TestInvoker.java:598)
	at org.testng.internal.TestInvoker.invokeTestMethod(TestInvoker.java:173)
	at org.testng.internal.MethodRunner.runInSequence(MethodRunner.java:46)
	at org.testng.internal.TestInvoker$MethodInvocationAgent.invoke(TestInvoker.java:824)
	at org.testng.internal.TestInvoker.invokeTestMethods(TestInvoker.java:146)
	at org.testng.internal.TestMethodWorker.invokeTestMethods(TestMethodWorker.java:146)
	at org.testng.internal.TestMethodWorker.run(TestMethodWorker.java:128)
	at java.base/java.util.ArrayList.forEach(ArrayList.java:1511)
	at org.testng.TestRunner.privateRun(TestRunner.java:794)
	at org.testng.TestRunner.run(TestRunner.java:596)
	at org.testng.SuiteRunner.runTest(SuiteRunner.java:377)
	at org.testng.SuiteRunner.runSequentially(SuiteRunner.java:371)
	at org.testng.SuiteRunner.privateRun(SuiteRunner.java:332)
	at org.testng.SuiteRunner.run(SuiteRunner.java:276)
	at org.testng.SuiteRunnerWorker.runSuite(SuiteRunnerWorker.java:53)
	at org.testng.SuiteRunnerWorker.run(SuiteRunnerWorker.java:96)
	at org.testng.TestNG.runSuitesSequentially(TestNG.java:1212)
	at org.testng.TestNG.runSuitesLocally(TestNG.java:1134)
	at org.testng.TestNG.runSuites(TestNG.java:1063)
	at org.testng.TestNG.run(TestNG.java:1031)
	at org.testng.remote.AbstractRemoteTestNG.run(AbstractRemoteTestNG.java:115)
	at org.testng.remote.RemoteTestNG.initAndRun(RemoteTestNG.java:293)
	at org.testng.remote.RemoteTestNG.main(RemoteTestNG.java:91)
</pre></div><a href='#' onClick='toggleBox("stack-trace1650177125", this, "Click to show all stack frames", "Click to hide stack frames")'>Click to show all stack frames</a>
<div class='stack-trace' id='stack-trace1650177125'><pre>java.lang.AssertionError: mobile number is Mandatory expected [rgb(40, 167, 69)] but found [rgb(220, 53, 69)]
	at org.testng.Assert.fail(Assert.java:99)
	at org.testng.Assert.failNotEquals(Assert.java:1037)
	at org.testng.Assert.assertEqualsImpl(Assert.java:140)
	at org.testng.Assert.assertEquals(Assert.java:122)
	at org.testng.Assert.assertEquals(Assert.java:629)
	at utils.TestNGHelpers.validateUsingAsserts(TestNGHelpers.java:36)
	at executionClasses.FormTest.test(FormTest.java:42)
	at jdk.internal.reflect.GeneratedMethodAccessor13.invoke(Unknown Source)
	at java.base/jdk.internal.reflect.DelegatingMethodAccessorImpl.invoke(DelegatingMethodAccessorImpl.java:43)
	at java.base/java.lang.reflect.Method.invoke(Method.java:568)
	at org.testng.internal.MethodInvocationHelper.invokeMethod(MethodInvocationHelper.java:133)
	at org.testng.internal.TestInvoker.invokeMethod(TestInvoker.java:598)
	at org.testng.internal.TestInvoker.invokeTestMethod(TestInvoker.java:173)
	at org.testng.internal.MethodRunner.runInSequence(MethodRunner.java:46)
	at org.testng.internal.TestInvoker$MethodInvocationAgent.invoke(TestInvoker.java:824)
	at org.testng.internal.TestInvoker.invokeTestMethods(TestInvoker.java:146)
	at org.testng.internal.TestMethodWorker.invokeTestMethods(TestMethodWorker.java:146)
	at org.testng.internal.TestMethodWorker.run(TestMethodWorker.java:128)
	at java.base/java.util.ArrayList.forEach(ArrayList.java:1511)
	at org.testng.TestRunner.privateRun(TestRunner.java:794)
	at org.testng.TestRunner.run(TestRunner.java:596)
	at org.testng.SuiteRunner.runTest(SuiteRunner.java:377)
	at org.testng.SuiteRunner.runSequentially(SuiteRunner.java:371)
	at org.testng.SuiteRunner.privateRun(SuiteRunner.java:332)
	at org.testng.SuiteRunner.run(SuiteRunner.java:276)
	at org.testng.SuiteRunnerWorker.runSuite(SuiteRunnerWorker.java:53)
	at org.testng.SuiteRunnerWorker.run(SuiteRunnerWorker.java:96)
	at org.testng.TestNG.runSuitesSequentially(TestNG.java:1212)
	at org.testng.TestNG.runSuitesLocally(TestNG.java:1134)
	at org.testng.TestNG.runSuites(TestNG.java:1063)
	at org.testng.TestNG.run(TestNG.java:1031)
	at org.testng.remote.AbstractRemoteTestNG.run(AbstractRemoteTestNG.java:115)
	at org.testng.remote.RemoteTestNG.initAndRun(RemoteTestNG.java:293)
	at org.testng.remote.RemoteTestNG.main(RemoteTestNG.java:91)
</pre></div></td>
<td>6</td>
<td>executionClasses.FormTest@5fdcaa40</td></tr>
<tr>
<td title='executionClasses.FormTest.test()'><b>test</b><br>Test class: executionClasses.FormTest<br>Parameters: Harry, , , , , Hindi, TRUE, TRUE, TRUE, ./File//image2.png, Hyderabad, Haryana, Karnal, yes</td>
<td><div><pre>java.lang.AssertionError: mobile number is Mandatory expected [rgb(40, 167, 69)] but found [rgb(220, 53, 69)]
	at org.testng.Assert.fail(Assert.java:99)
	at org.testng.Assert.failNotEquals(Assert.java:1037)
	at org.testng.Assert.assertEqualsImpl(Assert.java:140)
	at org.testng.Assert.assertEquals(Assert.java:122)
	at org.testng.Assert.assertEquals(Assert.java:629)
	at utils.TestNGHelpers.validateUsingAsserts(TestNGHelpers.java:36)
	at executionClasses.FormTest.test(FormTest.java:42)
	at java.base/jdk.internal.reflect.NativeMethodAccessorImpl.invoke0(Native Method)
	at java.base/jdk.internal.reflect.NativeMethodAccessorImpl.invoke(NativeMethodAccessorImpl.java:77)
	at java.base/jdk.internal.reflect.DelegatingMethodAccessorImpl.invoke(DelegatingMethodAccessorImpl.java:43)
	at java.base/java.lang.reflect.Method.invoke(Method.java:568)
	at org.testng.internal.MethodInvocationHelper.invokeMethod(MethodInvocationHelper.java:133)
	at org.testng.internal.TestInvoker.invokeMethod(TestInvoker.java:598)
	at org.testng.internal.TestInvoker.invokeTestMethod(TestInvoker.java:173)
	at org.testng.internal.MethodRunner.runInSequence(MethodRunner.java:46)
	at org.testng.internal.TestInvoker$MethodInvocationAgent.invoke(TestInvoker.java:824)
	at org.testng.internal.TestInvoker.invokeTestMethods(TestInvoker.java:146)
	at org.testng.internal.TestMethodWorker.invokeTestMethods(TestMethodWorker.java:146)
	at org.testng.internal.TestMethodWorker.run(TestMethodWorker.java:128)
	at java.base/java.util.ArrayList.forEach(ArrayList.java:1511)
	at org.testng.TestRunner.privateRun(TestRunner.java:794)
	at org.testng.TestRunner.run(TestRunner.java:596)
	at org.testng.SuiteRunner.runTest(SuiteRunner.java:377)
	at org.testng.SuiteRunner.runSequentially(SuiteRunner.java:371)
	at org.testng.SuiteRunner.privateRun(SuiteRunner.java:332)
	at org.testng.SuiteRunner.run(SuiteRunner.java:276)
	at org.testng.SuiteRunnerWorker.runSuite(SuiteRunnerWorker.java:53)
	at org.testng.SuiteRunnerWorker.run(SuiteRunnerWorker.java:96)
	at org.testng.TestNG.runSuitesSequentially(TestNG.java:1212)
	at org.testng.TestNG.runSuitesLocally(TestNG.java:1134)
	at org.testng.TestNG.runSuites(TestNG.java:1063)
	at org.testng.TestNG.run(TestNG.java:1031)
	at org.testng.remote.AbstractRemoteTestNG.run(AbstractRemoteTestNG.java:115)
	at org.testng.remote.RemoteTestNG.initAndRun(RemoteTestNG.java:293)
	at org.testng.remote.RemoteTestNG.main(RemoteTestNG.java:91)
</pre></div><a href='#' onClick='toggleBox("stack-trace1257637609", this, "Click to show all stack frames", "Click to hide stack frames")'>Click to show all stack frames</a>
<div class='stack-trace' id='stack-trace1257637609'><pre>java.lang.AssertionError: mobile number is Mandatory expected [rgb(40, 167, 69)] but found [rgb(220, 53, 69)]
	at org.testng.Assert.fail(Assert.java:99)
	at org.testng.Assert.failNotEquals(Assert.java:1037)
	at org.testng.Assert.assertEqualsImpl(Assert.java:140)
	at org.testng.Assert.assertEquals(Assert.java:122)
	at org.testng.Assert.assertEquals(Assert.java:629)
	at utils.TestNGHelpers.validateUsingAsserts(TestNGHelpers.java:36)
	at executionClasses.FormTest.test(FormTest.java:42)
	at java.base/jdk.internal.reflect.NativeMethodAccessorImpl.invoke0(Native Method)
	at java.base/jdk.internal.reflect.NativeMethodAccessorImpl.invoke(NativeMethodAccessorImpl.java:77)
	at java.base/jdk.internal.reflect.DelegatingMethodAccessorImpl.invoke(DelegatingMethodAccessorImpl.java:43)
	at java.base/java.lang.reflect.Method.invoke(Method.java:568)
	at org.testng.internal.MethodInvocationHelper.invokeMethod(MethodInvocationHelper.java:133)
	at org.testng.internal.TestInvoker.invokeMethod(TestInvoker.java:598)
	at org.testng.internal.TestInvoker.invokeTestMethod(TestInvoker.java:173)
	at org.testng.internal.MethodRunner.runInSequence(MethodRunner.java:46)
	at org.testng.internal.TestInvoker$MethodInvocationAgent.invoke(TestInvoker.java:824)
	at org.testng.internal.TestInvoker.invokeTestMethods(TestInvoker.java:146)
	at org.testng.internal.TestMethodWorker.invokeTestMethods(TestMethodWorker.java:146)
	at org.testng.internal.TestMethodWorker.run(TestMethodWorker.java:128)
	at java.base/java.util.ArrayList.forEach(ArrayList.java:1511)
	at org.testng.TestRunner.privateRun(TestRunner.java:794)
	at org.testng.TestRunner.run(TestRunner.java:596)
	at org.testng.SuiteRunner.runTest(SuiteRunner.java:377)
	at org.testng.SuiteRunner.runSequentially(SuiteRunner.java:371)
	at org.testng.SuiteRunner.privateRun(SuiteRunner.java:332)
	at org.testng.SuiteRunner.run(SuiteRunner.java:276)
	at org.testng.SuiteRunnerWorker.runSuite(SuiteRunnerWorker.java:53)
	at org.testng.SuiteRunnerWorker.run(SuiteRunnerWorker.java:96)
	at org.testng.TestNG.runSuitesSequentially(TestNG.java:1212)
	at org.testng.TestNG.runSuitesLocally(TestNG.java:1134)
	at org.testng.TestNG.runSuites(TestNG.java:1063)
	at org.testng.TestNG.run(TestNG.java:1031)
	at org.testng.remote.AbstractRemoteTestNG.run(AbstractRemoteTestNG.java:115)
	at org.testng.remote.RemoteTestNG.initAndRun(RemoteTestNG.java:293)
	at org.testng.remote.RemoteTestNG.main(RemoteTestNG.java:91)
</pre></div></td>
<td>6</td>
<td>executionClasses.FormTest@5fdcaa40</td></tr>
</table><p>
<table width='100%' border='1' class='invocation-passed'>
<tr><td colspan='4' align='center'><b>PASSED TESTS</b></td></tr>
<tr><td><b>Test method</b></td>
<td width="30%"><b>Exception</b></td>
<td width="10%"><b>Time (seconds)</b></td>
<td><b>Instance</b></td>
</tr>
<tr>
<td title='executionClasses.FormTest.test()'><b>test</b><br>Test class: executionClasses.FormTest<br>Parameters: , Potter, abc@, Female, 98563214756, Physics, , TRUE, TRUE, , bhimavaram,andhra pradesh,West Godavari,India, Haryana, Panipat, yes</td>
<td></td>
<td>6</td>
<td>executionClasses.FormTest@5fdcaa40</td></tr>
<tr>
<td title='executionClasses.FormTest.test()'><b>test</b><br>Test class: executionClasses.FormTest<br>Parameters: Harry, Potter, abc@gmail.com, Female, 98563214756, Accounting, TRUE, , TRUE, ./File//image2.png, bhimavaram, Uttar Pradesh, Agra, yes</td>
<td></td>
<td>6</td>
<td>executionClasses.FormTest@5fdcaa40</td></tr>
<tr>
<td title='executionClasses.FormTest.test()'><b>test</b><br>Test class: executionClasses.FormTest<br>Parameters: , Potter, abc@gmail.com, Female, 98563214756, Physics, TRUE, TRUE, TRUE, , bhimavaram, Haryana, Panipat, yes</td>
<td></td>
<td>6</td>
<td>executionClasses.FormTest@5fdcaa40</td></tr>
<tr>
<td title='executionClasses.FormTest.test()'><b>test</b><br>Test class: executionClasses.FormTest<br>Parameters: Harry, Potter, abc@, Male, 7896541236, Accounting, TRUE, TRUE, TRUE, ./File//image2.png, bhimavaram, Haryana, Panipat, yes</td>
<td></td>
<td>6</td>
<td>executionClasses.FormTest@5fdcaa40</td></tr>
<tr>
<td title='executionClasses.FormTest.test()'><b>test</b><br>Test class: executionClasses.FormTest<br>Parameters: Harry, Potter, abc@, Female, 98563214756, Physics, TRUE, TRUE, TRUE, ./File//image2.png, , Uttar Pradesh, Agra, yes</td>
<td></td>
<td>7</td>
<td>executionClasses.FormTest@5fdcaa40</td></tr>
<tr>
<td title='executionClasses.FormTest.test()'><b>test</b><br>Test class: executionClasses.FormTest<br>Parameters: Harry, Potter, abc@, Male, 7896541236, Computer Science, TRUE, TRUE, TRUE, , bhimavaram, Haryana, Panipat, yes</td>
<td></td>
<td>6</td>
<td>executionClasses.FormTest@5fdcaa40</td></tr>
<tr>
<td title='executionClasses.FormTest.test()'><b>test</b><br>Test class: executionClasses.FormTest<br>Parameters: Harry, Potter, abc@, , 7896541236, Accounting, TRUE, TRUE, TRUE, ./File//image2.png, bhimavaram, Haryana, Panipat, yes</td>
<td></td>
<td>6</td>
<td>executionClasses.FormTest@5fdcaa40</td></tr>
<tr>
<td title='executionClasses.FormTest.test()'><b>test</b><br>Test class: executionClasses.FormTest<br>Parameters: , Potter, , Male, 7852369841, Accounting, , , , , bhimavaram,andhra pradesh,West Godavari,India, Uttar Pradesh, Lucknow, yes</td>
<td></td>
<td>6</td>
<td>executionClasses.FormTest@5fdcaa40</td></tr>
<tr>
<td title='executionClasses.FormTest.test()'><b>test</b><br>Test class: executionClasses.FormTest<br>Parameters: Harry, Potter, abc@gmail.com, , 7896541236, Accounting, TRUE, TRUE, TRUE, ./File//image2.png, bhimavaram, Haryana, , yes</td>
<td></td>
<td>6</td>
<td>executionClasses.FormTest@5fdcaa40</td></tr>
<tr>
<td title='executionClasses.FormTest.test()'><b>test</b><br>Test class: executionClasses.FormTest<br>Parameters: Harry, Potter, abc@gmail.com, Male, 98563214756, Physics, TRUE, TRUE, TRUE, , bhimavaram, , Panipat, yes</td>
<td></td>
<td>6</td>
<td>executionClasses.FormTest@5fdcaa40</td></tr>
<tr>
<td title='executionClasses.FormTest.test()'><b>test</b><br>Test class: executionClasses.FormTest<br>Parameters: Harry, Potter, abc@gmail.com, Female, 98563214756, Accounting, , TRUE, TRUE, ./File//image2.png, bhimavaram, Haryana, Panipat, yes</td>
<td></td>
<td>6</td>
<td>executionClasses.FormTest@5fdcaa40</td></tr>
<tr>
<td title='executionClasses.FormTest.test()'><b>test</b><br>Test class: executionClasses.FormTest<br>Parameters: Harry, Potter, abc@, , 7896541236, Computer Science, TRUE, , TRUE, ./File//image2.png, bhimavaram, Haryana, Panipat, yes</td>
<td></td>
<td>6</td>
<td>executionClasses.FormTest@5fdcaa40</td></tr>
<tr>
<td title='executionClasses.FormTest.test()'><b>test</b><br>Test class: executionClasses.FormTest<br>Parameters: Harry, Potter, abc@, Male, 7896541236, Accounting, TRUE, TRUE, TRUE, ./File//image2.png, bhimavaram, Haryana, , yes</td>
<td></td>
<td>6</td>
<td>executionClasses.FormTest@5fdcaa40</td></tr>
<tr>
<td title='executionClasses.FormTest.test()'><b>test</b><br>Test class: executionClasses.FormTest<br>Parameters: Harry, Potter, Qualizeal@gmail.com, Male, 9876545687, , TRUE, TRUE, TRUE, ./File//image2.png, Hyderabad, Haryana, Karnal, yes</td>
<td></td>
<td>6</td>
<td>executionClasses.FormTest@5fdcaa40</td></tr>
<tr>
<td title='executionClasses.FormTest.test()'><b>test</b><br>Test class: executionClasses.FormTest<br>Parameters: , Potter, abc@gmail.com, Female, 98563214756, Physics, TRUE, TRUE, TRUE, , bhimavaram,andhra pradesh,West Godavari,India, Haryana, Panipat, yes</td>
<td></td>
<td>6</td>
<td>executionClasses.FormTest@5fdcaa40</td></tr>
<tr>
<td title='executionClasses.FormTest.test()'><b>test</b><br>Test class: executionClasses.FormTest<br>Parameters: Harry, Potter, abc@, , 7896541236, Accounting, TRUE, TRUE, TRUE, ./File//image2.png, bhimavaram, Haryana, Panipat, yes</td>
<td></td>
<td>6</td>
<td>executionClasses.FormTest@5fdcaa40</td></tr>
<tr>
<td title='executionClasses.FormTest.test()'><b>test</b><br>Test class: executionClasses.FormTest<br>Parameters: Harry, Potter, abc@, Female, 98563214756, Physics, TRUE, TRUE, TRUE, ./File//image2.png, bhimavaram, , Panipat, yes</td>
<td></td>
<td>6</td>
<td>executionClasses.FormTest@5fdcaa40</td></tr>
<tr>
<td title='executionClasses.FormTest.test()'><b>test</b><br>Test class: executionClasses.FormTest<br>Parameters: , Potter, , Male, 7852369841, Accounting, , , , , bhimavaram,andhra pradesh,West Godavari,India, NCR, Delhi, yes</td>
<td></td>
<td>6</td>
<td>executionClasses.FormTest@5fdcaa40</td></tr>
<tr>
<td title='executionClasses.FormTest.test()'><b>test</b><br>Test class: executionClasses.FormTest<br>Parameters: Harry, Potter, abc@gmail.com, Male, 98563214756, Accounting, TRUE, TRUE, TRUE, ./File//image2.png, bhimavaram, Haryana, Panipat, yes</td>
<td></td>
<td>6</td>
<td>executionClasses.FormTest@5fdcaa40</td></tr>
<tr>
<td title='executionClasses.FormTest.test()'><b>test</b><br>Test class: executionClasses.FormTest<br>Parameters: Harry, Potter, abc@, Male, 98563214756, Accounting, , TRUE, TRUE, , bhimavaram,andhra pradesh,West Godavari,India, Uttar Pradesh, Lucknow, yes</td>
<td></td>
<td>6</td>
<td>executionClasses.FormTest@5fdcaa40</td></tr>
<tr>
<td title='executionClasses.FormTest.test()'><b>test</b><br>Test class: executionClasses.FormTest<br>Parameters: Harry, Potter, abc@gmail.com, Male, 98563214756, Accounting, TRUE, TRUE, TRUE, ./File//image2.png, bhimavaram, Uttar Pradesh, Agra, yes</td>
<td></td>
<td>6</td>
<td>executionClasses.FormTest@5fdcaa40</td></tr>
<tr>
<td title='executionClasses.FormTest.test()'><b>test</b><br>Test class: executionClasses.FormTest<br>Parameters: , Potter, abc@, , 7896541236, Computer Science, TRUE, TRUE, TRUE, , bhimavaram, Haryana, Panipat, yes</td>
<td></td>
<td>6</td>
<td>executionClasses.FormTest@5fdcaa40</td></tr>
<tr>
<td title='executionClasses.FormTest.test()'><b>test</b><br>Test class: executionClasses.FormTest<br>Parameters: Harry, , Qualizeal@gmail.com, Male, 9876545687, Hindi, TRUE, TRUE, TRUE, ./File//image2.png, Hyderabad, Haryana, Karnal, yes</td>
<td></td>
<td>6</td>
<td>executionClasses.FormTest@5fdcaa40</td></tr>
<tr>
<td title='executionClasses.FormTest.test()'><b>test</b><br>Test class: executionClasses.FormTest<br>Parameters: Harry, , , Female, 9874563214, , , , , , bhimavaram,andhra pradesh,West Godavari,India, Uttar Pradesh, Lucknow, yes</td>
<td></td>
<td>6</td>
<td>executionClasses.FormTest@5fdcaa40</td></tr>
<tr>
<td title='executionClasses.FormTest.test()'><b>test</b><br>Test class: executionClasses.FormTest<br>Parameters: Harry, Potter, abc@, Male, 98563214756, , TRUE, , TRUE, , bhimavaram,andhra pradesh,West Godavari,India, Haryana, Panipat, yes</td>
<td></td>
<td>7</td>
<td>executionClasses.FormTest@5fdcaa40</td></tr>
<tr>
<td title='executionClasses.FormTest.test()'><b>test</b><br>Test class: executionClasses.FormTest<br>Parameters: Harry, Potter, abc@, Male, 98563214756, Accounting, TRUE, TRUE, TRUE, , bhimavaram,andhra pradesh,West Godavari,India, Uttar Pradesh, Lucknow, yes</td>
<td></td>
<td>6</td>
<td>executionClasses.FormTest@5fdcaa40</td></tr>
<tr>
<td title='executionClasses.FormTest.test()'><b>test</b><br>Test class: executionClasses.FormTest<br>Parameters: Harry, Potter, abc@, Male, 7896541236, Accounting, , TRUE, TRUE, ./File//image2.png, bhimavaram, Haryana, Panipat, yes</td>
<td></td>
<td>6</td>
<td>executionClasses.FormTest@5fdcaa40</td></tr>
<tr>
<td title='executionClasses.FormTest.test()'><b>test</b><br>Test class: executionClasses.FormTest<br>Parameters: Harry, , , , 9876545687, Hindi, TRUE, TRUE, TRUE, ./File//image2.png, Hyderabad, Haryana, Karnal, yes</td>
<td></td>
<td>6</td>
<td>executionClasses.FormTest@5fdcaa40</td></tr>
<tr>
<td title='executionClasses.FormTest.test()'><b>test</b><br>Test class: executionClasses.FormTest<br>Parameters: Harry, Potter, abc@gmail.com, Female, 98563214756, Accounting, TRUE, , TRUE, ./File//image2.png, bhimavaram, Haryana, Panipat, yes</td>
<td></td>
<td>6</td>
<td>executionClasses.FormTest@5fdcaa40</td></tr>
<tr>
<td title='executionClasses.FormTest.test()'><b>test</b><br>Test class: executionClasses.FormTest<br>Parameters: Harry, Potter, abc@, Male, 98563214756, , TRUE, , TRUE, , bhimavaram, Haryana, Panipat, yes</td>
<td></td>
<td>6</td>
<td>executionClasses.FormTest@5fdcaa40</td></tr>
<tr>
<td title='executionClasses.FormTest.test()'><b>test</b><br>Test class: executionClasses.FormTest<br>Parameters: Harry, Potter, abc@, Female, 98563214756, Physics, TRUE, TRUE, TRUE, ./File//image2.png, bhimavaram, Uttar Pradesh, Agra, yes</td>
<td></td>
<td>6</td>
<td>executionClasses.FormTest@5fdcaa40</td></tr>
<tr>
<td title='executionClasses.FormTest.test()'><b>test</b><br>Test class: executionClasses.FormTest<br>Parameters: Harry, Potter, abc@gmail.com, Female, 98563214756, Physics, TRUE, TRUE, TRUE, , , Haryana, Panipat, yes</td>
<td></td>
<td>7</td>
<td>executionClasses.FormTest@5fdcaa40</td></tr>
<tr>
<td title='executionClasses.FormTest.test()'><b>test</b><br>Test class: executionClasses.FormTest<br>Parameters: Harry, Potter, abc@, Female, 98563214756, Physics, TRUE, TRUE, TRUE, , , Haryana, Panipat, yes</td>
<td></td>
<td>6</td>
<td>executionClasses.FormTest@5fdcaa40</td></tr>
<tr>
<td title='executionClasses.FormTest.test()'><b>test</b><br>Test class: executionClasses.FormTest<br>Parameters: Harry, Potter, abc@, Female, 98563214756, Physics, TRUE, TRUE, TRUE, , bhimavaram,andhra pradesh,West Godavari,India, Haryana, Panipat, yes</td>
<td></td>
<td>7</td>
<td>executionClasses.FormTest@5fdcaa40</td></tr>
<tr>
<td title='executionClasses.FormTest.test()'><b>test</b><br>Test class: executionClasses.FormTest<br>Parameters: Harry, Potter, abc@, Male, 98563214756, Accounting, TRUE, TRUE, TRUE, ./File//image2.png, bhimavaram, Haryana, Panipat, yes</td>
<td></td>
<td>6</td>
<td>executionClasses.FormTest@5fdcaa40</td></tr>
<tr>
<td title='executionClasses.FormTest.test()'><b>test</b><br>Test class: executionClasses.FormTest<br>Parameters: Harry, Potter, abc@gmail.com, Male, 98563214756, Accounting, TRUE, TRUE, TRUE, ./File//image2.png, bhimavaram, Haryana, , yes</td>
<td></td>
<td>6</td>
<td>executionClasses.FormTest@5fdcaa40</td></tr>
<tr>
<td title='executionClasses.FormTest.test()'><b>test</b><br>Test class: executionClasses.FormTest<br>Parameters: Harry, , abc@gmail.com, Male, 98563214756, Accounting, TRUE, TRUE, TRUE, ./File//image2.png, bhimavaram, Haryana, Panipat, yes</td>
<td></td>
<td>6</td>
<td>executionClasses.FormTest@5fdcaa40</td></tr>
<tr>
<td title='executionClasses.FormTest.test()'><b>test</b><br>Test class: executionClasses.FormTest<br>Parameters: Harry, Potter, Qualizeal@gmail.com, Male, 9876545687, Hindi, TRUE, TRUE, TRUE, ./File//image2.png, Hyderabad, Haryana, Karnal, yes</td>
<td></td>
<td>7</td>
<td>executionClasses.FormTest@5fdcaa40</td></tr>
<tr>
<td title='executionClasses.FormTest.test()'><b>test</b><br>Test class: executionClasses.FormTest<br>Parameters: Harry, , abc@gmail.com, , 7896541236, Accounting, TRUE, TRUE, TRUE, ./File//image2.png, bhimavaram, Haryana, Panipat, yes</td>
<td></td>
<td>6</td>
<td>executionClasses.FormTest@5fdcaa40</td></tr>
<tr>
<td title='executionClasses.FormTest.test()'><b>test</b><br>Test class: executionClasses.FormTest<br>Parameters: Harry, Potter, abc@, Male, 7896541236, Accounting, TRUE, TRUE, TRUE, ./File//image2.png, bhimavaram, , Panipat, yes</td>
<td></td>
<td>6</td>
<td>executionClasses.FormTest@5fdcaa40</td></tr>
<tr>
<td title='executionClasses.FormTest.test()'><b>test</b><br>Test class: executionClasses.FormTest<br>Parameters: Harry, Potter, abc@, Male, 98563214756, Accounting, , TRUE, TRUE, ./File//image2.png, bhimavaram, Haryana, Panipat, yes</td>
<td></td>
<td>6</td>
<td>executionClasses.FormTest@5fdcaa40</td></tr>
<tr>
<td title='executionClasses.FormTest.test()'><b>test</b><br>Test class: executionClasses.FormTest<br>Parameters: , , , , 9876545687, Hindi, TRUE, TRUE, TRUE, ./File//image2.png, Hyderabad, Haryana, Karnal, yes</td>
<td></td>
<td>6</td>
<td>executionClasses.FormTest@5fdcaa40</td></tr>
<tr>
<td title='executionClasses.FormTest.test()'><b>test</b><br>Test class: executionClasses.FormTest<br>Parameters: Harry, Potter, abc@gmail.com, , 7896541236, Commerce, TRUE, TRUE, TRUE, , bhimavaram, Haryana, Panipat, yes</td>
<td></td>
<td>6</td>
<td>executionClasses.FormTest@5fdcaa40</td></tr>
<tr>
<td title='executionClasses.FormTest.test()'><b>test</b><br>Test class: executionClasses.FormTest<br>Parameters: Harry, Potter, abc@gmail.com, Male, 98563214756, Accounting, , , , ./File//image2.png, bhimavaram, Haryana, , yes</td>
<td></td>
<td>6</td>
<td>executionClasses.FormTest@5fdcaa40</td></tr>
<tr>
<td title='executionClasses.FormTest.test()'><b>test</b><br>Test class: executionClasses.FormTest<br>Parameters: , Potter, abc@, Female, 98563214756, Physics, , TRUE, TRUE, , bhimavaram, Haryana, Panipat, yes</td>
<td></td>
<td>6</td>
<td>executionClasses.FormTest@5fdcaa40</td></tr>
<tr>
<td title='executionClasses.FormTest.test()'><b>test</b><br>Test class: executionClasses.FormTest<br>Parameters: Harry, , abc@, Male, 98563214756, Accounting, TRUE, TRUE, , , bhimavaram, Haryana, Panipat, yes</td>
<td></td>
<td>6</td>
<td>executionClasses.FormTest@5fdcaa40</td></tr>
<tr>
<td title='executionClasses.FormTest.test()'><b>test</b><br>Test class: executionClasses.FormTest<br>Parameters: Harry, Potter, abc@, Female, 98563214756, Accounting, TRUE, TRUE, TRUE, ./File//image2.png, bhimavaram, Uttar Pradesh, Agra, yes</td>
<td></td>
<td>6</td>
<td>executionClasses.FormTest@5fdcaa40</td></tr>
<tr>
<td title='executionClasses.FormTest.test()'><b>test</b><br>Test class: executionClasses.FormTest<br>Parameters: Harry, , abc@gmail.com, Female, 9874563214, , , , , , bhimavaram,andhra pradesh, NCR, Delhi, yes</td>
<td></td>
<td>6</td>
<td>executionClasses.FormTest@5fdcaa40</td></tr>
<tr>
<td title='executionClasses.FormTest.test()'><b>test</b><br>Test class: executionClasses.FormTest<br>Parameters: Harry, Potter, abc@gmail.com, Female, 98563214756, Accounting, , TRUE, TRUE, ./File//image2.png, bhimavaram, Uttar Pradesh, Agra, yes</td>
<td></td>
<td>6</td>
<td>executionClasses.FormTest@5fdcaa40</td></tr>
<tr>
<td title='executionClasses.FormTest.test()'><b>test</b><br>Test class: executionClasses.FormTest<br>Parameters: Harry, Potter, abc@gmail.com, , 7896541236, Accounting, TRUE, , TRUE, ./File//image2.png, bhimavaram, Haryana, Panipat, yes</td>
<td></td>
<td>6</td>
<td>executionClasses.FormTest@5fdcaa40</td></tr>
<tr>
<td title='executionClasses.FormTest.test()'><b>test</b><br>Test class: executionClasses.FormTest<br>Parameters: Harry, Potter, abc@gmail.com, Male, 98563214756, , TRUE, TRUE, TRUE, ./File//image2.png, bhimavaram, Uttar Pradesh, Agra, yes</td>
<td></td>
<td>6</td>
<td>executionClasses.FormTest@5fdcaa40</td></tr>
<tr>
<td title='executionClasses.FormTest.test()'><b>test</b><br>Test class: executionClasses.FormTest<br>Parameters: Harry, Potter, , Male, 98563214756, Accounting, , , , , bhimavaram,andhra pradesh,West Godavari,India, Haryana, , yes</td>
<td></td>
<td>7</td>
<td>executionClasses.FormTest@5fdcaa40</td></tr>
<tr>
<td title='executionClasses.FormTest.test()'><b>test</b><br>Test class: executionClasses.FormTest<br>Parameters: Harry, Potter, abc@, Female, 98563214756, Physics, TRUE, , TRUE, , bhimavaram, , Panipat, yes</td>
<td></td>
<td>5</td>
<td>executionClasses.FormTest@5fdcaa40</td></tr>
<tr>
<td title='executionClasses.FormTest.test()'><b>test</b><br>Test class: executionClasses.FormTest<br>Parameters: Harry, Potter, abc@, Male, 98563214756, Accounting, , TRUE, , , bhimavaram,andhra pradesh,West Godavari,India, Uttar Pradesh, Lucknow, yes</td>
<td></td>
<td>6</td>
<td>executionClasses.FormTest@5fdcaa40</td></tr>
<tr>
<td title='executionClasses.FormTest.test()'><b>test</b><br>Test class: executionClasses.FormTest<br>Parameters: , , Qualizeal@gmail.com, Male, 9876545687, Hindi, TRUE, TRUE, TRUE, ./File//image2.png, Hyderabad, Haryana, Karnal, yes</td>
<td></td>
<td>6</td>
<td>executionClasses.FormTest@5fdcaa40</td></tr>
<tr>
<td title='executionClasses.FormTest.test()'><b>test</b><br>Test class: executionClasses.FormTest<br>Parameters: , Potter, abc@gmail.com, Male, 7852369841, Accounting, , , , , bhimavaram,andhra pradesh, NCR, Delhi, yes</td>
<td></td>
<td>6</td>
<td>executionClasses.FormTest@5fdcaa40</td></tr>
<tr>
<td title='executionClasses.FormTest.test()'><b>test</b><br>Test class: executionClasses.FormTest<br>Parameters: Harry, Potter, abc@, Male, 7896541236, Computer Science, TRUE, TRUE, , ./File//image2.png, bhimavaram, Haryana, Panipat, yes</td>
<td></td>
<td>6</td>
<td>executionClasses.FormTest@5fdcaa40</td></tr>
<tr>
<td title='executionClasses.FormTest.test()'><b>test</b><br>Test class: executionClasses.FormTest<br>Parameters: Harry, Potter, abc@, Male, 98563214756, Accounting, , TRUE, , , bhimavaram,andhra pradesh,West Godavari,India, Haryana, Panipat, yes</td>
<td></td>
<td>6</td>
<td>executionClasses.FormTest@5fdcaa40</td></tr>
<tr>
<td title='executionClasses.FormTest.test()'><b>test</b><br>Test class: executionClasses.FormTest<br>Parameters: Harry, Potter, abc@, Female, 98563214756, Physics, TRUE, , TRUE, , bhimavaram,andhra pradesh,West Godavari,India, Haryana, Panipat, yes</td>
<td></td>
<td>7</td>
<td>executionClasses.FormTest@5fdcaa40</td></tr>
<tr>
<td title='executionClasses.FormTest.test()'><b>test</b><br>Test class: executionClasses.FormTest<br>Parameters: , Potter, abc@, Female, 98563214756, Physics, , TRUE, TRUE, , bhimavaram,andhra pradesh,West Godavari,India, Uttar Pradesh, Lucknow, yes</td>
<td></td>
<td>6</td>
<td>executionClasses.FormTest@5fdcaa40</td></tr>
<tr>
<td title='executionClasses.FormTest.test()'><b>test</b><br>Test class: executionClasses.FormTest<br>Parameters: Harry, Potter, abc@, Female, 98563214756, Accounting, TRUE, , TRUE, , bhimavaram, Haryana, Panipat, yes</td>
<td></td>
<td>6</td>
<td>executionClasses.FormTest@5fdcaa40</td></tr>
<tr>
<td title='executionClasses.FormTest.test()'><b>test</b><br>Test class: executionClasses.FormTest<br>Parameters: Harry, , abc@, , 7896541236, Accounting, TRUE, TRUE, TRUE, ./File//image2.png, bhimavaram, Haryana, Panipat, yes</td>
<td></td>
<td>6</td>
<td>executionClasses.FormTest@5fdcaa40</td></tr>
<tr>
<td title='executionClasses.FormTest.test()'><b>test</b><br>Test class: executionClasses.FormTest<br>Parameters: Harry, Potter, abc@, Female, 98563214756, Accounting, TRUE, , TRUE, , bhimavaram,andhra pradesh,West Godavari,India, Uttar Pradesh, Lucknow, yes</td>
<td></td>
<td>6</td>
<td>executionClasses.FormTest@5fdcaa40</td></tr>
<tr>
<td title='executionClasses.FormTest.test()'><b>test</b><br>Test class: executionClasses.FormTest<br>Parameters: Harry, Potter, abc@gmail.com, , 7896541236, , TRUE, TRUE, TRUE, ./File//image2.png, bhimavaram, Haryana, Panipat, yes</td>
<td></td>
<td>6</td>
<td>executionClasses.FormTest@5fdcaa40</td></tr>
<tr>
<td title='executionClasses.FormTest.test()'><b>test</b><br>Test class: executionClasses.FormTest<br>Parameters: Harry, Potter, abc@gmail.com, Male, 98563214756, Physics, TRUE, TRUE, TRUE, ./File//image2.png, bhimavaram, , Panipat, yes</td>
<td></td>
<td>6</td>
<td>executionClasses.FormTest@5fdcaa40</td></tr>
<tr>
<td title='executionClasses.FormTest.test()'><b>test</b><br>Test class: executionClasses.FormTest<br>Parameters: Harry, Potter, abc@gmail.com, Male, 98563214756, Accounting, TRUE, TRUE, TRUE, , bhimavaram, Haryana, , yes</td>
<td></td>
<td>6</td>
<td>executionClasses.FormTest@5fdcaa40</td></tr>
<tr>
<td title='executionClasses.FormTest.test()'><b>test</b><br>Test class: executionClasses.FormTest<br>Parameters: Harry, Potter, abc@gmail.com, Male, 98563214756, Physics, TRUE, TRUE, TRUE, , bhimavaram,andhra pradesh,West Godavari,India, , Panipat, yes</td>
<td></td>
<td>7</td>
<td>executionClasses.FormTest@5fdcaa40</td></tr>
<tr>
<td title='executionClasses.FormTest.test()'><b>test</b><br>Test class: executionClasses.FormTest<br>Parameters: Harry, Potter, abc@gmail.com, Male, 98563214756, Accounting, , , , , bhimavaram,andhra pradesh,West Godavari,India, Haryana, , yes</td>
<td></td>
<td>7</td>
<td>executionClasses.FormTest@5fdcaa40</td></tr>
<tr>
<td title='executionClasses.FormTest.test()'><b>test</b><br>Test class: executionClasses.FormTest<br>Parameters: Harry, Potter, abc@, Female, 98563214756, Physics, TRUE, TRUE, , ./File//image2.png, bhimavaram, Uttar Pradesh, Agra, yes</td>
<td></td>
<td>6</td>
<td>executionClasses.FormTest@5fdcaa40</td></tr>
<tr>
<td title='executionClasses.FormTest.test()'><b>test</b><br>Test class: executionClasses.FormTest<br>Parameters: , Potter, Qualizeal@gmail.com, Male, 9876545687, Hindi, TRUE, TRUE, TRUE, ./File//image2.png, Hyderabad, Haryana, Karnal, yes</td>
<td></td>
<td>6</td>
<td>executionClasses.FormTest@5fdcaa40</td></tr>
<tr>
<td title='executionClasses.FormTest.test()'><b>test</b><br>Test class: executionClasses.FormTest<br>Parameters: Harry, Potter, abc@gmail.com, , 7896541236, Accounting, TRUE, TRUE, TRUE, ./File//image2.png, bhimavaram, Haryana, Panipat, yes</td>
<td></td>
<td>6</td>
<td>executionClasses.FormTest@5fdcaa40</td></tr>
<tr>
<td title='executionClasses.FormTest.test()'><b>test</b><br>Test class: executionClasses.FormTest<br>Parameters: Harry, Potter, abc@, Female, 98563214756, Physics, TRUE, TRUE, , , bhimavaram,andhra pradesh,West Godavari,India, Uttar Pradesh, Lucknow, yes</td>
<td></td>
<td>6</td>
<td>executionClasses.FormTest@5fdcaa40</td></tr>
<tr>
<td title='executionClasses.FormTest.test()'><b>test</b><br>Test class: executionClasses.FormTest<br>Parameters: Harry, Potter, abc@gmail.com, Male, 98563214756, Accounting, , , , , bhimavaram, Haryana, , yes</td>
<td></td>
<td>5</td>
<td>executionClasses.FormTest@5fdcaa40</td></tr>
<tr>
<td title='executionClasses.FormTest.test()'><b>test</b><br>Test class: executionClasses.FormTest<br>Parameters: Harry, Potter, Qualizeal@gmail.com, Female, 9874563218, Telugu, TRUE, TRUE, TRUE, ./File//image2.png, bhimavaram, Haryana, Karnal, yes</td>
<td></td>
<td>6</td>
<td>executionClasses.FormTest@5fdcaa40</td></tr>
<tr>
<td title='executionClasses.FormTest.test()'><b>test</b><br>Test class: executionClasses.FormTest<br>Parameters: , , , Female, 7896541236, Maths, , , , , bhimavaram,andhra pradesh, NCR, Noida, yes</td>
<td></td>
<td>6</td>
<td>executionClasses.FormTest@5fdcaa40</td></tr>
<tr>
<td title='executionClasses.FormTest.test()'><b>test</b><br>Test class: executionClasses.FormTest<br>Parameters: Harry, , abc@, Male, 98563214756, Accounting, TRUE, TRUE, , , bhimavaram,andhra pradesh,West Godavari,India, Uttar Pradesh, Lucknow, yes</td>
<td></td>
<td>6</td>
<td>executionClasses.FormTest@5fdcaa40</td></tr>
<tr>
<td title='executionClasses.FormTest.test()'><b>test</b><br>Test class: executionClasses.FormTest<br>Parameters: Harry, Potter, abc@, Female, 98563214756, Accounting, TRUE, TRUE, TRUE, ./File//image2.png, bhimavaram, Haryana, , yes</td>
<td></td>
<td>6</td>
<td>executionClasses.FormTest@5fdcaa40</td></tr>
<tr>
<td title='executionClasses.FormTest.test()'><b>test</b><br>Test class: executionClasses.FormTest<br>Parameters: Harry, Potter, abc@, Female, 98563214756, Accounting, TRUE, TRUE, TRUE, , bhimavaram, Haryana, , yes</td>
<td></td>
<td>6</td>
<td>executionClasses.FormTest@5fdcaa40</td></tr>
<tr>
<td title='executionClasses.FormTest.test()'><b>test</b><br>Test class: executionClasses.FormTest<br>Parameters: Harry, Potter, abc@, , 7896541236, Computer Science, TRUE, TRUE, , ./File//image2.png, bhimavaram, Haryana, Panipat, yes</td>
<td></td>
<td>6</td>
<td>executionClasses.FormTest@5fdcaa40</td></tr>
<tr>
<td title='executionClasses.FormTest.test()'><b>test</b><br>Test class: executionClasses.FormTest<br>Parameters: Harry, Potter, abc@, Female, 98563214756, Physics, TRUE, TRUE, , ./File//image2.png, bhimavaram, Haryana, Panipat, yes</td>
<td></td>
<td>6</td>
<td>executionClasses.FormTest@5fdcaa40</td></tr>
<tr>
<td title='executionClasses.FormTest.test()'><b>test</b><br>Test class: executionClasses.FormTest<br>Parameters: Harry, Potter, abc@, Male, 98563214756, , TRUE, TRUE, TRUE, ./File//image2.png, bhimavaram, Haryana, Panipat, yes</td>
<td></td>
<td>6</td>
<td>executionClasses.FormTest@5fdcaa40</td></tr>
<tr>
<td title='executionClasses.FormTest.test()'><b>test</b><br>Test class: executionClasses.FormTest<br>Parameters: , , abc@gmail.com, Female, 7896541236, Maths, , , , ./File//image2.png, bhimavaram,andhra pradesh, NCR, Noida, yes</td>
<td></td>
<td>6</td>
<td>executionClasses.FormTest@5fdcaa40</td></tr>
<tr>
<td title='executionClasses.FormTest.test()'><b>test</b><br>Test class: executionClasses.FormTest<br>Parameters: Harry, Potter, abc@gmail.com, Female, 98563214756, Physics, TRUE, TRUE, TRUE, , bhimavaram,andhra pradesh,West Godavari,India, Haryana, Panipat, yes</td>
<td></td>
<td>7</td>
<td>executionClasses.FormTest@5fdcaa40</td></tr>
<tr>
<td title='executionClasses.FormTest.test()'><b>test</b><br>Test class: executionClasses.FormTest<br>Parameters: Harry, Potter, abc@gmail.com, Male, 98563214756, Accounting, TRUE, TRUE, TRUE, , bhimavaram,andhra pradesh,West Godavari,India, Haryana, , yes</td>
<td></td>
<td>6</td>
<td>executionClasses.FormTest@5fdcaa40</td></tr>
<tr>
<td title='executionClasses.FormTest.test()'><b>test</b><br>Test class: executionClasses.FormTest<br>Parameters: Harry, Potter, abc@, Male, 98563214756, Accounting, TRUE, TRUE, TRUE, ./File//image2.png, bhimavaram, Haryana, Panipat, yes</td>
<td></td>
<td>6</td>
<td>executionClasses.FormTest@5fdcaa40</td></tr>
<tr>
<td title='executionClasses.FormTest.test()'><b>test</b><br>Test class: executionClasses.FormTest<br>Parameters: , Potter, abc@, Female, 98563214756, Physics, TRUE, TRUE, TRUE, , bhimavaram, Uttar Pradesh, Agra, yes</td>
<td></td>
<td>6</td>
<td>executionClasses.FormTest@5fdcaa40</td></tr>
<tr>
<td title='executionClasses.FormTest.test()'><b>test</b><br>Test class: executionClasses.FormTest<br>Parameters: Harry, Potter, abc@gmail.com, Male, 98563214756, , TRUE, TRUE, TRUE, ./File//image2.png, bhimavaram, Haryana, Panipat, yes</td>
<td></td>
<td>6</td>
<td>executionClasses.FormTest@5fdcaa40</td></tr>
<tr>
<td title='executionClasses.FormTest.test()'><b>test</b><br>Test class: executionClasses.FormTest<br>Parameters: Harry, Potter, abc@, Female, 98563214756, Accounting, TRUE, TRUE, TRUE, , bhimavaram,andhra pradesh,West Godavari,India, Haryana, , yes</td>
<td></td>
<td>7</td>
<td>executionClasses.FormTest@5fdcaa40</td></tr>
<tr>
<td title='executionClasses.FormTest.test()'><b>test</b><br>Test class: executionClasses.FormTest<br>Parameters: , Potter, abc@, Female, 98563214756, Physics, TRUE, TRUE, TRUE, , bhimavaram, Haryana, Panipat, yes</td>
<td></td>
<td>6</td>
<td>executionClasses.FormTest@5fdcaa40</td></tr>
<tr>
<td title='executionClasses.FormTest.test()'><b>test</b><br>Test class: executionClasses.FormTest<br>Parameters: Harry, , abc@gmail.com, Male, 98563214756, Accounting, TRUE, TRUE, TRUE, ./File//image2.png, bhimavaram, Uttar Pradesh, Agra, yes</td>
<td></td>
<td>6</td>
<td>executionClasses.FormTest@5fdcaa40</td></tr>
<tr>
<td title='executionClasses.FormTest.test()'><b>test</b><br>Test class: executionClasses.FormTest<br>Parameters: Harry, Potter, abc@, , 7896541236, Accounting, TRUE, TRUE, TRUE, ./File//image2.png, bhimavaram, Haryana, Panipat, yes</td>
<td></td>
<td>6</td>
<td>executionClasses.FormTest@5fdcaa40</td></tr>
<tr>
<td title='executionClasses.FormTest.test()'><b>test</b><br>Test class: executionClasses.FormTest<br>Parameters: Harry, Potter, abc@gmail.com, , 7896541236, Commerce, TRUE, TRUE, , ./File//image2.png, bhimavaram, Haryana, Panipat, yes</td>
<td></td>
<td>6</td>
<td>executionClasses.FormTest@5fdcaa40</td></tr>
<tr>
<td title='executionClasses.FormTest.test()'><b>test</b><br>Test class: executionClasses.FormTest<br>Parameters: Harry, Potter, abc@, Female, 98563214756, Accounting, TRUE, , TRUE, ./File//image2.png, bhimavaram, Uttar Pradesh, Agra, yes</td>
<td></td>
<td>6</td>
<td>executionClasses.FormTest@5fdcaa40</td></tr>
<tr>
<td title='executionClasses.FormTest.test()'><b>test</b><br>Test class: executionClasses.FormTest<br>Parameters: , Potter, , Male, 7852369841, Accounting, , , , , bhimavaram,andhra pradesh, NCR, Delhi, yes</td>
<td></td>
<td>6</td>
<td>executionClasses.FormTest@5fdcaa40</td></tr>
<tr>
<td title='executionClasses.FormTest.test()'><b>test</b><br>Test class: executionClasses.FormTest<br>Parameters: , Potter, abc@gmail.com, Female, 98563214756, Physics, TRUE, TRUE, , ./File//image2.png, bhimavaram, Uttar Pradesh, Agra, yes</td>
<td></td>
<td>6</td>
<td>executionClasses.FormTest@5fdcaa40</td></tr>
<tr>
<td title='executionClasses.FormTest.test()'><b>test</b><br>Test class: executionClasses.FormTest<br>Parameters: Harry, , , Male, 9876545687, Hindi, TRUE, TRUE, TRUE, ./File//image2.png, Hyderabad, Haryana, Karnal, yes</td>
<td></td>
<td>6</td>
<td>executionClasses.FormTest@5fdcaa40</td></tr>
<tr>
<td title='executionClasses.FormTest.test()'><b>test</b><br>Test class: executionClasses.FormTest<br>Parameters: Harry, Potter, abc@, Female, 98563214756, Physics, TRUE, TRUE, , , bhimavaram, Haryana, Panipat, yes</td>
<td></td>
<td>6</td>
<td>executionClasses.FormTest@5fdcaa40</td></tr>
<tr>
<td title='executionClasses.FormTest.test()'><b>test</b><br>Test class: executionClasses.FormTest<br>Parameters: , Potter, abc@gmail.com, Male, 7852369841, Accounting, , , , , bhimavaram,andhra pradesh,West Godavari,India, NCR, Delhi, yes</td>
<td></td>
<td>6</td>
<td>executionClasses.FormTest@5fdcaa40</td></tr>
<tr>
<td title='executionClasses.FormTest.test()'><b>test</b><br>Test class: executionClasses.FormTest<br>Parameters: Harry, Potter, abc@, Male, 98563214756, Accounting, TRUE, TRUE, TRUE, , bhimavaram,andhra pradesh,West Godavari,India, Haryana, Panipat, yes</td>
<td></td>
<td>7</td>
<td>executionClasses.FormTest@5fdcaa40</td></tr>
<tr>
<td title='executionClasses.FormTest.test()'><b>test</b><br>Test class: executionClasses.FormTest<br>Parameters: Harry, Potter, abc@, Male, 98563214756, Accounting, , TRUE, TRUE, , bhimavaram,andhra pradesh,West Godavari,India, Haryana, Panipat, yes</td>
<td></td>
<td>6</td>
<td>executionClasses.FormTest@5fdcaa40</td></tr>
<tr>
<td title='executionClasses.FormTest.test()'><b>test</b><br>Test class: executionClasses.FormTest<br>Parameters: Harry, Potter, abc@, Male, 98563214756, Accounting, TRUE, TRUE, TRUE, , bhimavaram, Haryana, Panipat, yes</td>
<td></td>
<td>6</td>
<td>executionClasses.FormTest@5fdcaa40</td></tr>
<tr>
<td title='executionClasses.FormTest.test()'><b>test</b><br>Test class: executionClasses.FormTest<br>Parameters: Harry, Potter, abc@, Female, 98563214756, Accounting, TRUE, , TRUE, ./File//image2.png, bhimavaram, Haryana, Panipat, yes</td>
<td></td>
<td>6</td>
<td>executionClasses.FormTest@5fdcaa40</td></tr>
<tr>
<td title='executionClasses.FormTest.test()'><b>test</b><br>Test class: executionClasses.FormTest<br>Parameters: Harry, Potter, abc@, , 7896541236, Accounting, , TRUE, TRUE, ./File//image2.png, bhimavaram, Haryana, Panipat, yes</td>
<td></td>
<td>6</td>
<td>executionClasses.FormTest@5fdcaa40</td></tr>
<tr>
<td title='executionClasses.FormTest.test()'><b>test</b><br>Test class: executionClasses.FormTest<br>Parameters: Harry, Potter, Qualizeal@gmail.com, Male, 9876545687, Hindi, TRUE, TRUE, TRUE, , Hyderabad, Haryana, Karnal, yes</td>
<td></td>
<td>6</td>
<td>executionClasses.FormTest@5fdcaa40</td></tr>
<tr>
<td title='executionClasses.FormTest.test()'><b>test</b><br>Test class: executionClasses.FormTest<br>Parameters: Harry, , abc@gmail.com, Female, 9874563214, , , , , , bhimavaram,andhra pradesh, NCR, Delhi, yes</td>
<td></td>
<td>6</td>
<td>executionClasses.FormTest@5fdcaa40</td></tr>
<tr>
<td title='executionClasses.FormTest.test()'><b>test</b><br>Test class: executionClasses.FormTest<br>Parameters: Harry, Potter, abc@, Female, 98563214756, Physics, TRUE, TRUE, , , bhimavaram,andhra pradesh,West Godavari,India, Haryana, Panipat, yes</td>
<td></td>
<td>6</td>
<td>executionClasses.FormTest@5fdcaa40</td></tr>
<tr>
<td title='executionClasses.FormTest.test()'><b>test</b><br>Test class: executionClasses.FormTest<br>Parameters: , , , Female, 7896541236, Maths, , , , ./File//image2.png, bhimavaram,andhra pradesh, NCR, Noida, yes</td>
<td></td>
<td>6</td>
<td>executionClasses.FormTest@5fdcaa40</td></tr>
<tr>
<td title='executionClasses.FormTest.test()'><b>test</b><br>Test class: executionClasses.FormTest<br>Parameters: , Potter, abc@gmail.com, Male, 7852369841, Accounting, , , , ./File//image2.png, bhimavaram,andhra pradesh, NCR, Delhi, yes</td>
<td></td>
<td>6</td>
<td>executionClasses.FormTest@5fdcaa40</td></tr>
<tr>
<td title='executionClasses.FormTest.test()'><b>test</b><br>Test class: executionClasses.FormTest<br>Parameters: Harry, Potter, abc@gmail.com, , 7896541236, Commerce, TRUE, TRUE, TRUE, ./File//image2.png, , Haryana, Panipat, yes</td>
<td></td>
<td>7</td>
<td>executionClasses.FormTest@5fdcaa40</td></tr>
<tr>
<td title='executionClasses.FormTest.test()'><b>test</b><br>Test class: executionClasses.FormTest<br>Parameters: Harry, Potter, abc@gmail.com, Female, 98563214756, Physics, TRUE, TRUE, TRUE, , bhimavaram, Haryana, Panipat, yes</td>
<td></td>
<td>6</td>
<td>executionClasses.FormTest@5fdcaa40</td></tr>
<tr>
<td title='executionClasses.FormTest.test()'><b>test</b><br>Test class: executionClasses.FormTest<br>Parameters: Harry, Potter, abc@gmail.com, , 7896541236, Accounting, , TRUE, TRUE, ./File//image2.png, bhimavaram, Haryana, Panipat, yes</td>
<td></td>
<td>6</td>
<td>executionClasses.FormTest@5fdcaa40</td></tr>
<tr>
<td title='executionClasses.FormTest.test()'><b>test</b><br>Test class: executionClasses.FormTest<br>Parameters: , Potter, Qualizeal@gmail.com, , 9874563218, Telugu, TRUE, TRUE, TRUE, ./File//image2.png, bhimavaram, Haryana, Karnal, yes</td>
<td></td>
<td>6</td>
<td>executionClasses.FormTest@5fdcaa40</td></tr>
<tr>
<td title='executionClasses.FormTest.test()'><b>test</b><br>Test class: executionClasses.FormTest<br>Parameters: Harry, , , Female, 9874563214, , , , , , bhimavaram,andhra pradesh,West Godavari,India, NCR, Delhi, yes</td>
<td></td>
<td>6</td>
<td>executionClasses.FormTest@5fdcaa40</td></tr>
<tr>
<td title='executionClasses.FormTest.test()'><b>test</b><br>Test class: executionClasses.FormTest<br>Parameters: Harry, Potter, abc@gmail.com, Male, 98563214756, Accounting, TRUE, TRUE, TRUE, , bhimavaram, Haryana, , yes</td>
<td></td>
<td>6</td>
<td>executionClasses.FormTest@5fdcaa40</td></tr>
<tr>
<td title='executionClasses.FormTest.test()'><b>test</b><br>Test class: executionClasses.FormTest<br>Parameters: , , , Female, 7896541236, Maths, , , , , bhimavaram,andhra pradesh,West Godavari,India, NCR, Noida, yes</td>
<td></td>
<td>6</td>
<td>executionClasses.FormTest@5fdcaa40</td></tr>
<tr>
<td title='executionClasses.FormTest.test()'><b>test</b><br>Test class: executionClasses.FormTest<br>Parameters: , Potter, abc@, Male, 7896541236, Computer Science, TRUE, , TRUE, ./File//image2.png, bhimavaram, Haryana, Panipat, yes</td>
<td></td>
<td>6</td>
<td>executionClasses.FormTest@5fdcaa40</td></tr>
<tr>
<td title='executionClasses.FormTest.test()'><b>test</b><br>Test class: executionClasses.FormTest<br>Parameters: , Potter, , Male, 7852369841, Accounting, , , , ./File//image2.png, bhimavaram,andhra pradesh, NCR, Delhi, yes</td>
<td></td>
<td>6</td>
<td>executionClasses.FormTest@5fdcaa40</td></tr>
<tr>
<td title='executionClasses.FormTest.test()'><b>test</b><br>Test class: executionClasses.FormTest<br>Parameters: Harry, Potter, abc@, , 7896541236, Accounting, TRUE, TRUE, TRUE, ./File//image2.png, bhimavaram, , Panipat, yes</td>
<td></td>
<td>5</td>
<td>executionClasses.FormTest@5fdcaa40</td></tr>
<tr>
<td title='executionClasses.FormTest.test()'><b>test</b><br>Test class: executionClasses.FormTest<br>Parameters: Harry, Potter, , Male, 98563214756, Accounting, , , , , bhimavaram, Haryana, , yes</td>
<td></td>
<td>5</td>
<td>executionClasses.FormTest@5fdcaa40</td></tr>
<tr>
<td title='executionClasses.FormTest.test()'><b>test</b><br>Test class: executionClasses.FormTest<br>Parameters: Harry, , abc@, Male, 7896541236, Accounting, TRUE, TRUE, TRUE, ./File//image2.png, bhimavaram, Haryana, Panipat, yes</td>
<td></td>
<td>6</td>
<td>executionClasses.FormTest@5fdcaa40</td></tr>
<tr>
<td title='executionClasses.FormTest.test()'><b>test</b><br>Test class: executionClasses.FormTest<br>Parameters: , , abc@gmail.com, Female, 7896541236, Maths, , , , , bhimavaram,andhra pradesh, NCR, Noida, yes</td>
<td></td>
<td>6</td>
<td>executionClasses.FormTest@5fdcaa40</td></tr>
<tr>
<td title='executionClasses.FormTest.test()'><b>test</b><br>Test class: executionClasses.FormTest<br>Parameters: Harry, , abc@, Male, 98563214756, Accounting, TRUE, TRUE, TRUE, ./File//image2.png, bhimavaram, Haryana, Panipat, yes</td>
<td></td>
<td>6</td>
<td>executionClasses.FormTest@5fdcaa40</td></tr>
<tr>
<td title='executionClasses.FormTest.test()'><b>test</b><br>Test class: executionClasses.FormTest<br>Parameters: Harry, Potter, , Male, 98563214756, Accounting, , , , , bhimavaram,andhra pradesh,West Godavari,India, Haryana, , yes</td>
<td></td>
<td>7</td>
<td>executionClasses.FormTest@5fdcaa40</td></tr>
<tr>
<td title='executionClasses.FormTest.test()'><b>test</b><br>Test class: executionClasses.FormTest<br>Parameters: Harry, Potter, abc@, , 7896541236, Accounting, TRUE, TRUE, TRUE, ./File//image2.png, bhimavaram, Haryana, , yes</td>
<td></td>
<td>6</td>
<td>executionClasses.FormTest@5fdcaa40</td></tr>
<tr>
<td title='executionClasses.FormTest.test()'><b>test</b><br>Test class: executionClasses.FormTest<br>Parameters: Harry, Potter, abc@, Female, 98563214756, Physics, TRUE, TRUE, TRUE, ./File//image2.png, , Haryana, Panipat, yes</td>
<td></td>
<td>7</td>
<td>executionClasses.FormTest@5fdcaa40</td></tr>
<tr>
<td title='executionClasses.FormTest.test()'><b>test</b><br>Test class: executionClasses.FormTest<br>Parameters: Harry, Potter, abc@gmail.com, Female, 98563214756, Physics, TRUE, TRUE, TRUE, ./File//image2.png, , Haryana, Panipat, yes</td>
<td></td>
<td>7</td>
<td>executionClasses.FormTest@5fdcaa40</td></tr>
<tr>
<td title='executionClasses.FormTest.test()'><b>test</b><br>Test class: executionClasses.FormTest<br>Parameters: Harry, , , Female, 9874563214, , , , , , bhimavaram,andhra pradesh, NCR, Delhi, yes</td>
<td></td>
<td>6</td>
<td>executionClasses.FormTest@5fdcaa40</td></tr>
<tr>
<td title='executionClasses.FormTest.test()'><b>test</b><br>Test class: executionClasses.FormTest<br>Parameters: Harry, Potter, abc@, , 7896541236, Accounting, TRUE, TRUE, TRUE, ./File//image2.png, , Haryana, Panipat, yes</td>
<td></td>
<td>6</td>
<td>executionClasses.FormTest@5fdcaa40</td></tr>
<tr>
<td title='executionClasses.FormTest.test()'><b>test</b><br>Test class: executionClasses.FormTest<br>Parameters: Harry, Potter, abc@, , 7896541236, , TRUE, TRUE, TRUE, ./File//image2.png, bhimavaram, Haryana, Panipat, yes</td>
<td></td>
<td>6</td>
<td>executionClasses.FormTest@5fdcaa40</td></tr>
<tr>
<td title='executionClasses.FormTest.test()'><b>test</b><br>Test class: executionClasses.FormTest<br>Parameters: Harry, Potter, Qualizeal@gmail.com, Male, 9876545687, Hindi, , TRUE, TRUE, ./File//image2.png, Hyderabad, Haryana, Karnal, yes</td>
<td></td>
<td>6</td>
<td>executionClasses.FormTest@5fdcaa40</td></tr>
<tr>
<td title='executionClasses.FormTest.test()'><b>test</b><br>Test class: executionClasses.FormTest<br>Parameters: Harry, Potter, abc@, Male, 7896541236, Accounting, TRUE, TRUE, TRUE, ./File//image2.png, , Haryana, Panipat, yes</td>
<td></td>
<td>7</td>
<td>executionClasses.FormTest@5fdcaa40</td></tr>
<tr>
<td title='executionClasses.FormTest.test()'><b>test</b><br>Test class: executionClasses.FormTest<br>Parameters: Harry, Potter, abc@, Female, 98563214756, Accounting, TRUE, , TRUE, , bhimavaram,andhra pradesh,West Godavari,India, Haryana, Panipat, yes</td>
<td></td>
<td>6</td>
<td>executionClasses.FormTest@5fdcaa40</td></tr>
<tr>
<td title='executionClasses.FormTest.test()'><b>test</b><br>Test class: executionClasses.FormTest<br>Parameters: Harry, Potter, , Male, 98563214756, Accounting, , , , ./File//image2.png, bhimavaram, Haryana, , yes</td>
<td></td>
<td>5</td>
<td>executionClasses.FormTest@5fdcaa40</td></tr>
<tr>
<td title='executionClasses.FormTest.test()'><b>test</b><br>Test class: executionClasses.FormTest<br>Parameters: Harry, Potter, abc@, Female, 7896541236, , TRUE, TRUE, TRUE, ./File//image2.png, bhimavaram, Haryana, Panipat, yes</td>
<td></td>
<td>6</td>
<td>executionClasses.FormTest@5fdcaa40</td></tr>
<tr>
<td title='executionClasses.FormTest.test()'><b>test</b><br>Test class: executionClasses.FormTest<br>Parameters: Harry, Potter, abc@, Male, 98563214756, Accounting, , TRUE, TRUE, , bhimavaram, Haryana, Panipat, yes</td>
<td></td>
<td>6</td>
<td>executionClasses.FormTest@5fdcaa40</td></tr>
<tr>
<td title='executionClasses.FormTest.test()'><b>test</b><br>Test class: executionClasses.FormTest<br>Parameters: Harry, Potter, abc@, Male, 98563214756, Accounting, , TRUE, , , bhimavaram, Haryana, Panipat, yes</td>
<td></td>
<td>6</td>
<td>executionClasses.FormTest@5fdcaa40</td></tr>
<tr>
<td title='executionClasses.FormTest.test()'><b>test</b><br>Test class: executionClasses.FormTest<br>Parameters: Harry, Potter, abc@gmail.com, , 7896541236, Accounting, TRUE, TRUE, TRUE, ./File//image2.png, bhimavaram, , Panipat, yes</td>
<td></td>
<td>6</td>
<td>executionClasses.FormTest@5fdcaa40</td></tr>
<tr>
<td title='executionClasses.FormTest.test()'><b>test</b><br>Test class: executionClasses.FormTest<br>Parameters: Harry, , abc@, Male, 98563214756, Accounting, TRUE, TRUE, , , bhimavaram,andhra pradesh,West Godavari,India, Haryana, Panipat, yes</td>
<td></td>
<td>6</td>
<td>executionClasses.FormTest@5fdcaa40</td></tr>
<tr>
<td title='executionClasses.FormTest.test()'><b>test</b><br>Test class: executionClasses.FormTest<br>Parameters: Harry, , abc@gmail.com, Female, 9874563214, , , , , , bhimavaram,andhra pradesh,West Godavari,India, NCR, Delhi, yes</td>
<td></td>
<td>6</td>
<td>executionClasses.FormTest@5fdcaa40</td></tr>
<tr>
<td title='executionClasses.FormTest.test()'><b>test</b><br>Test class: executionClasses.FormTest<br>Parameters: Harry, , , Female, 9874563214, , , , , , bhimavaram,andhra pradesh, NCR, Delhi, yes</td>
<td></td>
<td>6</td>
<td>executionClasses.FormTest@5fdcaa40</td></tr>
<tr>
<td title='executionClasses.FormTest.test()'><b>test</b><br>Test class: executionClasses.FormTest<br>Parameters: , , abc@gmail.com, Female, 7896541236, Maths, , , , , bhimavaram,andhra pradesh,West Godavari,India, NCR, Noida, yes</td>
<td></td>
<td>6</td>
<td>executionClasses.FormTest@5fdcaa40</td></tr>
<tr>
<td title='executionClasses.FormTest.test()'><b>test</b><br>Test class: executionClasses.FormTest<br>Parameters: Harry, Potter, abc@, Male, 98563214756, , TRUE, , TRUE, , bhimavaram,andhra pradesh,West Godavari,India, Uttar Pradesh, Lucknow, yes</td>
<td></td>
<td>6</td>
<td>executionClasses.FormTest@5fdcaa40</td></tr>
<tr>
<td title='executionClasses.FormTest.test()'><b>test</b><br>Test class: executionClasses.FormTest<br>Parameters: , Potter, abc@gmail.com, Female, 98563214756, Physics, TRUE, TRUE, , ./File//image2.png, bhimavaram, Haryana, Panipat, yes</td>
<td></td>
<td>6</td>
<td>executionClasses.FormTest@5fdcaa40</td></tr>
<tr>
<td title='executionClasses.FormTest.test()'><b>test</b><br>Test class: executionClasses.FormTest<br>Parameters: Harry, Potter, abc@gmail.com, Male, 98563214756, Accounting, TRUE, TRUE, TRUE, ./File//image2.png, bhimavaram, Haryana, , yes</td>
<td></td>
<td>6</td>
<td>executionClasses.FormTest@5fdcaa40</td></tr>
<tr>
<td title='executionClasses.FormTest.test()'><b>test</b><br>Test class: executionClasses.FormTest<br>Parameters: Harry, Potter, abc@gmail.com, Male, 98563214756, Accounting, TRUE, TRUE, TRUE, , bhimavaram,andhra pradesh,West Godavari,India, Haryana, , yes</td>
<td></td>
<td>7</td>
<td>executionClasses.FormTest@5fdcaa40</td></tr>
<tr>
<td title='executionClasses.FormTest.test()'><b>test</b><br>Test class: executionClasses.FormTest<br>Parameters: , , , Female, 7896541236, Maths, , , , , bhimavaram,andhra pradesh,West Godavari,India, Uttar Pradesh, Lucknow, yes</td>
<td></td>
<td>6</td>
<td>executionClasses.FormTest@5fdcaa40</td></tr>
</table><p>
</body>
</html>